[2026-04-23T16:32:28.149Z] [INFO] 
======================================================================
[2026-04-23T16:32:28.150Z] [INFO] 🍝 FunHive MacaroniKid Runner - Group 2
[2026-04-23T16:32:28.255Z] [INFO] 📅 4/23/2026, 12:32:28 PM EST
[2026-04-23T16:32:28.255Z] [INFO] ======================================================================

[2026-04-23T16:32:28.256Z] [INFO] 📋 Running 14 state(s) - ~131 total sites
[2026-04-23T16:32:28.256Z] [INFO] ======================================================================

[2026-04-23T16:32:28.258Z] [INFO] 🚀 Starting FL (31 sites)...
[2026-04-23T20:53:49.602Z] [INFO] ✅ FL completed in 261.4m - Found: 0, New: 831, Duplicates: 0
[2026-04-23T20:53:53.729Z] [INFO] 🚀 Starting NY (24 sites)...
[2026-04-24T00:17:51.149Z] [INFO] ✅ NY completed in 204.0m - Found: 0, New: 1104, Duplicates: 0
[2026-04-24T00:17:55.375Z] [INFO] 🚀 Starting GA (17 sites)...
[2026-04-24T02:07:03.951Z] [INFO] ✅ GA completed in 109.1m - Found: 0, New: 593, Duplicates: 0
[2026-04-24T02:07:08.073Z] [INFO] 🚀 Starting MI (12 sites)...
[2026-04-24T02:36:06.325Z] [INFO] ✅ MI completed in 29.0m - Found: 0, New: 38, Duplicates: 0
[2026-04-24T02:36:10.469Z] [INFO] 🚀 Starting CT (8 sites)...
[2026-04-24T03:03:42.030Z] [INFO] ✅ CT completed in 27.5m - Found: 0, New: 19, Duplicates: 0
[2026-04-24T03:03:46.172Z] [INFO] 🔄 Completed 5 states, running memory cleanup...
[2026-04-24T03:03:51.176Z] [INFO] 🚀 Starting MD (8 sites)...
[2026-04-24T04:17:12.507Z] [INFO] ✅ MD completed in 73.4m - Found: 0, New: 311, Duplicates: 0
[2026-04-24T04:17:16.630Z] [INFO] 🚀 Starting AZ (7 sites)...
[2026-04-24T04:48:39.032Z] [INFO] ✅ AZ completed in 31.4m - Found: 0, New: 161, Duplicates: 0
[2026-04-24T04:48:43.148Z] [INFO] 🚀 Starting OR (6 sites)...
[2026-04-24T05:04:35.952Z] [INFO] ✅ OR completed in 15.9m - Found: 0, New: 22, Duplicates: 0
[2026-04-24T05:04:40.096Z] [INFO] 🚀 Starting LA (5 sites)...
[2026-04-24T05:49:08.385Z] [INFO] ✅ LA completed in 44.5m - Found: 0, New: 140, Duplicates: 0
[2026-04-24T05:49:12.532Z] [INFO] 🚀 Starting KS (4 sites)...
[2026-04-24T05:59:05.006Z] [INFO] ✅ KS completed in 9.9m - Found: 0, New: 60, Duplicates: 0
[2026-04-24T05:59:09.114Z] [INFO] 🔄 Completed 10 states, running memory cleanup...
[2026-04-24T05:59:14.116Z] [INFO] 🚀 Starting AR (3 sites)...
[2026-04-24T06:08:58.463Z] [INFO] ✅ AR completed in 9.7m - Found: 0, New: 24, Duplicates: 0
[2026-04-24T06:09:02.574Z] [INFO] 🚀 Starting NH (3 sites)...
[2026-04-24T06:56:27.183Z] [INFO] ✅ NH completed in 47.4m - Found: 0, New: 356, Duplicates: 0
[2026-04-24T06:56:31.293Z] [INFO] 🚀 Starting NM (2 sites)...
[2026-04-24T06:57:10.134Z] [INFO] ✅ NM completed in 0.6m - Found: 0, New: 0, Duplicates: 0
[2026-04-24T06:57:14.257Z] [INFO] 🚀 Starting ME (1 sites)...
[2026-04-24T06:58:36.973Z] [INFO] ✅ ME completed in 1.4m - Found: 0, New: 0, Duplicates: 0
[2026-04-24T06:58:37.097Z] [INFO] 
======================================================================
[2026-04-24T06:58:37.098Z] [INFO] 📊 SUMMARY - Group 2
[2026-04-24T06:58:37.098Z] [INFO] ======================================================================
[2026-04-24T06:58:37.099Z] [INFO] ✅ Success: 14
[2026-04-24T06:58:37.099Z] [INFO] ❌ Failed: 0
[2026-04-24T06:58:37.099Z] [INFO] ⏱️  Total time: 866.1 minutes
[2026-04-24T06:58:37.099Z] [INFO] 
======================================================================

