[2026-04-19T16:58:18.210Z] [INFO] 
======================================================================
[2026-04-19T16:58:18.211Z] [INFO] 🍝 FunHive MacaroniKid Runner - Group 1
[2026-04-19T16:58:18.248Z] [INFO] 📅 4/19/2026, 12:58:18 PM EST
[2026-04-19T16:58:18.248Z] [INFO] ======================================================================

[2026-04-19T16:58:18.248Z] [INFO] 📋 Running 15 state(s) - ~139 total sites
[2026-04-19T16:58:18.248Z] [INFO] ======================================================================

[2026-04-19T16:58:18.248Z] [INFO] 🚀 Starting CA (45 sites)...
[2026-04-19T19:19:35.405Z] [INFO] ✅ CA completed in 141.3m - Found: 0, New: 265, Duplicates: 0
[2026-04-19T19:19:39.534Z] [INFO] 🚀 Starting PA (34 sites)...
[2026-04-19T22:12:34.126Z] [INFO] ✅ PA completed in 172.9m - Found: 0, New: 439, Duplicates: 0
[2026-04-19T22:12:38.255Z] [INFO] 🚀 Starting NC (14 sites)...
[2026-04-19T23:13:38.635Z] [INFO] ✅ NC completed in 61.0m - Found: 0, New: 296, Duplicates: 0
[2026-04-19T23:13:42.769Z] [INFO] 🚀 Starting MA (10 sites)...
[2026-04-20T00:54:20.441Z] [INFO] ✅ MA completed in 100.6m - Found: 0, New: 544, Duplicates: 0
[2026-04-20T00:54:24.626Z] [INFO] 🚀 Starting TN (8 sites)...
[2026-04-20T01:06:45.131Z] [INFO] ✅ TN completed in 12.3m - Found: 0, New: 18, Duplicates: 0
[2026-04-20T01:06:49.283Z] [INFO] 🔄 Completed 5 states, running memory cleanup...
[2026-04-20T01:06:54.286Z] [INFO] 🚀 Starting AL (7 sites)...
[2026-04-20T01:17:24.937Z] [INFO] ✅ AL completed in 10.5m - Found: 0, New: 2, Duplicates: 0
[2026-04-20T01:17:29.108Z] [INFO] 🚀 Starting MN (5 sites)...
[2026-04-20T02:04:45.466Z] [INFO] ✅ MN completed in 47.3m - Found: 0, New: 90, Duplicates: 0
[2026-04-20T02:04:49.616Z] [INFO] 🚀 Starting KY (4 sites)...
[2026-04-20T02:51:55.831Z] [INFO] ✅ KY completed in 47.1m - Found: 0, New: 64, Duplicates: 0
[2026-04-20T02:51:59.973Z] [INFO] 🚀 Starting IA (3 sites)...
[2026-04-20T03:05:28.331Z] [INFO] ✅ IA completed in 13.5m - Found: 0, New: 7, Duplicates: 0
[2026-04-20T03:05:32.447Z] [INFO] 🚀 Starting HI (2 sites)...
[2026-04-20T03:06:55.284Z] [INFO] ✅ HI completed in 1.4m - Found: 0, New: 0, Duplicates: 0
[2026-04-20T03:06:59.398Z] [INFO] 🔄 Completed 10 states, running memory cleanup...
[2026-04-20T03:07:04.402Z] [INFO] 🚀 Starting NE (2 sites)...
[2026-04-20T03:21:53.273Z] [INFO] ✅ NE completed in 14.8m - Found: 0, New: 15, Duplicates: 0
[2026-04-20T03:21:57.468Z] [INFO] 🚀 Starting RI (2 sites)...
[2026-04-20T03:38:43.452Z] [INFO] ✅ RI completed in 16.8m - Found: 0, New: 68, Duplicates: 0
[2026-04-20T03:38:47.607Z] [INFO] 🚀 Starting DC (1 sites)...
[2026-04-20T03:39:34.829Z] [INFO] ✅ DC completed in 0.8m - Found: 0, New: 0, Duplicates: 0
[2026-04-20T03:39:38.975Z] [INFO] 🚀 Starting WV (1 sites)...
[2026-04-20T03:40:18.860Z] [INFO] ✅ WV completed in 0.7m - Found: 0, New: 0, Duplicates: 0
[2026-04-20T03:40:23.005Z] [INFO] 🚀 Starting SD (1 sites)...
[2026-04-20T03:41:35.383Z] [INFO] ✅ SD completed in 1.2m - Found: 0, New: 0, Duplicates: 0
[2026-04-20T03:41:35.517Z] [INFO] 🔄 Completed 15 states, running memory cleanup...
[2026-04-20T03:41:40.519Z] [INFO] 
======================================================================
[2026-04-20T03:41:40.520Z] [INFO] 📊 SUMMARY - Group 1
[2026-04-20T03:41:40.521Z] [INFO] ======================================================================
[2026-04-20T03:41:40.521Z] [INFO] ✅ Success: 15
[2026-04-20T03:41:40.521Z] [INFO] ❌ Failed: 0
[2026-04-20T03:41:40.521Z] [INFO] ⏱️  Total time: 643.4 minutes
[2026-04-20T03:41:40.521Z] [INFO] 
======================================================================

