[2026-04-16T13:14:21.295Z] [INFO] 
======================================================================
[2026-04-16T13:14:21.295Z] [INFO] 🍝 FunHive MacaroniKid Runner - Group 1
[2026-04-16T13:14:21.332Z] [INFO] 📅 4/16/2026, 9:14:21 AM EST
[2026-04-16T13:14:21.332Z] [INFO] ======================================================================

[2026-04-16T13:14:21.333Z] [INFO] 📋 Running 15 state(s) - ~139 total sites
[2026-04-16T13:14:21.333Z] [INFO] ======================================================================

[2026-04-16T13:14:21.333Z] [INFO] 🚀 Starting CA (45 sites)...
[2026-04-16T16:44:32.349Z] [INFO] ✅ CA completed in 210.2m - Found: 0, New: 153, Duplicates: 0
[2026-04-16T16:44:36.537Z] [INFO] 🚀 Starting PA (34 sites)...
[2026-04-16T19:38:15.917Z] [INFO] ✅ PA completed in 173.7m - Found: 0, New: 869, Duplicates: 0
[2026-04-16T19:38:20.071Z] [INFO] 🚀 Starting NC (14 sites)...
[2026-04-16T21:19:31.704Z] [INFO] ✅ NC completed in 101.2m - Found: 0, New: 912, Duplicates: 0
[2026-04-16T21:19:35.842Z] [INFO] 🚀 Starting MA (10 sites)...
[2026-04-16T21:20:20.391Z] [INFO] ✅ MA completed in 0.7m - Found: 0, New: 0, Duplicates: 0
[2026-04-16T21:20:24.582Z] [INFO] 🚀 Starting TN (8 sites)...
[2026-04-16T21:20:30.230Z] [INFO] ✅ TN completed in 0.1m - Found: 0, New: 0, Duplicates: 0
[2026-04-16T21:20:34.357Z] [INFO] 🔄 Completed 5 states, running memory cleanup...
[2026-04-16T21:20:39.361Z] [INFO] 🚀 Starting AL (7 sites)...
[2026-04-16T21:20:58.346Z] [INFO] ✅ AL completed in 0.3m - Found: 0, New: 0, Duplicates: 0
[2026-04-16T21:21:02.486Z] [INFO] 🚀 Starting MN (5 sites)...
[2026-04-16T21:37:08.792Z] [INFO] ✅ MN completed in 16.1m - Found: 0, New: 25, Duplicates: 0
[2026-04-16T21:37:12.915Z] [INFO] 🚀 Starting KY (4 sites)...
[2026-04-16T22:13:38.396Z] [INFO] ✅ KY completed in 36.4m - Found: 0, New: 130, Duplicates: 0
[2026-04-16T22:13:42.731Z] [INFO] 🚀 Starting IA (3 sites)...
[2026-04-16T22:27:38.440Z] [INFO] ✅ IA completed in 13.9m - Found: 0, New: 10, Duplicates: 0
[2026-04-16T22:27:42.569Z] [INFO] 🚀 Starting HI (2 sites)...
[2026-04-16T22:29:09.176Z] [INFO] ✅ HI completed in 1.4m - Found: 0, New: 0, Duplicates: 0
[2026-04-16T22:29:13.286Z] [INFO] 🔄 Completed 10 states, running memory cleanup...
[2026-04-16T22:29:18.289Z] [INFO] 🚀 Starting NE (2 sites)...
[2026-04-16T22:44:24.113Z] [INFO] ✅ NE completed in 15.1m - Found: 0, New: 41, Duplicates: 0
[2026-04-16T22:44:28.235Z] [INFO] 🚀 Starting RI (2 sites)...
[2026-04-16T23:28:41.257Z] [INFO] ✅ RI completed in 44.2m - Found: 0, New: 122, Duplicates: 0
[2026-04-16T23:28:45.381Z] [INFO] 🚀 Starting DC (1 sites)...
[2026-04-16T23:30:08.516Z] [INFO] ✅ DC completed in 1.4m - Found: 0, New: 0, Duplicates: 0
[2026-04-16T23:30:12.677Z] [INFO] 🚀 Starting WV (1 sites)...
[2026-04-16T23:31:36.971Z] [INFO] ✅ WV completed in 1.4m - Found: 0, New: 0, Duplicates: 0
[2026-04-16T23:31:41.129Z] [INFO] 🚀 Starting SD (1 sites)...
[2026-04-16T23:33:35.498Z] [INFO] ✅ SD completed in 1.9m - Found: 0, New: 0, Duplicates: 0
[2026-04-16T23:33:35.615Z] [INFO] 🔄 Completed 15 states, running memory cleanup...
[2026-04-16T23:33:40.616Z] [INFO] 
======================================================================
[2026-04-16T23:33:40.618Z] [INFO] 📊 SUMMARY - Group 1
[2026-04-16T23:33:40.618Z] [INFO] ======================================================================
[2026-04-16T23:33:40.618Z] [INFO] ✅ Success: 15
[2026-04-16T23:33:40.618Z] [INFO] ❌ Failed: 0
[2026-04-16T23:33:40.619Z] [INFO] ⏱️  Total time: 619.3 minutes
[2026-04-16T23:33:40.619Z] [INFO] 
======================================================================

