[2026-04-22T14:47:50.728Z] [INFO] 
======================================================================
[2026-04-22T14:47:50.729Z] [INFO] 🍝 FunHive MacaroniKid Runner - Group 1
[2026-04-22T14:47:50.770Z] [INFO] 📅 4/22/2026, 10:47:50 AM EST
[2026-04-22T14:47:50.770Z] [INFO] ======================================================================

[2026-04-22T14:47:50.771Z] [INFO] 📋 Running 15 state(s) - ~139 total sites
[2026-04-22T14:47:50.771Z] [INFO] ======================================================================

[2026-04-22T14:47:50.771Z] [INFO] 🚀 Starting CA (45 sites)...
[2026-04-22T17:09:56.979Z] [INFO] ✅ CA completed in 142.1m - Found: 0, New: 248, Duplicates: 0
[2026-04-22T17:10:01.088Z] [INFO] 🚀 Starting PA (34 sites)...
[2026-04-22T21:40:11.074Z] [INFO] ✅ PA completed in 270.2m - Found: 0, New: 1973, Duplicates: 0
[2026-04-22T21:40:15.203Z] [INFO] 🚀 Starting NC (14 sites)...
[2026-04-22T22:56:10.746Z] [INFO] ✅ NC completed in 75.9m - Found: 0, New: 244, Duplicates: 0
[2026-04-22T22:56:14.883Z] [INFO] 🚀 Starting MA (10 sites)...
[2026-04-23T02:35:58.338Z] [INFO] ✅ MA completed in 219.7m - Found: 0, New: 2093, Duplicates: 0
[2026-04-23T02:36:02.457Z] [INFO] 🚀 Starting TN (8 sites)...
[2026-04-23T02:45:57.704Z] [INFO] ✅ TN completed in 9.9m - Found: 0, New: 14, Duplicates: 0
[2026-04-23T02:46:01.836Z] [INFO] 🔄 Completed 5 states, running memory cleanup...
[2026-04-23T02:46:06.840Z] [INFO] 🚀 Starting AL (7 sites)...
[2026-04-23T03:02:41.902Z] [INFO] ✅ AL completed in 16.6m - Found: 0, New: 102, Duplicates: 0
[2026-04-23T03:02:46.033Z] [INFO] 🚀 Starting MN (5 sites)...
[2026-04-23T03:43:08.120Z] [INFO] ✅ MN completed in 40.4m - Found: 0, New: 59, Duplicates: 0
[2026-04-23T03:43:12.251Z] [INFO] 🚀 Starting KY (4 sites)...
[2026-04-23T04:20:01.168Z] [INFO] ✅ KY completed in 36.8m - Found: 0, New: 76, Duplicates: 0
[2026-04-23T04:20:05.314Z] [INFO] 🚀 Starting IA (3 sites)...
[2026-04-23T04:24:50.820Z] [INFO] ✅ IA completed in 4.8m - Found: 0, New: 18, Duplicates: 0
[2026-04-23T04:24:54.949Z] [INFO] 🚀 Starting HI (2 sites)...
[2026-04-23T04:26:17.376Z] [INFO] ✅ HI completed in 1.4m - Found: 0, New: 0, Duplicates: 0
[2026-04-23T04:26:21.482Z] [INFO] 🔄 Completed 10 states, running memory cleanup...
[2026-04-23T04:26:26.485Z] [INFO] 🚀 Starting NE (2 sites)...
[2026-04-23T04:39:57.673Z] [INFO] ✅ NE completed in 13.5m - Found: 0, New: 37, Duplicates: 0
[2026-04-23T04:40:01.830Z] [INFO] 🚀 Starting RI (2 sites)...
[2026-04-23T05:08:35.686Z] [INFO] ✅ RI completed in 28.6m - Found: 0, New: 88, Duplicates: 0
[2026-04-23T05:08:39.802Z] [INFO] 🚀 Starting DC (1 sites)...
[2026-04-23T05:09:31.246Z] [INFO] ✅ DC completed in 0.9m - Found: 0, New: 0, Duplicates: 0
[2026-04-23T05:09:35.351Z] [INFO] 🚀 Starting WV (1 sites)...
[2026-04-23T05:10:26.685Z] [INFO] ✅ WV completed in 0.9m - Found: 0, New: 0, Duplicates: 0
[2026-04-23T05:10:30.799Z] [INFO] 🚀 Starting SD (1 sites)...
[2026-04-23T05:11:37.004Z] [INFO] ✅ SD completed in 1.1m - Found: 0, New: 0, Duplicates: 0
[2026-04-23T05:11:37.106Z] [INFO] 🔄 Completed 15 states, running memory cleanup...
[2026-04-23T05:11:42.109Z] [INFO] 
======================================================================
[2026-04-23T05:11:42.112Z] [INFO] 📊 SUMMARY - Group 1
[2026-04-23T05:11:42.112Z] [INFO] ======================================================================
[2026-04-23T05:11:42.112Z] [INFO] ✅ Success: 15
[2026-04-23T05:11:42.112Z] [INFO] ❌ Failed: 0
[2026-04-23T05:11:42.113Z] [INFO] ⏱️  Total time: 863.9 minutes
[2026-04-23T05:11:42.113Z] [INFO] 
======================================================================

