[2026-04-24T11:39:38.336Z] [INFO] 
======================================================================
[2026-04-24T11:39:38.336Z] [INFO] 🍝 FunHive MacaroniKid Runner - Group 3
[2026-04-24T11:39:38.379Z] [INFO] 📅 4/24/2026, 7:39:38 AM EST
[2026-04-24T11:39:38.379Z] [INFO] ======================================================================

[2026-04-24T11:39:38.379Z] [INFO] 📋 Running 14 state(s) - ~149 total sites
[2026-04-24T11:39:38.380Z] [INFO] ======================================================================

[2026-04-24T11:39:38.380Z] [INFO] 🚀 Starting TX (31 sites)...
[2026-04-24T12:43:52.948Z] [INFO] ✅ TX completed in 64.2m - Found: 0, New: 75, Duplicates: 0
[2026-04-24T12:43:57.061Z] [INFO] 🚀 Starting IL (19 sites)...
[2026-04-24T13:36:10.289Z] [INFO] ✅ IL completed in 52.2m - Found: 0, New: 107, Duplicates: 0
[2026-04-24T13:36:14.465Z] [INFO] 🚀 Starting NJ (17 sites)...
[2026-04-24T14:46:55.474Z] [INFO] ✅ NJ completed in 70.7m - Found: 0, New: 66, Duplicates: 0
[2026-04-24T14:46:59.624Z] [INFO] 🚀 Starting OH (15 sites)...
[2026-04-24T16:13:02.905Z] [INFO] ✅ OH completed in 86.1m - Found: 0, New: 819, Duplicates: 0
[2026-04-24T16:13:07.028Z] [INFO] 🚀 Starting VA (12 sites)...
[2026-04-24T17:55:22.718Z] [INFO] ✅ VA completed in 102.3m - Found: 0, New: 188, Duplicates: 0
[2026-04-24T17:55:26.845Z] [INFO] 🔄 Completed 5 states, running memory cleanup...
[2026-04-24T17:55:31.848Z] [INFO] 🚀 Starting CO (11 sites)...
[2026-04-24T19:23:26.436Z] [INFO] ✅ CO completed in 87.9m - Found: 0, New: 386, Duplicates: 0
[2026-04-24T19:23:30.578Z] [INFO] 🚀 Starting WA (9 sites)...
[2026-04-24T20:41:11.834Z] [INFO] ✅ WA completed in 77.7m - Found: 0, New: 185, Duplicates: 0
[2026-04-24T20:41:15.970Z] [INFO] 🚀 Starting IN (8 sites)...
[2026-04-24T21:04:57.020Z] [INFO] ✅ IN completed in 23.7m - Found: 0, New: 52, Duplicates: 0
[2026-04-24T21:05:01.147Z] [INFO] 🚀 Starting SC (8 sites)...
[2026-04-24T21:39:32.309Z] [INFO] ✅ SC completed in 34.5m - Found: 0, New: 34, Duplicates: 0
[2026-04-24T21:39:36.421Z] [INFO] 🚀 Starting MO (6 sites)...
[2026-04-24T22:02:05.228Z] [INFO] ✅ MO completed in 22.5m - Found: 0, New: 84, Duplicates: 0
[2026-04-24T22:02:09.388Z] [INFO] 🔄 Completed 10 states, running memory cleanup...
[2026-04-24T22:02:14.391Z] [INFO] 🚀 Starting WI (6 sites)...
[2026-04-24T22:39:09.147Z] [INFO] ✅ WI completed in 36.9m - Found: 0, New: 327, Duplicates: 0
[2026-04-24T22:39:13.341Z] [INFO] 🚀 Starting ID (3 sites)...
[2026-04-24T22:55:16.824Z] [INFO] ✅ ID completed in 16.1m - Found: 0, New: 136, Duplicates: 0
[2026-04-24T22:55:20.947Z] [INFO] 🚀 Starting DE (2 sites)...
[2026-04-24T23:04:37.991Z] [INFO] ✅ DE completed in 9.3m - Found: 0, New: 16, Duplicates: 0
[2026-04-24T23:04:42.098Z] [INFO] 🚀 Starting AK (2 sites)...
[2026-04-24T23:06:24.732Z] [INFO] ✅ AK completed in 1.7m - Found: 0, New: 0, Duplicates: 0
[2026-04-24T23:06:24.856Z] [INFO] 
======================================================================
[2026-04-24T23:06:24.857Z] [INFO] 📊 SUMMARY - Group 3
[2026-04-24T23:06:24.857Z] [INFO] ======================================================================
[2026-04-24T23:06:24.858Z] [INFO] ✅ Success: 14
[2026-04-24T23:06:24.858Z] [INFO] ❌ Failed: 0
[2026-04-24T23:06:24.858Z] [INFO] ⏱️  Total time: 686.8 minutes
[2026-04-24T23:06:24.859Z] [INFO] 
======================================================================

