[2026-04-18T11:50:45.673Z] [INFO] 
======================================================================
[2026-04-18T11:50:45.674Z] [INFO] 🍝 FunHive MacaroniKid Runner - Group 3
[2026-04-18T11:50:45.711Z] [INFO] 📅 4/18/2026, 7:50:45 AM EST
[2026-04-18T11:50:45.711Z] [INFO] ======================================================================

[2026-04-18T11:50:45.711Z] [INFO] 📋 Running 14 state(s) - ~149 total sites
[2026-04-18T11:50:45.711Z] [INFO] ======================================================================

[2026-04-18T11:50:45.711Z] [INFO] 🚀 Starting TX (31 sites)...
[2026-04-18T12:30:50.429Z] [INFO] ✅ TX completed in 40.1m - Found: 0, New: 128, Duplicates: 0
[2026-04-18T12:30:54.541Z] [INFO] 🚀 Starting IL (19 sites)...
[2026-04-18T13:24:15.259Z] [INFO] ✅ IL completed in 53.3m - Found: 0, New: 326, Duplicates: 0
[2026-04-18T13:24:19.404Z] [INFO] 🚀 Starting NJ (17 sites)...
[2026-04-18T14:24:14.517Z] [INFO] ✅ NJ completed in 59.9m - Found: 0, New: 184, Duplicates: 0
[2026-04-18T14:24:18.639Z] [INFO] 🚀 Starting OH (15 sites)...
[2026-04-18T15:15:19.820Z] [INFO] ✅ OH completed in 51.0m - Found: 0, New: 121, Duplicates: 0
[2026-04-18T15:15:23.939Z] [INFO] 🚀 Starting VA (12 sites)...
[2026-04-18T16:34:28.973Z] [INFO] ✅ VA completed in 79.1m - Found: 0, New: 122, Duplicates: 0
[2026-04-18T16:34:33.118Z] [INFO] 🔄 Completed 5 states, running memory cleanup...
[2026-04-18T16:34:38.122Z] [INFO] 🚀 Starting CO (11 sites)...
[2026-04-18T18:10:24.908Z] [INFO] ✅ CO completed in 95.8m - Found: 0, New: 554, Duplicates: 0
[2026-04-18T18:10:29.027Z] [INFO] 🚀 Starting WA (9 sites)...
[2026-04-18T19:29:24.393Z] [INFO] ✅ WA completed in 78.9m - Found: 0, New: 317, Duplicates: 0
[2026-04-18T19:29:28.509Z] [INFO] 🚀 Starting IN (8 sites)...
[2026-04-18T19:58:43.460Z] [INFO] ✅ IN completed in 29.3m - Found: 0, New: 77, Duplicates: 0
[2026-04-18T19:58:47.600Z] [INFO] 🚀 Starting SC (8 sites)...
[2026-04-18T20:41:55.754Z] [INFO] ✅ SC completed in 43.1m - Found: 0, New: 315, Duplicates: 0
[2026-04-18T20:41:59.918Z] [INFO] 🚀 Starting MO (6 sites)...
[2026-04-18T21:04:27.540Z] [INFO] ✅ MO completed in 22.5m - Found: 0, New: 92, Duplicates: 0
[2026-04-18T21:04:31.683Z] [INFO] 🔄 Completed 10 states, running memory cleanup...
[2026-04-18T21:04:36.685Z] [INFO] 🚀 Starting WI (6 sites)...
[2026-04-18T21:18:48.973Z] [INFO] ✅ WI completed in 14.2m - Found: 0, New: 24, Duplicates: 0
[2026-04-18T21:18:53.105Z] [INFO] 🚀 Starting ID (3 sites)...
[2026-04-18T21:30:43.700Z] [INFO] ✅ ID completed in 11.8m - Found: 0, New: 104, Duplicates: 0
[2026-04-18T21:30:47.820Z] [INFO] 🚀 Starting DE (2 sites)...
[2026-04-18T21:42:24.567Z] [INFO] ✅ DE completed in 11.6m - Found: 0, New: 31, Duplicates: 0
[2026-04-18T21:42:28.699Z] [INFO] 🚀 Starting AK (2 sites)...
[2026-04-18T21:43:46.791Z] [INFO] ✅ AK completed in 1.3m - Found: 0, New: 0, Duplicates: 0
[2026-04-18T21:43:46.915Z] [INFO] 
======================================================================
[2026-04-18T21:43:46.916Z] [INFO] 📊 SUMMARY - Group 3
[2026-04-18T21:43:46.917Z] [INFO] ======================================================================
[2026-04-18T21:43:46.917Z] [INFO] ✅ Success: 14
[2026-04-18T21:43:46.917Z] [INFO] ❌ Failed: 0
[2026-04-18T21:43:46.918Z] [INFO] ⏱️  Total time: 593.0 minutes
[2026-04-18T21:43:46.918Z] [INFO] 
======================================================================

