[2026-04-21T13:07:00.200Z] [INFO] 
======================================================================
[2026-04-21T13:07:00.200Z] [INFO] 🍝 FunHive MacaroniKid Runner - Group 3
[2026-04-21T13:07:00.237Z] [INFO] 📅 4/21/2026, 9:07:00 AM EST
[2026-04-21T13:07:00.237Z] [INFO] ======================================================================

[2026-04-21T13:07:00.237Z] [INFO] 📋 Running 14 state(s) - ~149 total sites
[2026-04-21T13:07:00.237Z] [INFO] ======================================================================

[2026-04-21T13:07:00.237Z] [INFO] 🚀 Starting TX (31 sites)...
[2026-04-21T13:18:44.126Z] [INFO] 
======================================================================
[2026-04-21T13:18:44.127Z] [INFO] 🍝 FunHive MacaroniKid Runner - Group 3
[2026-04-21T13:18:44.167Z] [INFO] 📅 4/21/2026, 9:18:44 AM EST
[2026-04-21T13:18:44.167Z] [INFO] ======================================================================

[2026-04-21T13:18:44.167Z] [INFO] 📋 Running 14 state(s) - ~149 total sites
[2026-04-21T13:18:44.167Z] [INFO] ======================================================================

[2026-04-21T13:18:44.168Z] [INFO] 🚀 Starting TX (31 sites)...
[2026-04-21T14:47:18.418Z] [INFO] ✅ TX completed in 88.6m - Found: 0, New: 160, Duplicates: 0
[2026-04-21T14:47:22.565Z] [INFO] 🚀 Starting IL (19 sites)...
[2026-04-21T15:37:55.241Z] [INFO] ✅ IL completed in 50.5m - Found: 0, New: 170, Duplicates: 0
[2026-04-21T15:37:59.432Z] [INFO] 🚀 Starting NJ (17 sites)...
[2026-04-21T16:45:05.333Z] [INFO] ✅ NJ completed in 67.1m - Found: 0, New: 151, Duplicates: 0
[2026-04-21T17:01:15.462Z] [INFO] 🚀 Starting OH (15 sites)...
[2026-04-21T17:46:38.592Z] [INFO] ✅ OH completed in 45.4m - Found: 0, New: 97, Duplicates: 0
[2026-04-21T17:46:42.715Z] [INFO] 🚀 Starting VA (12 sites)...
[2026-04-21T19:51:44.220Z] [INFO] ✅ VA completed in 125.0m - Found: 0, New: 593, Duplicates: 0
[2026-04-21T19:51:48.369Z] [INFO] 🔄 Completed 5 states, running memory cleanup...
[2026-04-21T19:51:53.373Z] [INFO] 🚀 Starting CO (11 sites)...
[2026-04-21T21:04:01.702Z] [INFO] ✅ CO completed in 72.1m - Found: 0, New: 323, Duplicates: 0
[2026-04-21T21:04:05.827Z] [INFO] 🚀 Starting WA (9 sites)...
[2026-04-21T22:15:37.416Z] [INFO] ✅ WA completed in 71.5m - Found: 0, New: 225, Duplicates: 0
[2026-04-21T22:15:41.533Z] [INFO] 🚀 Starting IN (8 sites)...
[2026-04-21T22:38:03.568Z] [INFO] ✅ IN completed in 22.4m - Found: 0, New: 94, Duplicates: 0
[2026-04-21T22:38:07.706Z] [INFO] 🚀 Starting SC (8 sites)...
[2026-04-21T23:14:45.181Z] [INFO] ✅ SC completed in 36.6m - Found: 0, New: 76, Duplicates: 0
[2026-04-21T23:14:49.315Z] [INFO] 🚀 Starting MO (6 sites)...
[2026-04-21T23:33:35.459Z] [INFO] ✅ MO completed in 18.8m - Found: 0, New: 68, Duplicates: 0
[2026-04-21T23:33:39.593Z] [INFO] 🔄 Completed 10 states, running memory cleanup...
[2026-04-21T23:33:44.597Z] [INFO] 🚀 Starting WI (6 sites)...
[2026-04-21T23:44:23.246Z] [INFO] ✅ WI completed in 10.6m - Found: 0, New: 31, Duplicates: 0
[2026-04-21T23:44:27.379Z] [INFO] 🚀 Starting ID (3 sites)...
[2026-04-22T00:01:25.116Z] [INFO] ✅ ID completed in 17.0m - Found: 0, New: 173, Duplicates: 0
[2026-04-22T00:01:29.280Z] [INFO] 🚀 Starting DE (2 sites)...
[2026-04-22T00:09:39.557Z] [INFO] ✅ DE completed in 8.2m - Found: 0, New: 17, Duplicates: 0
[2026-04-22T00:09:43.677Z] [INFO] 🚀 Starting AK (2 sites)...
[2026-04-22T00:11:21.436Z] [INFO] ✅ AK completed in 1.6m - Found: 0, New: 0, Duplicates: 0
[2026-04-22T00:11:21.624Z] [INFO] 
======================================================================
[2026-04-22T00:11:21.625Z] [INFO] 📊 SUMMARY - Group 3
[2026-04-22T00:11:21.626Z] [INFO] ======================================================================
[2026-04-22T00:11:21.626Z] [INFO] ✅ Success: 14
[2026-04-22T00:11:21.626Z] [INFO] ❌ Failed: 0
[2026-04-22T00:11:21.626Z] [INFO] ⏱️  Total time: 652.6 minutes
[2026-04-22T00:11:21.627Z] [INFO] 
======================================================================

