[2026-04-17T16:24:59.267Z] [INFO] 
======================================================================
[2026-04-17T16:24:59.267Z] [INFO] 🍝 FunHive MacaroniKid Runner - Group 2
[2026-04-17T16:24:59.304Z] [INFO] 📅 4/17/2026, 12:24:59 PM EST
[2026-04-17T16:24:59.304Z] [INFO] ======================================================================

[2026-04-17T16:24:59.305Z] [INFO] 📋 Running 14 state(s) - ~131 total sites
[2026-04-17T16:24:59.305Z] [INFO] ======================================================================

[2026-04-17T16:24:59.305Z] [INFO] 🚀 Starting FL (31 sites)...
[2026-04-17T18:12:10.312Z] [INFO] ✅ FL completed in 107.2m - Found: 0, New: 139, Duplicates: 0
[2026-04-17T18:12:14.535Z] [INFO] 🚀 Starting NY (24 sites)...
[2026-04-17T19:17:57.694Z] [INFO] ✅ NY completed in 65.7m - Found: 0, New: 132, Duplicates: 0
[2026-04-17T19:18:01.821Z] [INFO] 🚀 Starting GA (17 sites)...
[2026-04-17T20:18:41.499Z] [INFO] ✅ GA completed in 60.7m - Found: 0, New: 225, Duplicates: 0
[2026-04-17T20:18:45.636Z] [INFO] 🚀 Starting MI (12 sites)...
[2026-04-17T20:28:55.001Z] [INFO] ✅ MI completed in 10.2m - Found: 0, New: 33, Duplicates: 0
[2026-04-17T20:28:59.126Z] [INFO] 🚀 Starting CT (8 sites)...
[2026-04-17T21:00:13.335Z] [INFO] ✅ CT completed in 31.2m - Found: 0, New: 164, Duplicates: 0
[2026-04-17T21:00:17.468Z] [INFO] 🔄 Completed 5 states, running memory cleanup...
[2026-04-17T21:00:22.473Z] [INFO] 🚀 Starting MD (8 sites)...
[2026-04-17T22:13:32.482Z] [INFO] ✅ MD completed in 73.2m - Found: 0, New: 488, Duplicates: 0
[2026-04-17T22:13:36.596Z] [INFO] 🚀 Starting AZ (7 sites)...
[2026-04-17T22:52:03.538Z] [INFO] ✅ AZ completed in 38.4m - Found: 0, New: 257, Duplicates: 0
[2026-04-17T22:52:07.719Z] [INFO] 🚀 Starting OR (6 sites)...
[2026-04-17T23:13:01.488Z] [INFO] ✅ OR completed in 20.9m - Found: 0, New: 29, Duplicates: 0
[2026-04-17T23:13:05.615Z] [INFO] 🚀 Starting LA (5 sites)...
[2026-04-17T23:57:04.577Z] [INFO] ✅ LA completed in 44.0m - Found: 0, New: 111, Duplicates: 0
[2026-04-17T23:57:08.738Z] [INFO] 🚀 Starting KS (4 sites)...
[2026-04-18T00:04:12.445Z] [INFO] ✅ KS completed in 7.1m - Found: 0, New: 27, Duplicates: 0
[2026-04-18T00:04:16.581Z] [INFO] 🔄 Completed 10 states, running memory cleanup...
[2026-04-18T00:04:21.586Z] [INFO] 🚀 Starting AR (3 sites)...
[2026-04-18T00:15:29.450Z] [INFO] ✅ AR completed in 11.1m - Found: 0, New: 55, Duplicates: 0
[2026-04-18T00:15:33.599Z] [INFO] 🚀 Starting NH (3 sites)...
[2026-04-18T00:39:20.644Z] [INFO] ✅ NH completed in 23.8m - Found: 0, New: 101, Duplicates: 0
[2026-04-18T00:39:24.818Z] [INFO] 🚀 Starting NM (2 sites)...
[2026-04-18T00:40:01.515Z] [INFO] ✅ NM completed in 0.6m - Found: 0, New: 0, Duplicates: 0
[2026-04-18T00:40:05.681Z] [INFO] 🚀 Starting ME (1 sites)...
[2026-04-18T00:41:10.944Z] [INFO] ✅ ME completed in 1.1m - Found: 0, New: 0, Duplicates: 0
[2026-04-18T00:41:11.150Z] [INFO] 
======================================================================
[2026-04-18T00:41:11.151Z] [INFO] 📊 SUMMARY - Group 2
[2026-04-18T00:41:11.151Z] [INFO] ======================================================================
[2026-04-18T00:41:11.151Z] [INFO] ✅ Success: 14
[2026-04-18T00:41:11.152Z] [INFO] ❌ Failed: 0
[2026-04-18T00:41:11.152Z] [INFO] ⏱️  Total time: 496.2 minutes
[2026-04-18T00:41:11.152Z] [INFO] 
======================================================================

