[2026-04-27T10:52:14.374Z] [INFO] 
======================================================================
[2026-04-27T10:52:14.374Z] [INFO] 🍝 FunHive MacaroniKid Runner - Group 3
[2026-04-27T10:52:14.417Z] [INFO] 📅 4/27/2026, 6:52:14 AM EST
[2026-04-27T10:52:14.417Z] [INFO] ======================================================================

[2026-04-27T10:52:14.417Z] [INFO] 📋 Running 14 state(s) - ~149 total sites
[2026-04-27T10:52:14.417Z] [INFO] ======================================================================

[2026-04-27T10:52:14.418Z] [INFO] 🚀 Starting TX (31 sites)...
[2026-04-27T11:52:31.971Z] [INFO] ✅ TX completed in 60.3m - Found: 0, New: 51, Duplicates: 0
[2026-04-27T11:52:36.109Z] [INFO] 🚀 Starting IL (19 sites)...
[2026-04-27T12:38:18.724Z] [INFO] ✅ IL completed in 45.7m - Found: 0, New: 55, Duplicates: 0
[2026-04-27T12:38:22.867Z] [INFO] 🚀 Starting NJ (17 sites)...
[2026-04-27T13:37:08.206Z] [INFO] ✅ NJ completed in 58.8m - Found: 0, New: 37, Duplicates: 0
[2026-04-27T13:37:12.341Z] [INFO] 🚀 Starting OH (15 sites)...
[2026-04-27T14:52:09.970Z] [INFO] ✅ OH completed in 75.0m - Found: 0, New: 159, Duplicates: 0
[2026-04-27T14:52:14.089Z] [INFO] 🚀 Starting VA (12 sites)...
[2026-04-27T16:21:23.865Z] [INFO] ✅ VA completed in 89.2m - Found: 0, New: 119, Duplicates: 0
[2026-04-27T16:21:28.001Z] [INFO] 🔄 Completed 5 states, running memory cleanup...
[2026-04-27T16:21:33.004Z] [INFO] 🚀 Starting CO (11 sites)...
[2026-04-27T17:42:33.839Z] [INFO] ✅ CO completed in 81.0m - Found: 0, New: 333, Duplicates: 0
[2026-04-27T17:42:37.961Z] [INFO] 🚀 Starting WA (9 sites)...
[2026-04-27T18:56:59.978Z] [INFO] ✅ WA completed in 74.4m - Found: 0, New: 99, Duplicates: 0
[2026-04-27T18:57:04.136Z] [INFO] 🚀 Starting IN (8 sites)...
[2026-04-27T19:21:47.386Z] [INFO] ✅ IN completed in 24.7m - Found: 0, New: 67, Duplicates: 0
[2026-04-27T19:21:51.502Z] [INFO] 🚀 Starting SC (8 sites)...
[2026-04-27T19:58:35.511Z] [INFO] ✅ SC completed in 36.7m - Found: 0, New: 45, Duplicates: 0
[2026-04-27T19:58:39.652Z] [INFO] 🚀 Starting MO (6 sites)...
[2026-04-27T20:18:39.566Z] [INFO] ✅ MO completed in 20.0m - Found: 0, New: 40, Duplicates: 0
[2026-04-27T20:18:43.672Z] [INFO] 🔄 Completed 10 states, running memory cleanup...
[2026-04-27T20:18:48.674Z] [INFO] 🚀 Starting WI (6 sites)...
[2026-04-27T20:54:39.943Z] [INFO] ✅ WI completed in 35.9m - Found: 0, New: 75, Duplicates: 0
[2026-04-27T20:54:44.083Z] [INFO] 🚀 Starting ID (3 sites)...
[2026-04-27T21:10:14.249Z] [INFO] ✅ ID completed in 15.5m - Found: 0, New: 115, Duplicates: 0
[2026-04-27T21:10:18.396Z] [INFO] 🚀 Starting DE (2 sites)...
[2026-04-27T21:19:10.070Z] [INFO] ✅ DE completed in 8.9m - Found: 0, New: 17, Duplicates: 0
[2026-04-27T21:19:14.204Z] [INFO] 🚀 Starting AK (2 sites)...
[2026-04-27T21:20:53.241Z] [INFO] ✅ AK completed in 1.6m - Found: 0, New: 0, Duplicates: 0
[2026-04-27T21:20:53.404Z] [INFO] 
======================================================================
[2026-04-27T21:20:53.405Z] [INFO] 📊 SUMMARY - Group 3
[2026-04-27T21:20:53.405Z] [INFO] ======================================================================
[2026-04-27T21:20:53.405Z] [INFO] ✅ Success: 14
[2026-04-27T21:20:53.405Z] [INFO] ❌ Failed: 0
[2026-04-27T21:20:53.406Z] [INFO] ⏱️  Total time: 628.7 minutes
[2026-04-27T21:20:53.407Z] [INFO] 
======================================================================

