[2026-04-25T02:15:54.068Z] [INFO] 
======================================================================
[2026-04-25T02:15:54.068Z] [INFO] 🍝 FunHive MacaroniKid Runner - Group 1
[2026-04-25T02:15:54.080Z] [INFO] 📅 4/24/2026, 10:15:54 PM EST
[2026-04-25T02:15:54.080Z] [INFO] ======================================================================

[2026-04-25T02:15:54.081Z] [INFO] 📋 Running 15 state(s) - ~139 total sites
[2026-04-25T02:15:54.081Z] [INFO] ======================================================================

[2026-04-25T02:15:54.081Z] [INFO] 🚀 Starting CA (45 sites)...
[2026-04-25T04:21:27.469Z] [INFO] ✅ CA completed in 125.6m - Found: 0, New: 377, Duplicates: 0
[2026-04-25T04:21:31.591Z] [INFO] 🚀 Starting PA (34 sites)...
[2026-04-25T08:49:12.473Z] [INFO] ✅ PA completed in 267.7m - Found: 0, New: 960, Duplicates: 0
[2026-04-25T08:49:16.581Z] [INFO] 🚀 Starting NC (14 sites)...
[2026-04-25T10:14:05.263Z] [INFO] ✅ NC completed in 84.8m - Found: 0, New: 234, Duplicates: 0
[2026-04-25T10:14:09.410Z] [INFO] 🚀 Starting MA (10 sites)...
[2026-04-25T13:34:39.899Z] [INFO] ✅ MA completed in 200.5m - Found: 0, New: 388, Duplicates: 0
[2026-04-25T13:34:44.037Z] [INFO] 🚀 Starting TN (8 sites)...
[2026-04-25T13:45:39.090Z] [INFO] ✅ TN completed in 10.9m - Found: 0, New: 12, Duplicates: 0
[2026-04-25T13:45:43.204Z] [INFO] 🔄 Completed 5 states, running memory cleanup...
[2026-04-25T13:45:48.207Z] [INFO] 🚀 Starting AL (7 sites)...
[2026-04-25T14:01:22.450Z] [INFO] ✅ AL completed in 15.6m - Found: 0, New: 23, Duplicates: 0
[2026-04-25T14:01:26.572Z] [INFO] 🚀 Starting MN (5 sites)...
[2026-04-25T14:43:10.833Z] [INFO] ✅ MN completed in 41.7m - Found: 0, New: 100, Duplicates: 0
[2026-04-25T14:43:15.007Z] [INFO] 🚀 Starting KY (4 sites)...
[2026-04-25T15:26:19.820Z] [INFO] ✅ KY completed in 43.1m - Found: 0, New: 64, Duplicates: 0
[2026-04-25T15:26:23.950Z] [INFO] 🚀 Starting IA (3 sites)...
[2026-04-25T15:39:14.098Z] [INFO] ✅ IA completed in 12.8m - Found: 0, New: 30, Duplicates: 0
[2026-04-25T15:39:18.243Z] [INFO] 🚀 Starting HI (2 sites)...
[2026-04-25T15:41:00.932Z] [INFO] ✅ HI completed in 1.7m - Found: 0, New: 0, Duplicates: 0
[2026-04-25T15:41:05.155Z] [INFO] 🔄 Completed 10 states, running memory cleanup...
[2026-04-25T15:41:10.164Z] [INFO] 🚀 Starting NE (2 sites)...
[2026-04-25T15:54:09.970Z] [INFO] ✅ NE completed in 13.0m - Found: 0, New: 11, Duplicates: 0
[2026-04-25T15:54:14.108Z] [INFO] 🚀 Starting RI (2 sites)...
[2026-04-25T16:21:12.596Z] [INFO] ✅ RI completed in 27.0m - Found: 0, New: 52, Duplicates: 0
[2026-04-25T16:21:16.719Z] [INFO] 🚀 Starting DC (1 sites)...
[2026-04-25T16:22:03.665Z] [INFO] ✅ DC completed in 0.8m - Found: 0, New: 0, Duplicates: 0
[2026-04-25T16:22:07.791Z] [INFO] 🚀 Starting WV (1 sites)...
[2026-04-25T16:22:50.579Z] [INFO] ✅ WV completed in 0.7m - Found: 0, New: 0, Duplicates: 0
[2026-04-25T16:22:54.704Z] [INFO] 🚀 Starting SD (1 sites)...
[2026-04-25T16:24:01.214Z] [INFO] ✅ SD completed in 1.1m - Found: 0, New: 0, Duplicates: 0
[2026-04-25T16:24:01.341Z] [INFO] 🔄 Completed 15 states, running memory cleanup...
[2026-04-25T16:24:06.342Z] [INFO] 
======================================================================
[2026-04-25T16:24:06.343Z] [INFO] 📊 SUMMARY - Group 1
[2026-04-25T16:24:06.344Z] [INFO] ======================================================================
[2026-04-25T16:24:06.344Z] [INFO] ✅ Success: 15
[2026-04-25T16:24:06.344Z] [INFO] ❌ Failed: 0
[2026-04-25T16:24:06.344Z] [INFO] ⏱️  Total time: 848.2 minutes
[2026-04-25T16:24:06.344Z] [INFO] 
======================================================================

