[2026-04-20T17:17:31.051Z] [INFO] 
======================================================================
[2026-04-20T17:17:31.053Z] [INFO] 🍝 FunHive MacaroniKid Runner - Group 2
[2026-04-20T17:17:31.092Z] [INFO] 📅 4/20/2026, 1:17:31 PM EST
[2026-04-20T17:17:31.092Z] [INFO] ======================================================================

[2026-04-20T17:17:31.092Z] [INFO] 📋 Running 14 state(s) - ~131 total sites
[2026-04-20T17:17:31.093Z] [INFO] ======================================================================

[2026-04-20T17:17:31.093Z] [INFO] 🚀 Starting FL (31 sites)...
[2026-04-20T19:54:10.873Z] [INFO] ✅ FL completed in 156.7m - Found: 0, New: 403, Duplicates: 0
[2026-04-20T19:54:14.993Z] [INFO] 🚀 Starting NY (24 sites)...
[2026-04-20T21:06:00.666Z] [INFO] ✅ NY completed in 71.8m - Found: 0, New: 153, Duplicates: 0
[2026-04-20T21:06:04.781Z] [INFO] 🚀 Starting GA (17 sites)...
[2026-04-20T21:50:39.909Z] [INFO] ✅ GA completed in 44.6m - Found: 0, New: 213, Duplicates: 0
[2026-04-20T21:50:44.030Z] [INFO] 🚀 Starting MI (12 sites)...
[2026-04-20T22:21:58.328Z] [INFO] ✅ MI completed in 31.2m - Found: 0, New: 57, Duplicates: 0
[2026-04-20T22:22:02.456Z] [INFO] 🚀 Starting CT (8 sites)...
[2026-04-20T22:48:27.492Z] [INFO] ✅ CT completed in 26.4m - Found: 0, New: 33, Duplicates: 0
[2026-04-20T22:48:31.611Z] [INFO] 🔄 Completed 5 states, running memory cleanup...
[2026-04-20T22:48:36.615Z] [INFO] 🚀 Starting MD (8 sites)...
[2026-04-20T23:57:58.564Z] [INFO] ✅ MD completed in 69.4m - Found: 0, New: 165, Duplicates: 0
[2026-04-20T23:58:02.704Z] [INFO] 🚀 Starting AZ (7 sites)...
[2026-04-21T00:35:23.291Z] [INFO] ✅ AZ completed in 37.3m - Found: 0, New: 188, Duplicates: 0
[2026-04-21T00:35:27.439Z] [INFO] 🚀 Starting OR (6 sites)...
[2026-04-21T00:59:07.169Z] [INFO] ✅ OR completed in 23.7m - Found: 0, New: 75, Duplicates: 0
[2026-04-21T00:59:11.297Z] [INFO] 🚀 Starting LA (5 sites)...
[2026-04-21T01:40:56.002Z] [INFO] ✅ LA completed in 41.7m - Found: 0, New: 39, Duplicates: 0
[2026-04-21T01:41:00.159Z] [INFO] 🚀 Starting KS (4 sites)...
[2026-04-21T01:49:52.985Z] [INFO] ✅ KS completed in 8.9m - Found: 0, New: 46, Duplicates: 0
[2026-04-21T01:49:57.096Z] [INFO] 🔄 Completed 10 states, running memory cleanup...
[2026-04-21T01:50:02.100Z] [INFO] 🚀 Starting AR (3 sites)...
[2026-04-21T01:59:38.555Z] [INFO] ✅ AR completed in 9.6m - Found: 0, New: 34, Duplicates: 0
[2026-04-21T01:59:42.700Z] [INFO] 🚀 Starting NH (3 sites)...
[2026-04-21T02:23:17.636Z] [INFO] ✅ NH completed in 23.6m - Found: 0, New: 41, Duplicates: 0
[2026-04-21T02:23:21.814Z] [INFO] 🚀 Starting NM (2 sites)...
[2026-04-21T02:24:00.629Z] [INFO] ✅ NM completed in 0.6m - Found: 0, New: 0, Duplicates: 0
[2026-04-21T02:24:04.782Z] [INFO] 🚀 Starting ME (1 sites)...
[2026-04-21T02:24:55.593Z] [INFO] ✅ ME completed in 0.8m - Found: 0, New: 0, Duplicates: 0
[2026-04-21T02:24:55.738Z] [INFO] 
======================================================================
[2026-04-21T02:24:55.739Z] [INFO] 📊 SUMMARY - Group 2
[2026-04-21T02:24:55.739Z] [INFO] ======================================================================
[2026-04-21T02:24:55.739Z] [INFO] ✅ Success: 14
[2026-04-21T02:24:55.739Z] [INFO] ❌ Failed: 0
[2026-04-21T02:24:55.740Z] [INFO] ⏱️  Total time: 547.4 minutes
[2026-04-21T02:24:55.740Z] [INFO] 
======================================================================

