[2026-04-26T18:42:38.278Z] [INFO] 
======================================================================
[2026-04-26T18:42:38.279Z] [INFO] 🍝 FunHive MacaroniKid Runner - Group 2
[2026-04-26T18:42:38.326Z] [INFO] 📅 4/26/2026, 2:42:38 PM EST
[2026-04-26T18:42:38.327Z] [INFO] ======================================================================

[2026-04-26T18:42:38.327Z] [INFO] 📋 Running 14 state(s) - ~131 total sites
[2026-04-26T18:42:38.327Z] [INFO] ======================================================================

[2026-04-26T18:42:38.327Z] [INFO] 🚀 Starting FL (31 sites)...
[2026-04-26T22:05:16.202Z] [INFO] ✅ FL completed in 202.6m - Found: 0, New: 217, Duplicates: 0
[2026-04-26T22:05:20.316Z] [INFO] 🚀 Starting NY (24 sites)...
[2026-04-27T00:18:00.889Z] [INFO] ✅ NY completed in 132.7m - Found: 0, New: 272, Duplicates: 0
[2026-04-27T00:18:05.002Z] [INFO] 🚀 Starting GA (17 sites)...
[2026-04-27T01:49:07.125Z] [INFO] ✅ GA completed in 91.0m - Found: 0, New: 345, Duplicates: 0
[2026-04-27T01:49:11.264Z] [INFO] 🚀 Starting MI (12 sites)...
[2026-04-27T02:14:34.333Z] [INFO] ✅ MI completed in 25.4m - Found: 0, New: 36, Duplicates: 0
[2026-04-27T02:14:38.458Z] [INFO] 🚀 Starting CT (8 sites)...
[2026-04-27T02:39:23.207Z] [INFO] ✅ CT completed in 24.7m - Found: 0, New: 26, Duplicates: 0
[2026-04-27T02:39:27.338Z] [INFO] 🔄 Completed 5 states, running memory cleanup...
[2026-04-27T02:39:32.341Z] [INFO] 🚀 Starting MD (8 sites)...
[2026-04-27T03:48:07.012Z] [INFO] ✅ MD completed in 68.6m - Found: 0, New: 149, Duplicates: 0
[2026-04-27T03:48:11.124Z] [INFO] 🚀 Starting AZ (7 sites)...
[2026-04-27T04:17:12.124Z] [INFO] ✅ AZ completed in 29.0m - Found: 0, New: 116, Duplicates: 0
[2026-04-27T04:17:16.272Z] [INFO] 🚀 Starting OR (6 sites)...
[2026-04-27T04:31:50.150Z] [INFO] ✅ OR completed in 14.6m - Found: 0, New: 12, Duplicates: 0
[2026-04-27T04:31:54.294Z] [INFO] 🚀 Starting LA (5 sites)...
[2026-04-27T05:11:07.131Z] [INFO] ✅ LA completed in 39.2m - Found: 0, New: 27, Duplicates: 0
[2026-04-27T05:11:11.262Z] [INFO] 🚀 Starting KS (4 sites)...
[2026-04-27T05:18:45.125Z] [INFO] ✅ KS completed in 7.6m - Found: 0, New: 29, Duplicates: 0
[2026-04-27T05:18:49.250Z] [INFO] 🔄 Completed 10 states, running memory cleanup...
[2026-04-27T05:18:54.254Z] [INFO] 🚀 Starting AR (3 sites)...
[2026-04-27T05:27:34.154Z] [INFO] ✅ AR completed in 8.7m - Found: 0, New: 6, Duplicates: 0
[2026-04-27T05:27:38.261Z] [INFO] 🚀 Starting NH (3 sites)...
[2026-04-27T06:08:21.928Z] [INFO] ✅ NH completed in 40.7m - Found: 0, New: 39, Duplicates: 0
[2026-04-27T06:08:26.041Z] [INFO] 🚀 Starting NM (2 sites)...
[2026-04-27T06:09:06.307Z] [INFO] ✅ NM completed in 0.7m - Found: 0, New: 0, Duplicates: 0
[2026-04-27T06:09:10.439Z] [INFO] 🚀 Starting ME (1 sites)...
[2026-04-27T06:10:37.811Z] [INFO] ✅ ME completed in 1.5m - Found: 0, New: 0, Duplicates: 0
[2026-04-27T06:10:37.924Z] [INFO] 
======================================================================
[2026-04-27T06:10:37.924Z] [INFO] 📊 SUMMARY - Group 2
[2026-04-27T06:10:37.925Z] [INFO] ======================================================================
[2026-04-27T06:10:37.925Z] [INFO] ✅ Success: 14
[2026-04-27T06:10:37.925Z] [INFO] ❌ Failed: 0
[2026-04-27T06:10:37.925Z] [INFO] ⏱️  Total time: 688.0 minutes
[2026-04-27T06:10:37.925Z] [INFO] 
======================================================================

