[2026-04-07T14:40:54.272Z] [INFO] 
============================================================
[2026-04-07T14:40:54.272Z] [INFO] 🐝 FunHive Local Scraper Runner
[2026-04-07T14:40:54.329Z] [INFO] 📅 4/7/2026, 10:40:54 AM EST
[2026-04-07T14:40:54.329Z] [INFO] ============================================================

[2026-04-07T14:40:54.329Z] [INFO] 
============================================================
[2026-04-07T14:40:54.329Z] [INFO] 📋 Running Group 1 scrapers (36 total)
[2026-04-07T14:40:54.329Z] [INFO] ============================================================

[2026-04-07T14:40:54.330Z] [INFO] 🚀 Starting LibCal-CA...
[2026-04-07T14:40:54.539Z] [ERROR] ❌ LibCal-CA failed after 0.2s: Cannot find module './event-categorization-helper'
Require stack:
- /Users/jenniferkurtz/Desktop/funhive-web/scrapers/scraper-libcal-libraries-CA-CO-DE-FL-LA-MA-NY-SC-TN-TX-VA-WA.js
- /Users/jenniferkurtz/Desktop/funhive-web/scrapers/local-scraper-runner.js
[2026-04-07T14:40:56.905Z] [INFO] 🚀 Starting LibCal-DE...
[2026-04-07T14:40:56.907Z] [ERROR] ❌ LibCal-DE failed after 0.0s: Cannot find module './event-categorization-helper'
Require stack:
- /Users/jenniferkurtz/Desktop/funhive-web/scrapers/scraper-libcal-libraries-CA-CO-DE-FL-LA-MA-NY-SC-TN-TX-VA-WA.js
- /Users/jenniferkurtz/Desktop/funhive-web/scrapers/local-scraper-runner.js
[2026-04-07T14:40:59.053Z] [INFO] 🚀 Starting LibCal-IA...
[2026-04-07T14:40:59.055Z] [ERROR] ❌ LibCal-IA failed after 0.0s: Cannot find module './event-categorization-helper'
Require stack:
- /Users/jenniferkurtz/Desktop/funhive-web/scrapers/scraper-libcal-libraries-CA-CO-DE-FL-LA-MA-NY-SC-TN-TX-VA-WA.js
- /Users/jenniferkurtz/Desktop/funhive-web/scrapers/local-scraper-runner.js
[2026-04-07T14:41:01.192Z] [INFO] 🚀 Starting LibCal-NC...
[2026-04-07T14:41:01.194Z] [ERROR] ❌ LibCal-NC failed after 0.0s: Cannot find module './event-categorization-helper'
Require stack:
- /Users/jenniferkurtz/Desktop/funhive-web/scrapers/scraper-libcal-libraries-CA-CO-DE-FL-LA-MA-NY-SC-TN-TX-VA-WA.js
- /Users/jenniferkurtz/Desktop/funhive-web/scrapers/local-scraper-runner.js
[2026-04-07T14:44:04.880Z] [INFO] 
============================================================
[2026-04-07T14:44:04.881Z] [INFO] 🐝 FunHive Local Scraper Runner
[2026-04-07T14:44:04.937Z] [INFO] 📅 4/7/2026, 10:44:04 AM EST
[2026-04-07T14:44:04.937Z] [INFO] ============================================================

[2026-04-07T14:44:04.938Z] [INFO] 
============================================================
[2026-04-07T14:44:04.938Z] [INFO] 📋 Running Group 1 scrapers (36 total)
[2026-04-07T14:44:04.938Z] [INFO] ============================================================

[2026-04-07T14:44:04.938Z] [INFO] 🚀 Starting LibCal-CA...
[2026-04-07T14:44:05.196Z] [ERROR] ❌ LibCal-CA failed after 0.3s: Cannot find module '../utils/county-centroids'
Require stack:
- /Users/jenniferkurtz/Desktop/funhive-web/scrapers/helpers/geocoding-helper.js
- /Users/jenniferkurtz/Desktop/funhive-web/scrapers/geocoding-helper.js
- /Users/jenniferkurtz/Desktop/funhive-web/scrapers/scraper-libcal-libraries-CA-CO-DE-FL-LA-MA-NY-SC-TN-TX-VA-WA.js
- /Users/jenniferkurtz/Desktop/funhive-web/scrapers/local-scraper-runner.js
[2026-04-07T14:44:08.024Z] [INFO] 🚀 Starting LibCal-DE...
[2026-04-07T14:44:08.028Z] [ERROR] ❌ LibCal-DE failed after 0.0s: Cannot find module '../utils/county-centroids'
Require stack:
- /Users/jenniferkurtz/Desktop/funhive-web/scrapers/helpers/geocoding-helper.js
- /Users/jenniferkurtz/Desktop/funhive-web/scrapers/geocoding-helper.js
- /Users/jenniferkurtz/Desktop/funhive-web/scrapers/scraper-libcal-libraries-CA-CO-DE-FL-LA-MA-NY-SC-TN-TX-VA-WA.js
- /Users/jenniferkurtz/Desktop/funhive-web/scrapers/local-scraper-runner.js
[2026-04-07T14:44:10.182Z] [INFO] 🚀 Starting LibCal-IA...
[2026-04-07T14:44:10.186Z] [ERROR] ❌ LibCal-IA failed after 0.0s: Cannot find module '../utils/county-centroids'
Require stack:
- /Users/jenniferkurtz/Desktop/funhive-web/scrapers/helpers/geocoding-helper.js
- /Users/jenniferkurtz/Desktop/funhive-web/scrapers/geocoding-helper.js
- /Users/jenniferkurtz/Desktop/funhive-web/scrapers/scraper-libcal-libraries-CA-CO-DE-FL-LA-MA-NY-SC-TN-TX-VA-WA.js
- /Users/jenniferkurtz/Desktop/funhive-web/scrapers/local-scraper-runner.js
[2026-04-07T14:44:12.322Z] [INFO] 🚀 Starting LibCal-NC...
[2026-04-07T14:44:12.327Z] [ERROR] ❌ LibCal-NC failed after 0.0s: Cannot find module '../utils/county-centroids'
Require stack:
- /Users/jenniferkurtz/Desktop/funhive-web/scrapers/helpers/geocoding-helper.js
- /Users/jenniferkurtz/Desktop/funhive-web/scrapers/geocoding-helper.js
- /Users/jenniferkurtz/Desktop/funhive-web/scrapers/scraper-libcal-libraries-CA-CO-DE-FL-LA-MA-NY-SC-TN-TX-VA-WA.js
- /Users/jenniferkurtz/Desktop/funhive-web/scrapers/local-scraper-runner.js
[2026-04-07T15:00:43.153Z] [INFO] 
============================================================
[2026-04-07T15:00:43.154Z] [INFO] 🐝 FunHive Local Scraper Runner
[2026-04-07T15:00:43.213Z] [INFO] 📅 4/7/2026, 11:00:43 AM EST
[2026-04-07T15:00:43.213Z] [INFO] ============================================================

[2026-04-07T15:00:43.213Z] [INFO] 
============================================================
[2026-04-07T15:00:43.213Z] [INFO] 📋 Running Group 1 scrapers (36 total)
[2026-04-07T15:00:43.213Z] [INFO] ============================================================

[2026-04-07T15:00:43.214Z] [INFO] 🚀 Starting LibCal-CA...
[2026-04-07T15:00:43.504Z] [ERROR] ❌ LibCal-CA failed after 0.3s: Cannot find module 'firebase-admin'
Require stack:
- /Users/jenniferkurtz/Desktop/funhive-web/scrapers/scraper-logger.js
- /Users/jenniferkurtz/Desktop/funhive-web/scrapers/scraper-libcal-libraries-CA-CO-DE-FL-LA-MA-NY-SC-TN-TX-VA-WA.js
- /Users/jenniferkurtz/Desktop/funhive-web/scrapers/local-scraper-runner.js
[2026-04-07T15:00:46.382Z] [INFO] 🚀 Starting LibCal-DE...
[2026-04-07T15:00:46.386Z] [ERROR] ❌ LibCal-DE failed after 0.0s: Cannot find module 'firebase-admin'
Require stack:
- /Users/jenniferkurtz/Desktop/funhive-web/scrapers/scraper-logger.js
- /Users/jenniferkurtz/Desktop/funhive-web/scrapers/scraper-libcal-libraries-CA-CO-DE-FL-LA-MA-NY-SC-TN-TX-VA-WA.js
- /Users/jenniferkurtz/Desktop/funhive-web/scrapers/local-scraper-runner.js
[2026-04-07T15:00:48.544Z] [INFO] 🚀 Starting LibCal-IA...
[2026-04-07T15:00:48.549Z] [ERROR] ❌ LibCal-IA failed after 0.0s: Cannot find module 'firebase-admin'
Require stack:
- /Users/jenniferkurtz/Desktop/funhive-web/scrapers/scraper-logger.js
- /Users/jenniferkurtz/Desktop/funhive-web/scrapers/scraper-libcal-libraries-CA-CO-DE-FL-LA-MA-NY-SC-TN-TX-VA-WA.js
- /Users/jenniferkurtz/Desktop/funhive-web/scrapers/local-scraper-runner.js
[2026-04-07T15:00:50.691Z] [INFO] 🚀 Starting LibCal-NC...
[2026-04-07T15:00:50.697Z] [ERROR] ❌ LibCal-NC failed after 0.0s: Cannot find module 'firebase-admin'
Require stack:
- /Users/jenniferkurtz/Desktop/funhive-web/scrapers/scraper-logger.js
- /Users/jenniferkurtz/Desktop/funhive-web/scrapers/scraper-libcal-libraries-CA-CO-DE-FL-LA-MA-NY-SC-TN-TX-VA-WA.js
- /Users/jenniferkurtz/Desktop/funhive-web/scrapers/local-scraper-runner.js
[2026-04-07T15:00:52.841Z] [INFO] 🚀 Starting LibCal-NY2...
[2026-04-07T15:00:52.846Z] [ERROR] ❌ LibCal-NY2 failed after 0.0s: Cannot find module 'firebase-admin'
Require stack:
- /Users/jenniferkurtz/Desktop/funhive-web/scrapers/scraper-logger.js
- /Users/jenniferkurtz/Desktop/funhive-web/scrapers/scraper-libcal-libraries-CA-CO-DE-FL-LA-MA-NY-SC-TN-TX-VA-WA.js
- /Users/jenniferkurtz/Desktop/funhive-web/scrapers/local-scraper-runner.js
[2026-04-07T15:00:54.994Z] [INFO] 🔄 Completed 5 scrapers, memory cleanup...
[2026-04-07T15:00:59.998Z] [INFO] 🚀 Starting LibCal-RI...
[2026-04-07T15:01:00.002Z] [ERROR] ❌ LibCal-RI failed after 0.0s: Cannot find module 'firebase-admin'
Require stack:
- /Users/jenniferkurtz/Desktop/funhive-web/scrapers/scraper-logger.js
- /Users/jenniferkurtz/Desktop/funhive-web/scrapers/scraper-libcal-libraries-CA-CO-DE-FL-LA-MA-NY-SC-TN-TX-VA-WA.js
- /Users/jenniferkurtz/Desktop/funhive-web/scrapers/local-scraper-runner.js
[2026-04-07T15:01:02.434Z] [INFO] 🚀 Starting LibCal-TX...
[2026-04-07T15:01:02.439Z] [ERROR] ❌ LibCal-TX failed after 0.0s: Cannot find module 'firebase-admin'
Require stack:
- /Users/jenniferkurtz/Desktop/funhive-web/scrapers/scraper-logger.js
- /Users/jenniferkurtz/Desktop/funhive-web/scrapers/scraper-libcal-libraries-CA-CO-DE-FL-LA-MA-NY-SC-TN-TX-VA-WA.js
- /Users/jenniferkurtz/Desktop/funhive-web/scrapers/local-scraper-runner.js
[2026-04-07T15:01:04.583Z] [INFO] 🚀 Starting LibCal-WV...
[2026-04-07T15:01:04.586Z] [ERROR] ❌ LibCal-WV failed after 0.0s: Cannot find module 'firebase-admin'
Require stack:
- /Users/jenniferkurtz/Desktop/funhive-web/scrapers/scraper-logger.js
- /Users/jenniferkurtz/Desktop/funhive-web/scrapers/scraper-libcal-libraries-CA-CO-DE-FL-LA-MA-NY-SC-TN-TX-VA-WA.js
- /Users/jenniferkurtz/Desktop/funhive-web/scrapers/local-scraper-runner.js
[2026-04-07T15:01:06.727Z] [INFO] 🚀 Starting Communico-DC...
[2026-04-07T15:01:06.739Z] [ERROR] ❌ Communico-DC failed after 0.0s: Cannot find module 'firebase-admin'
Require stack:
- /Users/jenniferkurtz/Desktop/funhive-web/scrapers/scraper-logger.js
- /Users/jenniferkurtz/Desktop/funhive-web/scrapers/scraper-communico-libraries-CA-CO-DC-FL-GA-IL-MA-MD-TX-VA.js
- /Users/jenniferkurtz/Desktop/funhive-web/scrapers/local-scraper-runner.js
[2026-04-07T15:01:08.877Z] [INFO] 🚀 Starting Communico-IA...
[2026-04-07T15:01:08.882Z] [ERROR] ❌ Communico-IA failed after 0.0s: Cannot find module 'firebase-admin'
Require stack:
- /Users/jenniferkurtz/Desktop/funhive-web/scrapers/scraper-logger.js
- /Users/jenniferkurtz/Desktop/funhive-web/scrapers/scraper-communico-libraries-CA-CO-DC-FL-GA-IL-MA-MD-TX-VA.js
- /Users/jenniferkurtz/Desktop/funhive-web/scrapers/local-scraper-runner.js
[2026-04-07T15:01:11.025Z] [INFO] 🔄 Completed 10 scrapers, memory cleanup...
[2026-04-07T15:01:16.030Z] [INFO] 🚀 Starting Communico-MA...
[2026-04-07T15:01:16.033Z] [ERROR] ❌ Communico-MA failed after 0.0s: Cannot find module 'firebase-admin'
Require stack:
- /Users/jenniferkurtz/Desktop/funhive-web/scrapers/scraper-logger.js
- /Users/jenniferkurtz/Desktop/funhive-web/scrapers/scraper-communico-libraries-CA-CO-DC-FL-GA-IL-MA-MD-TX-VA.js
- /Users/jenniferkurtz/Desktop/funhive-web/scrapers/local-scraper-runner.js
[2026-04-07T15:01:18.437Z] [INFO] 🚀 Starting Communico-NV...
[2026-04-07T15:01:18.441Z] [ERROR] ❌ Communico-NV failed after 0.0s: Cannot find module 'firebase-admin'
Require stack:
- /Users/jenniferkurtz/Desktop/funhive-web/scrapers/scraper-logger.js
- /Users/jenniferkurtz/Desktop/funhive-web/scrapers/scraper-communico-libraries-CA-CO-DC-FL-GA-IL-MA-MD-TX-VA.js
- /Users/jenniferkurtz/Desktop/funhive-web/scrapers/local-scraper-runner.js
[2026-04-07T15:01:20.595Z] [INFO] 🚀 Starting Communico-OR...
[2026-04-07T15:01:20.600Z] [ERROR] ❌ Communico-OR failed after 0.0s: Cannot find module 'firebase-admin'
Require stack:
- /Users/jenniferkurtz/Desktop/funhive-web/scrapers/scraper-logger.js
- /Users/jenniferkurtz/Desktop/funhive-web/scrapers/scraper-communico-libraries-CA-CO-DC-FL-GA-IL-MA-MD-TX-VA.js
- /Users/jenniferkurtz/Desktop/funhive-web/scrapers/local-scraper-runner.js
[2026-04-07T15:01:22.761Z] [INFO] 🚀 Starting Communico-VA...
[2026-04-07T15:01:22.766Z] [ERROR] ❌ Communico-VA failed after 0.0s: Cannot find module 'firebase-admin'
Require stack:
- /Users/jenniferkurtz/Desktop/funhive-web/scrapers/scraper-logger.js
- /Users/jenniferkurtz/Desktop/funhive-web/scrapers/scraper-communico-libraries-CA-CO-DC-FL-GA-IL-MA-MD-TX-VA.js
- /Users/jenniferkurtz/Desktop/funhive-web/scrapers/local-scraper-runner.js
[2026-04-07T15:01:24.933Z] [INFO] 🚀 Starting BiblioCommons-CA2...
[2026-04-07T15:02:28.870Z] [INFO] 
============================================================
[2026-04-07T15:02:28.872Z] [INFO] 🐝 FunHive Local Scraper Runner
[2026-04-07T15:02:28.914Z] [INFO] 📅 4/7/2026, 11:02:28 AM EST
[2026-04-07T15:02:28.914Z] [INFO] ============================================================

[2026-04-07T15:02:28.914Z] [INFO] 
============================================================
[2026-04-07T15:02:28.914Z] [INFO] 📋 Running Group 1 scrapers (36 total)
[2026-04-07T15:02:28.914Z] [INFO] ============================================================

[2026-04-07T15:02:28.914Z] [INFO] 🚀 Starting LibCal-CA...
[2026-04-07T15:05:12.745Z] [INFO] 
============================================================
[2026-04-07T15:05:12.747Z] [INFO] 🐝 FunHive Local Scraper Runner
[2026-04-07T15:05:12.807Z] [INFO] 📅 4/7/2026, 11:05:12 AM EST
[2026-04-07T15:05:12.807Z] [INFO] ============================================================

[2026-04-07T15:05:12.808Z] [INFO] 
============================================================
[2026-04-07T15:05:12.808Z] [INFO] 📋 Running Group 1 scrapers (36 total)
[2026-04-07T15:05:12.808Z] [INFO] ============================================================

[2026-04-07T15:05:12.808Z] [INFO] 🚀 Starting LibCal-CA...
[2026-04-07T15:09:17.415Z] [INFO] 
============================================================
[2026-04-07T15:09:17.419Z] [INFO] 🐝 FunHive Local Scraper Runner
[2026-04-07T15:09:17.481Z] [INFO] 📅 4/7/2026, 11:09:17 AM EST
[2026-04-07T15:09:17.482Z] [INFO] ============================================================

[2026-04-07T15:09:17.482Z] [INFO] 
============================================================
[2026-04-07T15:09:17.482Z] [INFO] 📋 Running Group 1 scrapers (36 total)
[2026-04-07T15:09:17.482Z] [INFO] ============================================================

[2026-04-07T15:09:17.483Z] [INFO] 🚀 Starting LibCal-CA...
[2026-04-07T15:11:12.010Z] [INFO] 
============================================================
[2026-04-07T15:11:12.013Z] [INFO] 🐝 FunHive Local Scraper Runner
[2026-04-07T15:11:12.067Z] [INFO] 📅 4/7/2026, 11:11:12 AM EST
[2026-04-07T15:11:12.067Z] [INFO] ============================================================

[2026-04-07T15:11:12.067Z] [INFO] 
============================================================
[2026-04-07T15:11:12.067Z] [INFO] 📋 Running Group 1 scrapers (36 total)
[2026-04-07T15:11:12.067Z] [INFO] ============================================================

[2026-04-07T15:11:12.068Z] [INFO] 🚀 Starting LibCal-CA...
[2026-04-07T18:07:42.499Z] [INFO] 
============================================================
[2026-04-07T18:07:42.502Z] [INFO] 🐝 FunHive Local Scraper Runner
[2026-04-07T18:07:42.556Z] [INFO] 📅 4/7/2026, 2:07:42 PM EST
[2026-04-07T18:07:42.557Z] [INFO] ============================================================

[2026-04-07T18:07:42.557Z] [INFO] 
============================================================
[2026-04-07T18:07:42.557Z] [INFO] 📋 Running Group 1 scrapers (36 total)
[2026-04-07T18:07:42.557Z] [INFO] ============================================================

[2026-04-07T18:07:42.558Z] [INFO] 🚀 Starting LibCal-CA...
[2026-04-07T18:11:27.042Z] [INFO] 
============================================================
[2026-04-07T18:11:27.044Z] [INFO] 🐝 FunHive Local Scraper Runner
[2026-04-07T18:11:27.096Z] [INFO] 📅 4/7/2026, 2:11:27 PM EST
[2026-04-07T18:11:27.096Z] [INFO] ============================================================

[2026-04-07T18:11:27.096Z] [INFO] 
============================================================
[2026-04-07T18:11:27.097Z] [INFO] 📋 Running Group 2 scrapers (35 total)
[2026-04-07T18:11:27.097Z] [INFO] ============================================================

[2026-04-07T18:11:27.097Z] [INFO] 🚀 Starting LibCal-CT...
[2026-04-07T18:12:17.511Z] [INFO] 
============================================================
[2026-04-07T18:12:17.515Z] [INFO] 🐝 FunHive Local Scraper Runner
[2026-04-07T18:12:17.571Z] [INFO] 📅 4/7/2026, 2:12:17 PM EST
[2026-04-07T18:12:17.571Z] [INFO] ============================================================

[2026-04-07T18:12:17.571Z] [INFO] 🚀 Starting MacaroniKid-MD...
[2026-04-07T18:12:17.784Z] [ERROR] ❌ MacaroniKid-MD failed after 0.2s: Cannot find module '../utils/county-centroids'
Require stack:
- /Users/jenniferkurtz/Desktop/funhive-web/scrapers/scraper-macaroni-md.js
- /Users/jenniferkurtz/Desktop/funhive-web/scrapers/local-scraper-runner.js
[2026-04-07T18:12:18.036Z] [INFO] 
============================================================
[2026-04-07T18:12:18.036Z] [INFO] 📊 SUMMARY
[2026-04-07T18:12:18.036Z] [INFO] ============================================================
[2026-04-07T18:12:18.037Z] [INFO] ✅ Success: 0
[2026-04-07T18:12:18.037Z] [INFO] ❌ Failed: 1
[2026-04-07T18:12:18.037Z] [INFO] ⏭️  Skipped: 0
[2026-04-07T18:12:18.037Z] [INFO] ⏱️  Total time: 0.0 minutes
[2026-04-07T18:12:18.037Z] [INFO] 
Failed scrapers:
[2026-04-07T18:12:18.037Z] [INFO]   - MacaroniKid-MD: Cannot find module '../utils/county-centroids'
Require stack:
- /Users/jenniferkurtz/Desktop/funhive-web/scrapers/scraper-macaroni-md.js
- /Users/jenniferkurtz/Desktop/funhive-web/scrapers/local-scraper-runner.js
[2026-04-07T18:12:18.037Z] [INFO] 
============================================================

[2026-04-07T18:12:31.314Z] [INFO] 
============================================================
[2026-04-07T18:12:31.319Z] [INFO] 🐝 FunHive Local Scraper Runner
[2026-04-07T18:12:31.333Z] [INFO] 📅 4/7/2026, 2:12:31 PM EST
[2026-04-07T18:12:31.333Z] [INFO] ============================================================

[2026-04-07T18:12:31.334Z] [INFO] 🚀 Starting MacaroniKid-MD...
[2026-04-07T18:12:31.537Z] [ERROR] ❌ MacaroniKid-MD failed after 0.2s: Cannot find module '../utils/county-centroids'
Require stack:
- /Users/jenniferkurtz/Desktop/funhive-web/scrapers/scraper-macaroni-md.js
- /Users/jenniferkurtz/Desktop/funhive-web/scrapers/local-scraper-runner.js
[2026-04-07T18:12:32.283Z] [INFO] 
============================================================
[2026-04-07T18:12:32.284Z] [INFO] 📊 SUMMARY
[2026-04-07T18:12:32.284Z] [INFO] ============================================================
[2026-04-07T18:12:32.284Z] [INFO] ✅ Success: 0
[2026-04-07T18:12:32.284Z] [INFO] ❌ Failed: 1
[2026-04-07T18:12:32.284Z] [INFO] ⏭️  Skipped: 0
[2026-04-07T18:12:32.284Z] [INFO] ⏱️  Total time: 0.0 minutes
[2026-04-07T18:12:32.284Z] [INFO] 
Failed scrapers:
[2026-04-07T18:12:32.284Z] [INFO]   - MacaroniKid-MD: Cannot find module '../utils/county-centroids'
Require stack:
- /Users/jenniferkurtz/Desktop/funhive-web/scrapers/scraper-macaroni-md.js
- /Users/jenniferkurtz/Desktop/funhive-web/scrapers/local-scraper-runner.js
[2026-04-07T18:12:32.284Z] [INFO] 
============================================================

[2026-04-07T18:15:41.625Z] [INFO] 
============================================================
[2026-04-07T18:15:41.626Z] [INFO] 🐝 FunHive Local Scraper Runner
[2026-04-07T18:15:41.691Z] [INFO] 📅 4/7/2026, 2:15:41 PM EST
[2026-04-07T18:15:41.691Z] [INFO] ============================================================

[2026-04-07T18:15:41.691Z] [INFO] 🚀 Starting MacaroniKid-MD...
[2026-04-07T18:22:05.126Z] [INFO] 
============================================================
[2026-04-07T18:22:05.126Z] [INFO] 🐝 FunHive Local Scraper Runner
[2026-04-07T18:22:05.186Z] [INFO] 📅 4/7/2026, 2:22:05 PM EST
[2026-04-07T18:22:05.187Z] [INFO] ============================================================

[2026-04-07T18:22:05.187Z] [INFO] 🚀 Starting MacaroniKid-MD...
[2026-04-07T18:37:19.269Z] [INFO] 
============================================================
[2026-04-07T18:37:19.270Z] [INFO] 🐝 FunHive Local Scraper Runner
[2026-04-07T18:37:19.323Z] [INFO] 📅 4/7/2026, 2:37:19 PM EST
[2026-04-07T18:37:19.323Z] [INFO] ============================================================

[2026-04-07T18:37:19.323Z] [INFO] 🚀 Starting MacaroniKid-MD...
[2026-04-07T18:47:49.278Z] [INFO] 
============================================================
[2026-04-07T18:47:49.279Z] [INFO] 🐝 FunHive Local Scraper Runner
[2026-04-07T18:47:49.335Z] [INFO] 📅 4/7/2026, 2:47:49 PM EST
[2026-04-07T18:47:49.335Z] [INFO] ============================================================

[2026-04-07T18:47:49.335Z] [INFO] 🚀 Starting MacaroniKid-MD...
[2026-04-07T18:53:24.780Z] [INFO] 
============================================================
[2026-04-07T18:53:24.781Z] [INFO] 🐝 FunHive Local Scraper Runner
[2026-04-07T18:53:24.843Z] [INFO] 📅 4/7/2026, 2:53:24 PM EST
[2026-04-07T18:53:24.844Z] [INFO] ============================================================

[2026-04-07T18:53:24.844Z] [INFO] 🚀 Starting MacaroniKid-MD...
[2026-04-07T19:21:22.559Z] [INFO] 
============================================================
[2026-04-07T19:21:22.561Z] [INFO] 🐝 FunHive Local Scraper Runner
[2026-04-07T19:21:22.627Z] [INFO] 📅 4/7/2026, 3:21:22 PM EST
[2026-04-07T19:21:22.628Z] [INFO] ============================================================

[2026-04-07T19:21:22.628Z] [INFO] 🚀 Starting MacaroniKid-MD...
[2026-04-07T19:35:57.946Z] [INFO] 
============================================================
[2026-04-07T19:35:57.948Z] [INFO] 🐝 FunHive Local Scraper Runner
[2026-04-07T19:35:58.019Z] [INFO] 📅 4/7/2026, 3:35:57 PM EST
[2026-04-07T19:35:58.019Z] [INFO] ============================================================

[2026-04-07T19:35:58.019Z] [INFO] 🚀 Starting MacaroniKid-MD...
[2026-04-07T19:45:23.566Z] [INFO] 
============================================================
[2026-04-07T19:45:23.567Z] [INFO] 🐝 FunHive Local Scraper Runner
[2026-04-07T19:45:23.615Z] [INFO] 📅 4/7/2026, 3:45:23 PM EST
[2026-04-07T19:45:23.615Z] [INFO] ============================================================

[2026-04-07T19:45:23.615Z] [INFO] 🚀 Starting MacaroniKid-MD...
[2026-04-07T19:55:26.396Z] [INFO] 
============================================================
[2026-04-07T19:55:26.398Z] [INFO] 🐝 FunHive Local Scraper Runner
[2026-04-07T19:55:26.464Z] [INFO] 📅 4/7/2026, 3:55:26 PM EST
[2026-04-07T19:55:26.464Z] [INFO] ============================================================

[2026-04-07T19:55:26.464Z] [INFO] 🚀 Starting MacaroniKid-MD...
[2026-04-07T23:53:55.976Z] [INFO] 
============================================================
[2026-04-07T23:53:55.978Z] [INFO] 🐝 FunHive Local Scraper Runner
[2026-04-07T23:53:56.053Z] [INFO] 📅 4/7/2026, 7:53:55 PM EST
[2026-04-07T23:53:56.061Z] [INFO] ============================================================

[2026-04-07T23:53:56.061Z] [INFO] 🚀 Starting MacaroniKid-MD...
[2026-04-08T00:33:48.477Z] [INFO] ✅ MacaroniKid-MD completed in 2392.4s - Found: 0, New: 289, Duplicates: 0
[2026-04-08T00:33:48.623Z] [INFO] 
============================================================
[2026-04-08T00:33:48.628Z] [INFO] 📊 SUMMARY
[2026-04-08T00:33:48.630Z] [INFO] ============================================================
[2026-04-08T00:33:48.630Z] [INFO] ✅ Success: 1
[2026-04-08T00:33:48.631Z] [INFO] ❌ Failed: 0
[2026-04-08T00:33:48.632Z] [INFO] ⏭️  Skipped: 0
[2026-04-08T00:33:48.632Z] [INFO] ⏱️  Total time: 39.9 minutes
[2026-04-08T00:33:48.632Z] [INFO] 
============================================================

[2026-04-08T00:45:49.702Z] [INFO] ✅ MacaroniKid-MD completed in 19467.1s - Found: 0, New: 207, Duplicates: 0
[2026-04-08T00:45:49.828Z] [INFO] 
============================================================
[2026-04-08T00:45:49.828Z] [INFO] 📊 SUMMARY
[2026-04-08T00:45:49.828Z] [INFO] ============================================================
[2026-04-08T00:45:49.828Z] [INFO] ✅ Success: 1
[2026-04-08T00:45:49.829Z] [INFO] ❌ Failed: 0
[2026-04-08T00:45:49.829Z] [INFO] ⏭️  Skipped: 0
[2026-04-08T00:45:49.829Z] [INFO] ⏱️  Total time: 324.5 minutes
[2026-04-08T00:45:49.829Z] [INFO] 
============================================================

