[2026-04-16T11:30:24.128Z] [INFO] 
============================================================
[2026-04-16T11:30:24.129Z] [INFO] 🐝 FunHive Local Scraper Runner
[2026-04-16T11:30:24.165Z] [INFO] 📅 4/16/2026, 7:30:24 AM EST
[2026-04-16T11:30:24.166Z] [INFO] ============================================================

[2026-04-16T11:30:24.166Z] [INFO] 📅 Today is day 16 → Group 1
[2026-04-16T11:30:24.166Z] [INFO] 
============================================================
[2026-04-16T11:30:24.166Z] [INFO] 📋 Running Group 1 scrapers (22 total)
[2026-04-16T11:30:24.166Z] [INFO] ============================================================

[2026-04-16T11:30:24.167Z] [INFO] 🚀 Starting Communico-DC...
[2026-04-16T11:34:39.570Z] [INFO] ✅ Communico-DC completed in 255.4s - Found: 0, New: 54, Duplicates: 462
[2026-04-16T11:34:41.695Z] [INFO] 🚀 Starting Communico-VA...
[2026-04-16T11:45:43.843Z] [INFO] ✅ Communico-VA completed in 662.1s - Found: 0, New: 57, Duplicates: 575
[2026-04-16T11:45:45.969Z] [INFO] 🚀 Starting BiblioCommons-VA...
[2026-04-16T11:46:03.506Z] [INFO] ✅ BiblioCommons-VA completed in 17.5s - Found: 0, New: 21, Duplicates: 0
[2026-04-16T11:46:05.623Z] [INFO] 🚀 Starting Pratt-Library...
[2026-04-16T11:50:44.057Z] [INFO] ✅ Pratt-Library completed in 278.4s - Found: 0, New: 894, Duplicates: 0
[2026-04-16T11:50:46.188Z] [INFO] 🚀 Starting AACPL...
[2026-04-16T11:51:17.452Z] [INFO] ✅ AACPL completed in 31.3s - Found: 0, New: 20, Duplicates: 4
[2026-04-16T11:51:19.601Z] [INFO] 🔄 Completed 5 scrapers, memory cleanup...
[2026-04-16T11:51:24.607Z] [INFO] 🚀 Starting Prince-Georges-County...
[2026-04-16T11:52:17.876Z] [INFO] ✅ Prince-Georges-County completed in 53.3s - Found: 0, New: 25, Duplicates: 51
[2026-04-16T11:52:19.985Z] [INFO] 🚀 Starting Allegany-County...
[2026-04-16T11:52:27.109Z] [INFO] ✅ Allegany-County completed in 7.1s - Found: 0, New: 0, Duplicates: 0
[2026-04-16T11:52:29.332Z] [INFO] 🚀 Starting Ruth-Enlow...
[2026-04-16T11:52:35.762Z] [INFO] ✅ Ruth-Enlow completed in 6.4s - Found: 0, New: 0, Duplicates: 0
[2026-04-16T11:52:37.917Z] [INFO] 🚀 Starting CivicEngage-Libraries...
[2026-04-16T11:56:24.599Z] [INFO] ✅ CivicEngage-Libraries completed in 226.7s - Found: 0, New: 50, Duplicates: 0
[2026-04-16T11:56:26.717Z] [INFO] 🚀 Starting FullCalendar-Libraries...
[2026-04-16T12:06:00.714Z] [INFO] ✅ FullCalendar-Libraries completed in 574.0s - Found: 0, New: 243, Duplicates: 4
[2026-04-16T12:06:02.825Z] [INFO] 🔄 Completed 10 scrapers, memory cleanup...
[2026-04-16T12:06:07.831Z] [INFO] 🚀 Starting LibraryCalendar-Libraries...
[2026-04-16T14:36:13.154Z] [INFO] ✅ LibraryCalendar-Libraries completed in 9005.3s - Found: 0, New: 2152, Duplicates: 1255
[2026-04-16T14:36:15.297Z] [INFO] 🚀 Starting Fairfax-Parks...
[2026-04-16T14:36:57.073Z] [INFO] ✅ Fairfax-Parks completed in 41.8s - Found: 100, New: 100, Duplicates: 0
[2026-04-16T14:36:59.193Z] [INFO] 🚀 Starting WordPress-VA...
[2026-04-16T15:03:51.772Z] [INFO] ✅ WordPress-VA completed in 1612.6s - Found: 725, New: 466, Duplicates: 259
[2026-04-16T15:03:53.920Z] [INFO] 🚀 Starting Activities-ArtStudios-DMV...
[2026-04-16T15:04:00.847Z] [INFO] ✅ Activities-ArtStudios-DMV completed in 6.9s - Found: 18, New: 0, Duplicates: 18
[2026-04-16T15:04:02.962Z] [INFO] 🚀 Starting Activities-ClimbingGyms-DMV...
[2026-04-16T15:04:06.427Z] [INFO] ✅ Activities-ClimbingGyms-DMV completed in 3.5s - Found: 10, New: 0, Duplicates: 10
[2026-04-16T15:04:08.545Z] [INFO] 🔄 Completed 15 scrapers, memory cleanup...
[2026-04-16T15:04:13.548Z] [INFO] 🚀 Starting Activities-IceRinks-DMV...
[2026-04-16T15:04:18.041Z] [INFO] ✅ Activities-IceRinks-DMV completed in 4.5s - Found: 13, New: 0, Duplicates: 13
[2026-04-16T15:04:20.170Z] [INFO] 🚀 Starting Activities-MovieTheaters-DMV...
[2026-04-16T15:04:27.014Z] [INFO] ✅ Activities-MovieTheaters-DMV completed in 6.8s - Found: 20, New: 0, Duplicates: 20
[2026-04-16T15:04:29.126Z] [INFO] 🚀 Starting Activities-ScienceDiscovery-DMV...
[2026-04-16T15:04:34.663Z] [INFO] ✅ Activities-ScienceDiscovery-DMV completed in 5.5s - Found: 16, New: 0, Duplicates: 16
[2026-04-16T15:04:36.777Z] [INFO] 🚀 Starting KidsOutAndAbout-DMV...
[2026-04-16T15:11:12.820Z] [INFO] ✅ KidsOutAndAbout-DMV completed in 396.0s - Found: 134, New: 134, Duplicates: 0
[2026-04-16T15:11:14.938Z] [INFO] 🚀 Starting PortDiscovery-MD...
[2026-04-16T15:11:24.503Z] [INFO] ✅ PortDiscovery-MD completed in 9.6s - Found: 0, New: 5, Duplicates: 53
[2026-04-16T15:11:26.616Z] [INFO] 🔄 Completed 20 scrapers, memory cleanup...
[2026-04-16T15:11:31.620Z] [INFO] 🚀 Starting State-Parks-Events...
[2026-04-16T15:12:44.484Z] [INFO] ✅ State-Parks-Events completed in 72.9s - Found: 0, New: 0, Duplicates: 2
[2026-04-16T15:12:46.677Z] [INFO] 🚀 Starting Venue-Events-ScienceArts...
[2026-04-16T15:19:28.244Z] [INFO] ✅ Venue-Events-ScienceArts completed in 401.6s - Found: 0, New: 0, Duplicates: 334
[2026-04-16T15:19:28.400Z] [INFO] ℹ️  MacaroniKid scrapers have been moved to separate runners.
[2026-04-16T15:19:28.401Z] [INFO]    Use: node macaroni-runner-group1.js
[2026-04-16T15:19:28.401Z] [INFO] 
============================================================
[2026-04-16T15:19:28.402Z] [INFO] 📊 SUMMARY
[2026-04-16T15:19:28.402Z] [INFO] ============================================================
[2026-04-16T15:19:28.402Z] [INFO] ✅ Success: 22
[2026-04-16T15:19:28.402Z] [INFO] ❌ Failed: 0
[2026-04-16T15:19:28.403Z] [INFO] ⏭️  Skipped: 0
[2026-04-16T15:19:28.403Z] [INFO] ⏱️  Total time: 229.1 minutes
[2026-04-16T15:19:28.403Z] [INFO] 
============================================================

