[2026-04-23T10:10:25.419Z] [INFO] 
============================================================
[2026-04-23T10:10:25.420Z] [INFO] 🐝 FunHive Local Scraper Runner
[2026-04-23T10:10:25.461Z] [INFO] 📅 4/23/2026, 6:10:25 AM EST
[2026-04-23T10:10:25.461Z] [INFO] ============================================================

[2026-04-23T10:10:25.461Z] [INFO] 📅 Today is day 23 → Group 2
[2026-04-23T10:10:25.463Z] [INFO] 
============================================================
[2026-04-23T10:10:25.463Z] [INFO] 📋 Running Group 2 scrapers (18 total)
[2026-04-23T10:10:25.463Z] [INFO] ============================================================

[2026-04-23T10:10:25.464Z] [INFO] 🚀 Starting Howard-County...
[2026-04-23T10:11:44.017Z] [INFO] ✅ Howard-County completed in 78.6s - Found: 0, New: 114, Duplicates: 4
[2026-04-23T10:11:46.176Z] [INFO] 🚀 Starting LibraryMarket...
[2026-04-23T13:54:52.319Z] [INFO] ✅ LibraryMarket completed in 13386.1s - Found: 0, New: 3088, Duplicates: 507
[2026-04-23T13:54:54.458Z] [INFO] 🚀 Starting Cecil-County...
[2026-04-23T13:56:18.999Z] [INFO] ✅ Cecil-County completed in 84.5s - Found: 0, New: 20, Duplicates: 0
[2026-04-23T13:56:21.178Z] [INFO] 🚀 Starting Somerset-County...
[2026-04-23T14:02:43.522Z] [INFO] ✅ Somerset-County completed in 382.3s - Found: 0, New: 386, Duplicates: 172
[2026-04-23T14:02:45.669Z] [INFO] 🚀 Starting Rockbridge-Regional...
[2026-04-23T14:14:27.969Z] [INFO] ✅ Rockbridge-Regional completed in 702.3s - Found: 0, New: 170, Duplicates: 1
[2026-04-23T14:14:30.113Z] [INFO] 🔄 Completed 5 scrapers, memory cleanup...
[2026-04-23T14:14:35.118Z] [INFO] 🚀 Starting EventActions-Libraries...
[2026-04-23T14:42:23.401Z] [INFO] ✅ EventActions-Libraries completed in 1668.3s - Found: 0, New: 357, Duplicates: 143
[2026-04-23T14:42:25.553Z] [INFO] 🚀 Starting CustomDrupal-Libraries...
[2026-04-23T14:53:29.798Z] [INFO] ✅ CustomDrupal-Libraries completed in 664.2s - Found: 0, New: 147, Duplicates: 230
[2026-04-23T14:53:31.906Z] [INFO] 🚀 Starting PG-Parks...
[2026-04-23T14:53:45.774Z] [INFO] ✅ PG-Parks completed in 13.9s - Found: 13, New: 13, Duplicates: 0
[2026-04-23T14:53:47.895Z] [INFO] 🚀 Starting WordPress-MD...
[2026-04-23T14:59:49.272Z] [INFO] ✅ WordPress-MD completed in 361.4s - Found: 91, New: 47, Duplicates: 44
[2026-04-23T14:59:51.436Z] [INFO] 🚀 Starting Activities-BowlingAlleys-DMV...
[2026-04-23T14:59:57.725Z] [INFO] ✅ Activities-BowlingAlleys-DMV completed in 6.3s - Found: 15, New: 15, Duplicates: 0
[2026-04-23T14:59:59.856Z] [INFO] 🔄 Completed 10 scrapers, memory cleanup...
[2026-04-23T15:00:04.863Z] [INFO] 🚀 Starting Activities-FamilyEntertainment-DMV...
[2026-04-23T15:00:13.951Z] [INFO] ✅ Activities-FamilyEntertainment-DMV completed in 9.1s - Found: 24, New: 24, Duplicates: 0
[2026-04-23T15:00:16.080Z] [INFO] 🚀 Starting Activities-IndoorPlaygrounds-DMV...
[2026-04-23T15:00:23.800Z] [INFO] ✅ Activities-IndoorPlaygrounds-DMV completed in 7.7s - Found: 20, New: 20, Duplicates: 0
[2026-04-23T15:00:25.922Z] [INFO] 🚀 Starting Activities-NatureFarms-DMV...
[2026-04-23T15:00:34.348Z] [INFO] ✅ Activities-NatureFarms-DMV completed in 8.4s - Found: 22, New: 22, Duplicates: 0
[2026-04-23T15:00:36.565Z] [INFO] 🚀 Starting Activities-SwimmingPools-DMV...
[2026-04-23T15:00:44.470Z] [INFO] ✅ Activities-SwimmingPools-DMV completed in 7.9s - Found: 17, New: 17, Duplicates: 0
[2026-04-23T15:00:46.634Z] [INFO] 🚀 Starting Montgomery-Parks...
[2026-04-23T15:00:48.399Z] [INFO] ✅ Montgomery-Parks completed in 1.8s - Found: 28, New: 28, Duplicates: 0
[2026-04-23T15:00:50.639Z] [INFO] 🔄 Completed 15 scrapers, memory cleanup...
[2026-04-23T15:00:55.646Z] [INFO] 🚀 Starting Activities-Eastern-US...
[2026-04-23T15:02:20.272Z] [INFO] ✅ Activities-Eastern-US completed in 84.6s - Found: 226, New: 226, Duplicates: 0
[2026-04-23T15:02:22.442Z] [INFO] 🚀 Starting Venue-Events-ChildrensMuseums...
[2026-04-23T15:08:13.430Z] [ERROR] ❌ Venue-Events-ChildrensMuseums failed after 351.0s: scraperName and state are required options
[2026-04-23T15:08:16.581Z] [INFO] 🚀 Starting Festivals-Eastern-US...
[2026-04-23T15:21:36.581Z] [INFO] ✅ Festivals-Eastern-US completed in 800.0s - Found: 0, New: 21, Duplicates: 3505
[2026-04-23T15:21:36.731Z] [INFO] ℹ️  MacaroniKid scrapers have been moved to separate runners.
[2026-04-23T15:21:36.731Z] [INFO]    Use: node macaroni-runner-group2.js
[2026-04-23T15:21:36.731Z] [INFO] 
============================================================
[2026-04-23T15:21:36.731Z] [INFO] 📊 SUMMARY
[2026-04-23T15:21:36.732Z] [INFO] ============================================================
[2026-04-23T15:21:36.732Z] [INFO] ✅ Success: 17
[2026-04-23T15:21:36.732Z] [INFO] ❌ Failed: 1
[2026-04-23T15:21:36.732Z] [INFO] ⏭️  Skipped: 0
[2026-04-23T15:21:36.732Z] [INFO] ⏱️  Total time: 311.2 minutes
[2026-04-23T15:21:36.732Z] [INFO] 
Failed scrapers:
[2026-04-23T15:21:36.732Z] [INFO]   - Venue-Events-ChildrensMuseums: scraperName and state are required options
[2026-04-23T15:21:36.732Z] [INFO] 
============================================================

