[2026-04-14T00:37:25.960Z] [INFO] 
============================================================
[2026-04-14T00:37:25.960Z] [INFO] 🐝 FunHive Local Scraper Runner
[2026-04-14T00:37:25.992Z] [INFO] 📅 4/13/2026, 8:37:25 PM EST
[2026-04-14T00:37:25.992Z] [INFO] ============================================================

[2026-04-14T00:37:25.992Z] [INFO] 📅 Today is day 13 → Group 1
[2026-04-14T00:37:25.993Z] [INFO] 
============================================================
[2026-04-14T00:37:25.993Z] [INFO] 📋 Running Group 1 scrapers (20 total)
[2026-04-14T00:37:25.993Z] [INFO] ============================================================

[2026-04-14T00:37:25.993Z] [INFO] 🚀 Starting Communico-DC...
[2026-04-14T00:43:04.388Z] [INFO] ✅ Communico-DC completed in 338.4s - Found: 0, New: 60, Duplicates: 612
[2026-04-14T00:43:06.570Z] [INFO] 🚀 Starting Communico-VA...
[2026-04-14T00:56:58.310Z] [INFO] ✅ Communico-VA completed in 831.7s - Found: 0, New: 70, Duplicates: 732
[2026-04-14T00:57:00.426Z] [INFO] 🚀 Starting BiblioCommons-VA...
[2026-04-14T00:57:18.227Z] [INFO] ✅ BiblioCommons-VA completed in 17.8s - Found: 0, New: 20, Duplicates: 0
[2026-04-14T00:57:20.400Z] [INFO] 🚀 Starting Pratt-Library...
[2026-04-14T01:02:02.993Z] [INFO] ✅ Pratt-Library completed in 282.6s - Found: 0, New: 914, Duplicates: 0
[2026-04-14T01:02:05.132Z] [INFO] 🚀 Starting AACPL...
[2026-04-14T01:02:32.208Z] [INFO] ✅ AACPL completed in 27.1s - Found: 0, New: 11, Duplicates: 13
[2026-04-14T01:02:34.363Z] [INFO] 🔄 Completed 5 scrapers, memory cleanup...
[2026-04-14T01:02:39.368Z] [INFO] 🚀 Starting Prince-Georges-County...
[2026-04-14T01:03:15.519Z] [INFO] ✅ Prince-Georges-County completed in 36.2s - Found: 0, New: 0, Duplicates: 66
[2026-04-14T01:03:17.655Z] [INFO] 🚀 Starting Allegany-County...
[2026-04-14T01:03:25.519Z] [INFO] ✅ Allegany-County completed in 7.9s - Found: 0, New: 0, Duplicates: 0
[2026-04-14T01:03:27.766Z] [INFO] 🚀 Starting Ruth-Enlow...
[2026-04-14T01:03:34.337Z] [INFO] ✅ Ruth-Enlow completed in 6.6s - Found: 0, New: 0, Duplicates: 0
[2026-04-14T01:03:36.515Z] [INFO] 🚀 Starting CivicEngage-Libraries...
[2026-04-14T01:07:04.929Z] [INFO] ✅ CivicEngage-Libraries completed in 208.4s - Found: 0, New: 50, Duplicates: 0
[2026-04-14T01:07:07.066Z] [INFO] 🚀 Starting FullCalendar-Libraries...
[2026-04-14T01:16:52.862Z] [INFO] ✅ FullCalendar-Libraries completed in 585.8s - Found: 0, New: 255, Duplicates: 3
[2026-04-14T01:16:54.983Z] [INFO] 🔄 Completed 10 scrapers, memory cleanup...
[2026-04-14T01:16:59.988Z] [INFO] 🚀 Starting LibraryCalendar-Libraries...
[2026-04-14T03:46:54.367Z] [INFO] ✅ LibraryCalendar-Libraries completed in 8994.4s - Found: 0, New: 2493, Duplicates: 908
[2026-04-14T03:46:56.490Z] [INFO] 🚀 Starting Fairfax-Parks...
[2026-04-14T03:47:45.096Z] [INFO] ✅ Fairfax-Parks completed in 48.6s - Found: 72, New: 72, Duplicates: 0
[2026-04-14T03:47:47.203Z] [INFO] 🚀 Starting WordPress-VA...
[2026-04-14T04:13:59.068Z] [INFO] ✅ WordPress-VA completed in 1571.9s - Found: 820, New: 428, Duplicates: 392
[2026-04-14T04:14:01.180Z] [INFO] 🚀 Starting Activities-ArtStudios-DMV...
[2026-04-14T04:14:07.596Z] [INFO] ✅ Activities-ArtStudios-DMV completed in 6.4s - Found: 18, New: 0, Duplicates: 18
[2026-04-14T04:14:09.704Z] [INFO] 🚀 Starting Activities-ClimbingGyms-DMV...
[2026-04-14T04:14:13.010Z] [INFO] ✅ Activities-ClimbingGyms-DMV completed in 3.3s - Found: 10, New: 0, Duplicates: 10
[2026-04-14T04:14:15.113Z] [INFO] 🔄 Completed 15 scrapers, memory cleanup...
[2026-04-14T04:14:20.118Z] [INFO] 🚀 Starting Activities-IceRinks-DMV...
[2026-04-14T04:14:24.547Z] [INFO] ✅ Activities-IceRinks-DMV completed in 4.4s - Found: 13, New: 0, Duplicates: 13
[2026-04-14T04:14:26.661Z] [INFO] 🚀 Starting Activities-MovieTheaters-DMV...
[2026-04-14T04:14:33.054Z] [INFO] ✅ Activities-MovieTheaters-DMV completed in 6.4s - Found: 20, New: 0, Duplicates: 20
[2026-04-14T04:14:35.163Z] [INFO] 🚀 Starting Activities-ScienceDiscovery-DMV...
[2026-04-14T04:14:40.291Z] [INFO] ✅ Activities-ScienceDiscovery-DMV completed in 5.1s - Found: 16, New: 0, Duplicates: 16
[2026-04-14T04:14:42.400Z] [INFO] 🚀 Starting KidsOutAndAbout-DMV...
[2026-04-14T04:20:08.374Z] [INFO] ✅ KidsOutAndAbout-DMV completed in 326.0s - Found: 113, New: 0, Duplicates: 0
[2026-04-14T04:20:10.527Z] [INFO] 🚀 Starting PortDiscovery-MD...
[2026-04-14T04:20:18.626Z] [INFO] ✅ PortDiscovery-MD completed in 8.1s - Found: 0, New: 0, Duplicates: 67
[2026-04-14T04:20:18.732Z] [INFO] 🔄 Completed 20 scrapers, memory cleanup...
[2026-04-14T04:20:23.739Z] [INFO] 
============================================================
[2026-04-14T04:20:23.740Z] [INFO] 🍝 Running Macaroni Kid Group 1 (15 states, ~139 sites)
[2026-04-14T04:20:23.741Z] [INFO] ============================================================

[2026-04-14T04:20:23.741Z] [INFO] 🚀 Starting MacaroniKid-CA...
[2026-04-14T05:07:37.021Z] [ERROR] ❌ MacaroniKid-CA failed after 2833.3s: TypeError: fetch failed
[2026-04-14T05:07:41.049Z] [INFO] 🚀 Starting MacaroniKid-PA...
[2026-04-14T05:08:10.983Z] [ERROR] ❌ MacaroniKid-PA failed after 29.9s: TypeError: fetch failed
[2026-04-14T05:08:14.988Z] [INFO] 🚀 Starting MacaroniKid-NC...
[2026-04-14T05:08:27.455Z] [ERROR] ❌ MacaroniKid-NC failed after 12.5s: TypeError: fetch failed
[2026-04-14T05:08:31.460Z] [INFO] 🚀 Starting MacaroniKid-MA...
[2026-04-14T05:38:20.417Z] [INFO] ✅ MacaroniKid-MA completed in 1789.0s - Found: 0, New: 227, Duplicates: 0
[2026-04-14T05:38:24.541Z] [INFO] 🚀 Starting MacaroniKid-TN...
[2026-04-14T05:50:35.684Z] [INFO] ✅ MacaroniKid-TN completed in 731.1s - Found: 0, New: 186, Duplicates: 0
[2026-04-14T05:50:39.798Z] [INFO] 🔄 Completed 5 Macaroni Kid states, memory cleanup...
[2026-04-14T05:50:49.801Z] [INFO] 🚀 Starting MacaroniKid-AL...
[2026-04-14T06:01:09.726Z] [INFO] ✅ MacaroniKid-AL completed in 619.9s - Found: 0, New: 5, Duplicates: 0
[2026-04-14T06:01:13.834Z] [INFO] 🚀 Starting MacaroniKid-MN...
[2026-04-14T06:43:15.247Z] [INFO] ✅ MacaroniKid-MN completed in 2521.4s - Found: 0, New: 436, Duplicates: 0
[2026-04-14T06:43:19.362Z] [INFO] 🚀 Starting MacaroniKid-KY...
[2026-04-14T07:14:26.227Z] [INFO] ✅ MacaroniKid-KY completed in 1866.9s - Found: 0, New: 203, Duplicates: 0
[2026-04-14T07:14:30.335Z] [INFO] 🚀 Starting MacaroniKid-IA...
[2026-04-14T07:26:58.760Z] [INFO] ✅ MacaroniKid-IA completed in 748.4s - Found: 0, New: 149, Duplicates: 0
[2026-04-14T07:27:02.879Z] [INFO] 🚀 Starting MacaroniKid-HI...
[2026-04-14T07:28:20.632Z] [INFO] ✅ MacaroniKid-HI completed in 77.8s - Found: 0, New: 0, Duplicates: 0
[2026-04-14T07:28:24.746Z] [INFO] 🔄 Completed 10 Macaroni Kid states, memory cleanup...
[2026-04-14T07:28:34.750Z] [INFO] 🚀 Starting MacaroniKid-NE...
[2026-04-14T07:40:23.197Z] [INFO] ✅ MacaroniKid-NE completed in 708.4s - Found: 0, New: 93, Duplicates: 0
[2026-04-14T07:40:27.307Z] [INFO] 🚀 Starting MacaroniKid-RI...
[2026-04-14T08:48:52.353Z] [INFO] ✅ MacaroniKid-RI completed in 4105.0s - Found: 0, New: 600, Duplicates: 0
[2026-04-14T08:48:56.463Z] [INFO] 🚀 Starting MacaroniKid-DC...
[2026-04-14T08:49:42.891Z] [INFO] ✅ MacaroniKid-DC completed in 46.4s - Found: 0, New: 0, Duplicates: 0
[2026-04-14T08:49:47.010Z] [INFO] 🚀 Starting MacaroniKid-WV...
[2026-04-14T08:50:23.042Z] [INFO] ✅ MacaroniKid-WV completed in 36.0s - Found: 0, New: 0, Duplicates: 0
[2026-04-14T08:50:27.149Z] [INFO] 🚀 Starting MacaroniKid-SD...
[2026-04-14T08:51:27.729Z] [INFO] ✅ MacaroniKid-SD completed in 60.6s - Found: 0, New: 0, Duplicates: 0
[2026-04-14T08:51:27.824Z] [INFO] 🔄 Completed 15 Macaroni Kid states, memory cleanup...
[2026-04-14T08:51:37.827Z] [INFO] 
============================================================
[2026-04-14T08:51:37.828Z] [INFO] 📊 SUMMARY
[2026-04-14T08:51:37.829Z] [INFO] ============================================================
[2026-04-14T08:51:37.829Z] [INFO] ✅ Success: 32
[2026-04-14T08:51:37.829Z] [INFO] ❌ Failed: 3
[2026-04-14T08:51:37.829Z] [INFO] ⏭️  Skipped: 0
[2026-04-14T08:51:37.830Z] [INFO] ⏱️  Total time: 494.2 minutes
[2026-04-14T08:51:37.830Z] [INFO] 
Failed scrapers:
[2026-04-14T08:51:37.830Z] [INFO]   - MacaroniKid-CA: TypeError: fetch failed
[2026-04-14T08:51:37.830Z] [INFO]   - MacaroniKid-PA: TypeError: fetch failed
[2026-04-14T08:51:37.830Z] [INFO]   - MacaroniKid-NC: TypeError: fetch failed
[2026-04-14T08:51:37.831Z] [INFO] 
============================================================

[2026-04-14T11:08:52.336Z] [INFO] 
============================================================
[2026-04-14T11:08:52.337Z] [INFO] 🐝 FunHive Local Scraper Runner
[2026-04-14T11:08:52.371Z] [INFO] 📅 4/14/2026, 7:08:52 AM EST
[2026-04-14T11:08:52.372Z] [INFO] ============================================================

[2026-04-14T11:08:52.372Z] [INFO] 📅 Today is day 14 → Group 2
[2026-04-14T11:08:52.372Z] [INFO] 
============================================================
[2026-04-14T11:08:52.372Z] [INFO] 📋 Running Group 2 scrapers (17 total)
[2026-04-14T11:08:52.372Z] [INFO] ============================================================

[2026-04-14T11:08:52.373Z] [INFO] 🚀 Starting Howard-County...
[2026-04-14T11:10:18.031Z] [INFO] ✅ Howard-County completed in 85.7s - Found: 0, New: 117, Duplicates: 0
[2026-04-14T11:10:20.201Z] [INFO] 🚀 Starting LibraryMarket...
[2026-04-14T11:25:49.304Z] [INFO] ✅ LibraryMarket completed in 929.1s - Found: 0, New: 1, Duplicates: 7
[2026-04-14T11:25:51.313Z] [INFO] 🚀 Starting Cecil-County...
[2026-04-14T11:25:53.561Z] [ERROR] ❌ Cecil-County failed after 2.2s: TypeError: fetch failed
[2026-04-14T11:25:55.566Z] [INFO] 🚀 Starting Somerset-County...
[2026-04-14T11:25:57.302Z] [ERROR] ❌ Somerset-County failed after 1.7s: TypeError: fetch failed
[2026-04-14T11:25:59.308Z] [INFO] 🚀 Starting Kent-County...
[2026-04-14T11:26:01.033Z] [INFO] ✅ Kent-County completed in 1.7s - Found: 0, New: 0, Duplicates: 0
[2026-04-14T11:26:03.039Z] [INFO] 🔄 Completed 5 scrapers, memory cleanup...
[2026-04-14T11:26:08.044Z] [INFO] 🚀 Starting Rockbridge-Regional...
[2026-04-14T11:26:09.932Z] [ERROR] ❌ Rockbridge-Regional failed after 1.9s: TypeError: fetch failed
[2026-04-14T11:26:11.938Z] [INFO] 🚀 Starting EventActions-Libraries...
[2026-04-14T11:26:11.950Z] [ERROR] ❌ EventActions-Libraries failed after 0.0s: TypeError: fetch failed
[2026-04-14T11:26:13.955Z] [INFO] 🚀 Starting CustomDrupal-Libraries...
[2026-04-14T11:26:19.591Z] [INFO] ✅ CustomDrupal-Libraries completed in 5.6s - Found: 0, New: 0, Duplicates: 0
[2026-04-14T11:26:21.598Z] [INFO] 🚀 Starting PG-Parks...
[2026-04-14T11:26:23.332Z] [INFO] ✅ PG-Parks completed in 1.7s - Found: 0, New: 0, Duplicates: 0
[2026-04-14T11:26:25.337Z] [INFO] 🚀 Starting WordPress-MD...
[2026-04-14T11:26:32.779Z] [ERROR] ❌ WordPress-MD failed after 7.4s: TypeError: fetch failed
[2026-04-14T11:26:34.783Z] [INFO] 🔄 Completed 10 scrapers, memory cleanup...
[2026-04-14T11:26:39.788Z] [INFO] 🚀 Starting ModernEventsCalendar-VA...
[2026-04-14T11:26:40.895Z] [ERROR] ❌ ModernEventsCalendar-VA failed after 1.1s: TypeError: fetch failed
[2026-04-14T11:26:42.904Z] [INFO] 🚀 Starting Activities-BowlingAlleys-DMV...
[2026-04-14T11:28:28.239Z] [INFO] ✅ Activities-BowlingAlleys-DMV completed in 105.3s - Found: 15, New: 0, Duplicates: 0
[2026-04-14T11:28:30.249Z] [INFO] 🚀 Starting Activities-FamilyEntertainment-DMV...
[2026-04-14T11:31:18.814Z] [INFO] ✅ Activities-FamilyEntertainment-DMV completed in 168.6s - Found: 24, New: 0, Duplicates: 0
[2026-04-14T11:31:20.821Z] [INFO] 🚀 Starting Activities-IndoorPlaygrounds-DMV...
[2026-04-14T11:33:41.253Z] [INFO] ✅ Activities-IndoorPlaygrounds-DMV completed in 140.4s - Found: 20, New: 0, Duplicates: 0
[2026-04-14T11:33:43.262Z] [INFO] 🚀 Starting Activities-NatureFarms-DMV...
[2026-04-14T11:36:17.870Z] [INFO] ✅ Activities-NatureFarms-DMV completed in 154.6s - Found: 22, New: 0, Duplicates: 0
[2026-04-14T11:36:19.878Z] [INFO] 🔄 Completed 15 scrapers, memory cleanup...
[2026-04-14T11:36:24.883Z] [INFO] 🚀 Starting Activities-SwimmingPools-DMV...
[2026-04-14T11:38:24.260Z] [INFO] ✅ Activities-SwimmingPools-DMV completed in 119.4s - Found: 17, New: 0, Duplicates: 0
[2026-04-14T11:38:26.273Z] [INFO] 🚀 Starting Montgomery-Parks...
[2026-04-14T11:38:26.454Z] [INFO] ✅ Montgomery-Parks completed in 0.2s - Found: 0, New: 0, Duplicates: 0
[2026-04-14T11:38:26.458Z] [INFO] 
============================================================
[2026-04-14T11:38:26.458Z] [INFO] 🍝 Running Macaroni Kid Group 2 (14 states, ~131 sites)
[2026-04-14T11:38:26.458Z] [INFO] ============================================================

[2026-04-14T11:38:26.458Z] [INFO] 🚀 Starting MacaroniKid-FL...
[2026-04-14T11:38:54.169Z] [ERROR] ❌ MacaroniKid-FL failed after 27.7s: TypeError: fetch failed
[2026-04-14T11:38:58.175Z] [INFO] 🚀 Starting MacaroniKid-NY...
[2026-04-14T11:39:18.764Z] [ERROR] ❌ MacaroniKid-NY failed after 20.6s: TypeError: fetch failed
[2026-04-14T11:39:22.771Z] [INFO] 🚀 Starting MacaroniKid-GA...
[2026-04-14T11:39:38.010Z] [ERROR] ❌ MacaroniKid-GA failed after 15.2s: TypeError: fetch failed
[2026-04-14T11:39:42.015Z] [INFO] 🚀 Starting MacaroniKid-MI...
[2026-04-14T11:39:47.934Z] [ERROR] ❌ MacaroniKid-MI failed after 5.9s: TypeError: fetch failed
[2026-04-14T11:39:51.939Z] [INFO] 🚀 Starting MacaroniKid-CT...
[2026-04-14T11:39:59.777Z] [ERROR] ❌ MacaroniKid-CT failed after 7.8s: TypeError: fetch failed
[2026-04-14T11:40:03.782Z] [INFO] 🔄 Completed 5 Macaroni Kid states, memory cleanup...
[2026-04-14T11:40:13.784Z] [INFO] 🚀 Starting MacaroniKid-MD...
[2026-04-14T11:40:30.682Z] [INFO] ✅ MacaroniKid-MD completed in 16.9s - Found: 0, New: 0, Duplicates: 0
[2026-04-14T11:40:34.687Z] [INFO] 🚀 Starting MacaroniKid-AZ...
[2026-04-14T11:40:41.838Z] [ERROR] ❌ MacaroniKid-AZ failed after 7.2s: TypeError: fetch failed
[2026-04-14T11:40:45.844Z] [INFO] 🚀 Starting MacaroniKid-OR...
[2026-04-14T11:41:29.578Z] [INFO] ✅ MacaroniKid-OR completed in 43.7s - Found: 0, New: 0, Duplicates: 0
[2026-04-14T11:41:33.725Z] [INFO] 🚀 Starting MacaroniKid-LA...
[2026-04-14T12:10:33.415Z] [INFO] ✅ MacaroniKid-LA completed in 1739.7s - Found: 0, New: 173, Duplicates: 0
[2026-04-14T12:10:37.542Z] [INFO] 🚀 Starting MacaroniKid-KS...
[2026-04-14T12:18:16.552Z] [INFO] ✅ MacaroniKid-KS completed in 459.0s - Found: 0, New: 27, Duplicates: 0
[2026-04-14T12:18:20.722Z] [INFO] 🔄 Completed 10 Macaroni Kid states, memory cleanup...
[2026-04-14T12:18:30.744Z] [INFO] 🚀 Starting MacaroniKid-AR...
[2026-04-14T12:27:01.788Z] [INFO] ✅ MacaroniKid-AR completed in 511.0s - Found: 0, New: 17, Duplicates: 0
[2026-04-14T12:27:05.950Z] [INFO] 🚀 Starting MacaroniKid-NH...
[2026-04-14T12:47:27.278Z] [INFO] ✅ MacaroniKid-NH completed in 1221.3s - Found: 0, New: 28, Duplicates: 0
[2026-04-14T12:47:31.443Z] [INFO] 🚀 Starting MacaroniKid-NM...
[2026-04-14T12:48:10.564Z] [INFO] ✅ MacaroniKid-NM completed in 39.1s - Found: 0, New: 0, Duplicates: 0
[2026-04-14T12:48:14.726Z] [INFO] 🚀 Starting MacaroniKid-ME...
[2026-04-14T12:49:29.923Z] [INFO] ✅ MacaroniKid-ME completed in 75.2s - Found: 0, New: 0, Duplicates: 0
[2026-04-14T12:49:30.058Z] [INFO] 
============================================================
[2026-04-14T12:49:30.058Z] [INFO] 📊 SUMMARY
[2026-04-14T12:49:30.058Z] [INFO] ============================================================
[2026-04-14T12:49:30.058Z] [INFO] ✅ Success: 19
[2026-04-14T12:49:30.058Z] [INFO] ❌ Failed: 12
[2026-04-14T12:49:30.059Z] [INFO] ⏭️  Skipped: 0
[2026-04-14T12:49:30.059Z] [INFO] ⏱️  Total time: 100.6 minutes
[2026-04-14T12:49:30.059Z] [INFO] 
Failed scrapers:
[2026-04-14T12:49:30.059Z] [INFO]   - Cecil-County: TypeError: fetch failed
[2026-04-14T12:49:30.059Z] [INFO]   - Somerset-County: TypeError: fetch failed
[2026-04-14T12:49:30.059Z] [INFO]   - Rockbridge-Regional: TypeError: fetch failed
[2026-04-14T12:49:30.059Z] [INFO]   - EventActions-Libraries: TypeError: fetch failed
[2026-04-14T12:49:30.060Z] [INFO]   - WordPress-MD: TypeError: fetch failed
[2026-04-14T12:49:30.060Z] [INFO]   - ModernEventsCalendar-VA: TypeError: fetch failed
[2026-04-14T12:49:30.060Z] [INFO]   - MacaroniKid-FL: TypeError: fetch failed
[2026-04-14T12:49:30.060Z] [INFO]   - MacaroniKid-NY: TypeError: fetch failed
[2026-04-14T12:49:30.060Z] [INFO]   - MacaroniKid-GA: TypeError: fetch failed
[2026-04-14T12:49:30.060Z] [INFO]   - MacaroniKid-MI: TypeError: fetch failed
[2026-04-14T12:49:30.060Z] [INFO]   - MacaroniKid-CT: TypeError: fetch failed
[2026-04-14T12:49:30.060Z] [INFO]   - MacaroniKid-AZ: TypeError: fetch failed
[2026-04-14T12:49:30.060Z] [INFO] 
============================================================

[2026-04-14T14:55:05.412Z] [INFO] 
============================================================
[2026-04-14T14:55:05.413Z] [INFO] 🐝 FunHive Local Scraper Runner
[2026-04-14T14:55:05.453Z] [INFO] 📅 4/14/2026, 10:55:05 AM EST
[2026-04-14T14:55:05.453Z] [INFO] ============================================================

[2026-04-14T14:55:05.453Z] [INFO] 📅 Today is day 14 → Group 2
[2026-04-14T14:55:05.454Z] [INFO] 
============================================================
[2026-04-14T14:55:05.454Z] [INFO] 📋 Running Group 2 scrapers (17 total)
[2026-04-14T14:55:05.454Z] [INFO] ============================================================

[2026-04-14T14:55:05.455Z] [INFO] 🚀 Starting Howard-County...
[2026-04-14T14:56:38.699Z] [INFO] ✅ Howard-County completed in 93.2s - Found: 0, New: 113, Duplicates: 4
[2026-04-14T14:56:40.878Z] [INFO] 🚀 Starting LibraryMarket...
[2026-04-14T20:37:31.468Z] [INFO] ✅ LibraryMarket completed in 20450.6s - Found: 0, New: 2886, Duplicates: 196
[2026-04-14T20:37:33.593Z] [INFO] 🚀 Starting Cecil-County...
[2026-04-14T20:38:50.419Z] [INFO] ✅ Cecil-County completed in 76.8s - Found: 0, New: 26, Duplicates: 0
[2026-04-14T20:38:52.583Z] [INFO] 🚀 Starting Somerset-County...
[2026-04-14T20:44:00.320Z] [INFO] ✅ Somerset-County completed in 307.7s - Found: 0, New: 382, Duplicates: 116
[2026-04-14T20:44:02.501Z] [INFO] 🚀 Starting Kent-County...
[2026-04-14T20:44:11.276Z] [INFO] ✅ Kent-County completed in 8.8s - Found: 0, New: 0, Duplicates: 0
[2026-04-14T20:44:13.531Z] [INFO] 🔄 Completed 5 scrapers, memory cleanup...
[2026-04-14T20:44:18.546Z] [INFO] 🚀 Starting Rockbridge-Regional...
[2026-04-14T20:56:01.541Z] [INFO] ✅ Rockbridge-Regional completed in 703.0s - Found: 0, New: 170, Duplicates: 1
[2026-04-14T20:56:03.746Z] [INFO] 🚀 Starting EventActions-Libraries...
[2026-04-14T21:23:24.880Z] [INFO] ✅ EventActions-Libraries completed in 1641.1s - Found: 0, New: 432, Duplicates: 68
[2026-04-14T21:23:27.010Z] [INFO] 🚀 Starting CustomDrupal-Libraries...
[2026-04-14T21:35:20.528Z] [INFO] ✅ CustomDrupal-Libraries completed in 713.5s - Found: 0, New: 270, Duplicates: 100
[2026-04-14T21:35:22.680Z] [INFO] 🚀 Starting PG-Parks...
[2026-04-14T21:35:40.035Z] [INFO] ✅ PG-Parks completed in 17.4s - Found: 30, New: 0, Duplicates: 0
[2026-04-14T21:35:42.158Z] [INFO] 🚀 Starting WordPress-MD...
[2026-04-14T21:39:50.727Z] [INFO] ✅ WordPress-MD completed in 248.6s - Found: 89, New: 39, Duplicates: 50
[2026-04-14T21:39:52.845Z] [INFO] 🔄 Completed 10 scrapers, memory cleanup...
[2026-04-14T21:39:57.849Z] [INFO] 🚀 Starting ModernEventsCalendar-VA...
[2026-04-14T21:40:00.604Z] [INFO] ✅ ModernEventsCalendar-VA completed in 2.8s - Found: 0, New: 0, Duplicates: 0
[2026-04-14T21:40:02.752Z] [INFO] 🚀 Starting Activities-BowlingAlleys-DMV...
[2026-04-14T21:40:08.563Z] [INFO] ✅ Activities-BowlingAlleys-DMV completed in 5.8s - Found: 15, New: 0, Duplicates: 15
[2026-04-14T21:40:10.684Z] [INFO] 🚀 Starting Activities-FamilyEntertainment-DMV...
[2026-04-14T21:40:19.644Z] [INFO] ✅ Activities-FamilyEntertainment-DMV completed in 9.0s - Found: 24, New: 0, Duplicates: 24
[2026-04-14T21:40:21.920Z] [INFO] 🚀 Starting Activities-IndoorPlaygrounds-DMV...
[2026-04-14T21:40:28.984Z] [INFO] ✅ Activities-IndoorPlaygrounds-DMV completed in 7.1s - Found: 20, New: 0, Duplicates: 20
[2026-04-14T21:40:31.111Z] [INFO] 🚀 Starting Activities-NatureFarms-DMV...
[2026-04-14T21:40:38.995Z] [INFO] ✅ Activities-NatureFarms-DMV completed in 7.9s - Found: 22, New: 0, Duplicates: 22
[2026-04-14T21:40:41.115Z] [INFO] 🔄 Completed 15 scrapers, memory cleanup...
[2026-04-14T21:40:46.119Z] [INFO] 🚀 Starting Activities-SwimmingPools-DMV...
[2026-04-14T21:40:52.139Z] [INFO] ✅ Activities-SwimmingPools-DMV completed in 6.0s - Found: 17, New: 1, Duplicates: 16
[2026-04-14T21:40:54.262Z] [INFO] 🚀 Starting Montgomery-Parks...
[2026-04-14T21:40:55.178Z] [INFO] ✅ Montgomery-Parks completed in 0.9s - Found: 23, New: 0, Duplicates: 0
[2026-04-14T21:40:55.326Z] [INFO] 
============================================================
[2026-04-14T21:40:55.326Z] [INFO] 🍝 Running Macaroni Kid Group 2 (14 states, ~131 sites)
[2026-04-14T21:40:55.326Z] [INFO] ============================================================

[2026-04-14T21:40:55.327Z] [INFO] 🚀 Starting MacaroniKid-FL...
[2026-04-15T00:12:32.773Z] [INFO] ✅ MacaroniKid-FL completed in 9097.4s - Found: 0, New: 286, Duplicates: 0
[2026-04-15T00:12:36.912Z] [INFO] 🚀 Starting MacaroniKid-NY...
[2026-04-15T01:18:38.034Z] [INFO] ✅ MacaroniKid-NY completed in 3961.1s - Found: 0, New: 162, Duplicates: 0
[2026-04-15T01:18:42.180Z] [INFO] 🚀 Starting MacaroniKid-GA...
[2026-04-15T03:32:21.496Z] [INFO] ✅ MacaroniKid-GA completed in 8019.3s - Found: 0, New: 1101, Duplicates: 0
[2026-04-15T03:32:25.624Z] [INFO] 🚀 Starting MacaroniKid-MI...
[2026-04-15T03:49:59.821Z] [INFO] ✅ MacaroniKid-MI completed in 1054.2s - Found: 0, New: 17, Duplicates: 0
[2026-04-15T03:50:03.942Z] [INFO] 🚀 Starting MacaroniKid-CT...
[2026-04-15T04:18:00.505Z] [INFO] ✅ MacaroniKid-CT completed in 1676.6s - Found: 0, New: 94, Duplicates: 0
[2026-04-15T04:18:04.625Z] [INFO] 🔄 Completed 5 Macaroni Kid states, memory cleanup...
[2026-04-15T04:18:14.627Z] [INFO] 🚀 Starting MacaroniKid-MD...
[2026-04-15T10:39:10.992Z] [INFO] ✅ MacaroniKid-MD completed in 22856.4s - Found: 0, New: 295, Duplicates: 0
[2026-04-15T10:39:15.128Z] [INFO] 🚀 Starting MacaroniKid-AZ...
