[2026-04-25T02:15:37.918Z] [INFO] 
============================================================
[2026-04-25T02:15:37.919Z] [INFO] 🐝 FunHive Local Scraper Runner
[2026-04-25T02:15:37.958Z] [INFO] 📅 4/24/2026, 10:15:37 PM EST
[2026-04-25T02:15:37.959Z] [INFO] ============================================================

[2026-04-25T02:15:37.959Z] [INFO] 📅 Today is day 24 → Group 3
[2026-04-25T02:15:37.959Z] [INFO] 
============================================================
[2026-04-25T02:15:37.959Z] [INFO] 📋 Running Group 3 scrapers (19 total)
[2026-04-25T02:15:37.959Z] [INFO] ============================================================

[2026-04-25T02:15:37.960Z] [INFO] 🚀 Starting LibCal-VA...
[2026-04-25T10:27:44.542Z] [INFO] 
============================================================
[2026-04-25T10:27:44.543Z] [INFO] 🐝 FunHive Local Scraper Runner
[2026-04-25T10:27:44.577Z] [INFO] 📅 4/25/2026, 6:27:44 AM EST
[2026-04-25T10:27:44.577Z] [INFO] ============================================================

[2026-04-25T10:27:44.578Z] [INFO] 📅 Today is day 25 → Group 1
[2026-04-25T10:27:44.578Z] [INFO] 
============================================================
[2026-04-25T10:27:44.579Z] [INFO] 📋 Running Group 1 scrapers (23 total)
[2026-04-25T10:27:44.579Z] [INFO] ============================================================

[2026-04-25T10:27:44.579Z] [INFO] 🚀 Starting Communico-DC...
[2026-04-25T10:28:14.822Z] [INFO] ✅ Communico-DC completed in 30.2s - Found: 0, New: 37, Duplicates: 5
[2026-04-25T10:28:16.929Z] [INFO] 🚀 Starting Communico-VA...
[2026-04-25T10:29:37.968Z] [INFO] ✅ Communico-VA completed in 81.0s - Found: 0, New: 34, Duplicates: 4
[2026-04-25T10:29:40.069Z] [INFO] 🚀 Starting BiblioCommons-VA...
[2026-04-25T10:32:26.987Z] [INFO] ✅ BiblioCommons-VA completed in 166.9s - Found: 0, New: 498, Duplicates: 0
[2026-04-25T10:32:29.084Z] [INFO] 🚀 Starting Pratt-Library...
[2026-04-25T10:36:24.466Z] [INFO] ✅ Pratt-Library completed in 235.4s - Found: 0, New: 838, Duplicates: 0
[2026-04-25T10:36:26.584Z] [INFO] 🚀 Starting AACPL...
[2026-04-25T10:36:51.454Z] [INFO] ✅ AACPL completed in 24.9s - Found: 0, New: 14, Duplicates: 10
[2026-04-25T10:36:53.580Z] [INFO] 🔄 Completed 5 scrapers, memory cleanup...
[2026-04-25T10:36:58.583Z] [INFO] 🚀 Starting Prince-Georges-County...
[2026-04-25T10:37:23.673Z] [INFO] ✅ Prince-Georges-County completed in 25.1s - Found: 0, New: 13, Duplicates: 19
[2026-04-25T10:37:25.808Z] [INFO] 🚀 Starting CivicEngage-Libraries...
[2026-04-25T10:38:12.328Z] [INFO] ✅ CivicEngage-Libraries completed in 46.5s - Found: 0, New: 0, Duplicates: 0
[2026-04-25T10:38:14.438Z] [INFO] 🚀 Starting FullCalendar-Libraries...
[2026-04-25T10:40:57.763Z] [INFO] ✅ FullCalendar-Libraries completed in 163.3s - Found: 0, New: 245, Duplicates: 2
[2026-04-25T10:40:59.870Z] [INFO] 🚀 Starting LibraryCalendar-Libraries...
[2026-04-25T11:25:53.995Z] [INFO] ✅ LibraryCalendar-Libraries completed in 2694.1s - Found: 0, New: 2197, Duplicates: 411
[2026-04-25T11:25:56.124Z] [INFO] 🚀 Starting Fairfax-Parks...
[2026-04-25T11:26:57.193Z] [INFO] ✅ Fairfax-Parks completed in 61.1s - Found: 105, New: 105, Duplicates: 0
[2026-04-25T11:26:59.324Z] [INFO] 🔄 Completed 10 scrapers, memory cleanup...
[2026-04-25T11:27:04.328Z] [INFO] 🚀 Starting WordPress-VA...
[2026-04-25T11:45:32.934Z] [INFO] ✅ WordPress-VA completed in 1108.6s - Found: 216, New: 89, Duplicates: 127
[2026-04-25T11:45:35.063Z] [INFO] 🚀 Starting Activities-ArtStudios-DMV...
[2026-04-25T11:45:41.871Z] [INFO] ✅ Activities-ArtStudios-DMV completed in 6.8s - Found: 18, New: 18, Duplicates: 0
[2026-04-25T11:45:44.040Z] [INFO] 🚀 Starting Activities-ClimbingGyms-DMV...
[2026-04-25T11:45:47.308Z] [INFO] ✅ Activities-ClimbingGyms-DMV completed in 3.3s - Found: 10, New: 10, Duplicates: 0
[2026-04-25T11:45:49.430Z] [INFO] 🚀 Starting Activities-IceRinks-DMV...
[2026-04-25T11:45:53.994Z] [INFO] ✅ Activities-IceRinks-DMV completed in 4.6s - Found: 13, New: 13, Duplicates: 0
[2026-04-25T11:45:56.103Z] [INFO] 🚀 Starting Activities-MovieTheaters-DMV...
[2026-04-25T11:46:02.932Z] [INFO] ✅ Activities-MovieTheaters-DMV completed in 6.8s - Found: 20, New: 20, Duplicates: 0
[2026-04-25T11:46:05.054Z] [INFO] 🔄 Completed 15 scrapers, memory cleanup...
[2026-04-25T11:46:10.055Z] [INFO] 🚀 Starting Activities-ScienceDiscovery-DMV...
[2026-04-25T11:46:16.192Z] [INFO] ✅ Activities-ScienceDiscovery-DMV completed in 6.1s - Found: 16, New: 16, Duplicates: 0
[2026-04-25T11:46:18.354Z] [INFO] 🚀 Starting KidsOutAndAbout-DMV...
[2026-04-25T11:52:40.828Z] [INFO] ✅ KidsOutAndAbout-DMV completed in 382.5s - Found: 36, New: 36, Duplicates: 0
[2026-04-25T11:52:42.939Z] [INFO] 🚀 Starting PortDiscovery-MD...
[2026-04-25T11:52:47.525Z] [INFO] ✅ PortDiscovery-MD completed in 4.6s - Found: 0, New: 2, Duplicates: 21
[2026-04-25T11:52:49.681Z] [INFO] 🚀 Starting State-Parks-Events...
[2026-04-25T12:51:12.214Z] [INFO] ✅ State-Parks-Events completed in 3502.5s - Found: 703, New: 703, Duplicates: 519
[2026-04-25T12:51:14.366Z] [INFO] 🚀 Starting Drupal-Parks...
[2026-04-25T12:53:51.130Z] [INFO] ✅ Drupal-Parks completed in 156.8s - Found: 247, New: 247, Duplicates: 243
[2026-04-25T12:53:53.259Z] [INFO] 🔄 Completed 20 scrapers, memory cleanup...
[2026-04-25T12:53:58.266Z] [INFO] 🚀 Starting RecDesk-Parks...
[2026-04-25T13:13:12.755Z] [INFO] ✅ RecDesk-Parks completed in 1154.5s - Found: 228, New: 228, Duplicates: 32
[2026-04-25T13:13:15.000Z] [INFO] 🚀 Starting Venue-Events-ScienceArts...
[2026-04-25T13:34:02.818Z] [INFO] ✅ Venue-Events-ScienceArts completed in 1247.8s - Found: 0, New: 318, Duplicates: 336
[2026-04-25T13:34:04.932Z] [INFO] 🚀 Starting FairsFestivals-Eastern...
[2026-04-25T20:04:29.649Z] [INFO] ✅ FairsFestivals-Eastern completed in 23424.7s - Found: 0, New: 0, Duplicates: 0
[2026-04-25T20:04:29.808Z] [INFO] ℹ️  MacaroniKid scrapers have been moved to separate runners.
[2026-04-25T20:04:29.808Z] [INFO]    Use: node macaroni-runner-group1.js
[2026-04-25T20:04:29.809Z] [INFO] 
============================================================
[2026-04-25T20:04:29.809Z] [INFO] 📊 SUMMARY
[2026-04-25T20:04:29.809Z] [INFO] ============================================================
[2026-04-25T20:04:29.809Z] [INFO] ✅ Success: 23
[2026-04-25T20:04:29.809Z] [INFO] ❌ Failed: 0
[2026-04-25T20:04:29.809Z] [INFO] ⏭️  Skipped: 0
[2026-04-25T20:04:29.809Z] [INFO] ⏱️  Total time: 576.8 minutes
[2026-04-25T20:04:29.809Z] [INFO] 
============================================================

