[2026-04-18T10:10:38.993Z] [INFO] 
============================================================
[2026-04-18T10:10:38.994Z] [INFO] 🐝 FunHive Local Scraper Runner
[2026-04-18T10:10:39.032Z] [INFO] 📅 4/18/2026, 6:10:38 AM EST
[2026-04-18T10:10:39.032Z] [INFO] ============================================================

[2026-04-18T10:10:39.033Z] [INFO] 📅 Today is day 18 → Group 3
[2026-04-18T10:10:39.033Z] [INFO] 
============================================================
[2026-04-18T10:10:39.033Z] [INFO] 📋 Running Group 3 scrapers (18 total)
[2026-04-18T10:10:39.033Z] [INFO] ============================================================

[2026-04-18T10:10:39.034Z] [INFO] 🚀 Starting LibCal-VA...
[2026-04-18T10:11:11.894Z] [INFO] ✅ LibCal-VA completed in 32.9s - Found: 0, New: 22, Duplicates: 18
[2026-04-18T10:11:14.035Z] [INFO] 🚀 Starting Communico-MD...
[2026-04-18T10:22:56.152Z] [INFO] ✅ Communico-MD completed in 702.1s - Found: 0, New: 108, Duplicates: 1149
[2026-04-18T10:22:58.287Z] [INFO] 🚀 Starting Dorchester-County...
[2026-04-18T10:23:19.249Z] [INFO] ✅ Dorchester-County completed in 21.0s - Found: 0, New: 14, Duplicates: 0
[2026-04-18T10:23:21.359Z] [INFO] 🚀 Starting Wicomico-Public...
[2026-04-18T10:23:39.866Z] [INFO] ✅ Wicomico-Public completed in 18.5s - Found: 0, New: 12, Duplicates: 0
[2026-04-18T10:23:41.969Z] [INFO] 🚀 Starting Firespring-Libraries...
[2026-04-18T10:29:07.731Z] [INFO] ✅ Firespring-Libraries completed in 325.8s - Found: 0, New: 165, Duplicates: 0
[2026-04-18T10:29:09.839Z] [INFO] 🔄 Completed 5 scrapers, memory cleanup...
[2026-04-18T10:29:14.846Z] [INFO] 🚀 Starting WithApps-Libraries...
[2026-04-18T10:29:55.263Z] [INFO] ✅ WithApps-Libraries completed in 40.4s - Found: 0, New: 20, Duplicates: 24
[2026-04-18T10:29:57.370Z] [INFO] 🚀 Starting WordPress-Events-Calendar...
[2026-04-18T10:31:45.646Z] [INFO] ✅ WordPress-Events-Calendar completed in 108.3s - Found: 0, New: 25, Duplicates: 2
[2026-04-18T10:31:47.764Z] [INFO] 🚀 Starting Squarespace-Libraries...
[2026-04-18T10:33:36.395Z] [INFO] ✅ Squarespace-Libraries completed in 108.6s - Found: 0, New: 131, Duplicates: 12
[2026-04-18T10:33:38.507Z] [INFO] 🚀 Starting Drupal-Virginia...
[2026-04-18T10:34:41.316Z] [INFO] ✅ Drupal-Virginia completed in 62.8s - Found: 0, New: 20, Duplicates: 4
[2026-04-18T10:34:43.430Z] [INFO] 🚀 Starting RollyPollies-MD...
[2026-04-18T10:36:28.271Z] [INFO] ✅ RollyPollies-MD completed in 104.8s - Found: 0, New: 14, Duplicates: 54
[2026-04-18T10:36:30.386Z] [INFO] 🔄 Completed 10 scrapers, memory cleanup...
[2026-04-18T10:36:35.393Z] [INFO] 🚀 Starting Activities-ChildrensMuseums-DMV...
[2026-04-18T10:36:39.420Z] [INFO] ✅ Activities-ChildrensMuseums-DMV completed in 4.0s - Found: 12, New: 12, Duplicates: 0
[2026-04-18T10:36:41.525Z] [INFO] 🚀 Starting Activities-GymnasticsCenters-DMV...
[2026-04-18T10:36:46.600Z] [INFO] ✅ Activities-GymnasticsCenters-DMV completed in 5.1s - Found: 14, New: 14, Duplicates: 0
[2026-04-18T10:36:48.708Z] [INFO] 🚀 Starting Activities-MinigolfBatting-DMV...
[2026-04-18T10:36:54.616Z] [INFO] ✅ Activities-MinigolfBatting-DMV completed in 5.9s - Found: 18, New: 18, Duplicates: 0
[2026-04-18T10:36:56.726Z] [INFO] 🚀 Starting Activities-RollerSkating-DMV...
[2026-04-18T10:37:01.028Z] [INFO] ✅ Activities-RollerSkating-DMV completed in 4.3s - Found: 13, New: 13, Duplicates: 0
[2026-04-18T10:37:03.141Z] [INFO] 🚀 Starting Activities-TrampolineNinja-DMV...
[2026-04-18T10:37:07.738Z] [INFO] ✅ Activities-TrampolineNinja-DMV completed in 4.6s - Found: 14, New: 14, Duplicates: 0
[2026-04-18T10:37:09.850Z] [INFO] 🔄 Completed 15 scrapers, memory cleanup...
[2026-04-18T10:37:14.856Z] [INFO] 🚀 Starting AARecParks-MD...
[2026-04-18T10:38:33.064Z] [INFO] ✅ AARecParks-MD completed in 78.2s - Found: 60, New: 60, Duplicates: 0
[2026-04-18T10:38:35.172Z] [INFO] 🚀 Starting Venue-Events-ZoosAquariums...
[2026-04-18T10:41:24.791Z] [INFO] ✅ Venue-Events-ZoosAquariums completed in 169.6s - Found: 0, New: 0, Duplicates: 0
