[2026-04-15T10:48:47.021Z] [INFO] 
============================================================
[2026-04-15T10:48:47.022Z] [INFO] 🐝 FunHive Local Scraper Runner
[2026-04-15T10:48:47.058Z] [INFO] 📅 4/15/2026, 6:48:47 AM EST
[2026-04-15T10:48:47.058Z] [INFO] ============================================================

[2026-04-15T10:48:47.058Z] [INFO] 📅 Today is day 15 → Group 3
[2026-04-15T10:48:47.059Z] [INFO] 
============================================================
[2026-04-15T10:48:47.059Z] [INFO] 📋 Running Group 3 scrapers (19 total)
[2026-04-15T10:48:47.059Z] [INFO] ============================================================

[2026-04-15T10:48:47.060Z] [INFO] 🚀 Starting LibCal-MD...
[2026-04-15T10:49:03.434Z] [INFO] ✅ LibCal-MD completed in 16.4s - Found: 0, New: 0, Duplicates: 0
[2026-04-15T10:49:06.096Z] [INFO] 🚀 Starting LibCal-VA...
[2026-04-15T10:49:33.569Z] [INFO] ✅ LibCal-VA completed in 27.5s - Found: 0, New: 20, Duplicates: 20
[2026-04-15T10:49:35.685Z] [INFO] 🚀 Starting Communico-MD...
[2026-04-15T11:04:06.943Z] [INFO] ✅ Communico-MD completed in 871.3s - Found: 0, New: 128, Duplicates: 1469
[2026-04-15T11:04:09.119Z] [INFO] 🚀 Starting Dorchester-County...
[2026-04-15T11:04:31.179Z] [INFO] ✅ Dorchester-County completed in 22.1s - Found: 0, New: 13, Duplicates: 0
[2026-04-15T11:04:33.308Z] [INFO] 🚀 Starting Wicomico-Public...
[2026-04-15T11:04:50.502Z] [INFO] ✅ Wicomico-Public completed in 17.2s - Found: 0, New: 5, Duplicates: 0
[2026-04-15T11:04:52.668Z] [INFO] 🔄 Completed 5 scrapers, memory cleanup...
[2026-04-15T11:04:57.672Z] [INFO] 🚀 Starting Worcester-County...
[2026-04-15T11:05:03.888Z] [INFO] ✅ Worcester-County completed in 6.2s - Found: 0, New: 0, Duplicates: 0
[2026-04-15T11:05:06.032Z] [INFO] 🚀 Starting Firespring-Libraries...
[2026-04-15T11:10:41.585Z] [INFO] ✅ Firespring-Libraries completed in 335.6s - Found: 0, New: 165, Duplicates: 0
[2026-04-15T11:10:43.707Z] [INFO] 🚀 Starting WithApps-Libraries...
[2026-04-15T11:11:27.480Z] [INFO] ✅ WithApps-Libraries completed in 43.8s - Found: 0, New: 25, Duplicates: 17
[2026-04-15T11:11:29.636Z] [INFO] 🚀 Starting WordPress-Events-Calendar...
[2026-04-15T11:13:16.592Z] [INFO] ✅ WordPress-Events-Calendar completed in 107.0s - Found: 0, New: 23, Duplicates: 2
[2026-04-15T11:13:18.722Z] [INFO] 🚀 Starting Squarespace-Libraries...
[2026-04-15T11:15:11.298Z] [INFO] ✅ Squarespace-Libraries completed in 112.6s - Found: 0, New: 126, Duplicates: 12
[2026-04-15T11:15:13.434Z] [INFO] 🔄 Completed 10 scrapers, memory cleanup...
[2026-04-15T11:15:18.437Z] [INFO] 🚀 Starting Drupal-Virginia...
[2026-04-15T11:16:24.064Z] [INFO] ✅ Drupal-Virginia completed in 65.6s - Found: 0, New: 14, Duplicates: 10
[2026-04-15T11:16:26.193Z] [INFO] 🚀 Starting LibraryMarket-MD...
[2026-04-15T11:17:26.963Z] [INFO] ✅ LibraryMarket-MD completed in 60.8s - Found: 0, New: 0, Duplicates: 0
[2026-04-15T11:17:29.573Z] [INFO] 🚀 Starting RollyPollies-MD...
[2026-04-15T11:19:20.581Z] [INFO] ✅ RollyPollies-MD completed in 111.0s - Found: 0, New: 14, Duplicates: 60
[2026-04-15T11:19:22.726Z] [INFO] 🚀 Starting Activities-ChildrensMuseums-DMV...
[2026-04-15T11:19:27.214Z] [INFO] ✅ Activities-ChildrensMuseums-DMV completed in 4.5s - Found: 12, New: 0, Duplicates: 12
[2026-04-15T11:19:29.323Z] [INFO] 🚀 Starting Activities-GymnasticsCenters-DMV...
[2026-04-15T11:19:33.797Z] [INFO] ✅ Activities-GymnasticsCenters-DMV completed in 4.5s - Found: 14, New: 0, Duplicates: 14
[2026-04-15T11:19:35.922Z] [INFO] 🔄 Completed 15 scrapers, memory cleanup...
[2026-04-15T11:19:40.927Z] [INFO] 🚀 Starting Activities-MinigolfBatting-DMV...
[2026-04-15T11:19:46.879Z] [INFO] ✅ Activities-MinigolfBatting-DMV completed in 6.0s - Found: 18, New: 0, Duplicates: 18
[2026-04-15T11:19:48.984Z] [INFO] 🚀 Starting Activities-RollerSkating-DMV...
[2026-04-15T11:19:53.211Z] [INFO] ✅ Activities-RollerSkating-DMV completed in 4.2s - Found: 13, New: 0, Duplicates: 13
[2026-04-15T11:19:55.326Z] [INFO] 🚀 Starting Activities-TrampolineNinja-DMV...
[2026-04-15T11:20:00.126Z] [INFO] ✅ Activities-TrampolineNinja-DMV completed in 4.8s - Found: 14, New: 0, Duplicates: 14
[2026-04-15T11:20:02.349Z] [INFO] 🚀 Starting AARecParks-MD...
[2026-04-15T11:20:58.378Z] [INFO] ✅ AARecParks-MD completed in 56.0s - Found: 58, New: 58, Duplicates: 0
[2026-04-15T11:20:58.508Z] [INFO] 
============================================================
[2026-04-15T11:20:58.508Z] [INFO] 🍝 Running Macaroni Kid Group 3 (14 states, ~149 sites)
[2026-04-15T11:20:58.508Z] [INFO] ============================================================

[2026-04-15T11:20:58.508Z] [INFO] 🚀 Starting MacaroniKid-TX...
[2026-04-15T12:32:09.651Z] [INFO] ✅ MacaroniKid-TX completed in 4271.1s - Found: 0, New: 88, Duplicates: 0
[2026-04-15T12:32:13.779Z] [INFO] 🚀 Starting MacaroniKid-IL...
[2026-04-15T12:54:56.319Z] [INFO] 
============================================================
[2026-04-15T12:54:56.322Z] [INFO] 🐝 FunHive Local Scraper Runner
[2026-04-15T12:54:56.341Z] [INFO] 📅 4/15/2026, 8:54:56 AM EST
[2026-04-15T12:54:56.342Z] [INFO] ============================================================

[2026-04-15T12:54:56.343Z] [INFO] 📅 Today is day 15 → Group 3 (Macaroni Kid only)
[2026-04-15T12:54:56.343Z] [INFO] ℹ️  MacaroniKid scrapers have been moved to separate runners.
[2026-04-15T12:54:56.343Z] [INFO]    Use: node macaroni-runner-group3.js
[2026-04-15T12:54:56.344Z] [INFO] 
============================================================
[2026-04-15T12:54:56.345Z] [INFO] 📊 SUMMARY
[2026-04-15T12:54:56.345Z] [INFO] ============================================================
[2026-04-15T12:54:56.346Z] [INFO] ✅ Success: 0
[2026-04-15T12:54:56.347Z] [INFO] ❌ Failed: 0
[2026-04-15T12:54:56.347Z] [INFO] ⏭️  Skipped: 0
[2026-04-15T12:54:56.348Z] [INFO] ⏱️  Total time: 0.0 minutes
[2026-04-15T12:54:56.348Z] [INFO] 
============================================================

[2026-04-15T12:55:08.476Z] [INFO] 
============================================================
[2026-04-15T12:55:08.479Z] [INFO] 🐝 FunHive Local Scraper Runner
[2026-04-15T12:55:08.499Z] [INFO] 📅 4/15/2026, 8:55:08 AM EST
[2026-04-15T12:55:08.500Z] [INFO] ============================================================

[2026-04-15T12:55:08.502Z] [INFO] 
============================================================
[2026-04-15T12:55:08.503Z] [INFO] 📋 Running Group 1 scrapers (20 total)
[2026-04-15T12:55:08.503Z] [INFO] ============================================================

[2026-04-15T12:55:08.503Z] [INFO] [DRY RUN] Would run: Communico-DC (puppeteer, DC)
[2026-04-15T12:55:08.504Z] [INFO] [DRY RUN] Would run: Communico-VA (puppeteer, VA)
[2026-04-15T12:55:08.504Z] [INFO] [DRY RUN] Would run: BiblioCommons-VA (puppeteer, VA)
[2026-04-15T12:55:08.505Z] [INFO] [DRY RUN] Would run: Pratt-Library (puppeteer, MD)
[2026-04-15T12:55:08.505Z] [INFO] [DRY RUN] Would run: AACPL (puppeteer, MD)
[2026-04-15T12:55:08.505Z] [INFO] [DRY RUN] Would run: Prince-Georges-County (puppeteer, MD)
[2026-04-15T12:55:08.506Z] [INFO] [DRY RUN] Would run: Allegany-County (puppeteer, MD)
[2026-04-15T12:55:08.506Z] [INFO] [DRY RUN] Would run: Ruth-Enlow (puppeteer, MD)
[2026-04-15T12:55:08.507Z] [INFO] [DRY RUN] Would run: CivicEngage-Libraries (puppeteer, VA)
[2026-04-15T12:55:08.508Z] [INFO] [DRY RUN] Would run: FullCalendar-Libraries (puppeteer, VA)
[2026-04-15T12:55:08.508Z] [INFO] [DRY RUN] Would run: LibraryCalendar-Libraries (puppeteer, Multi)
[2026-04-15T12:55:08.508Z] [INFO] [DRY RUN] Would run: Fairfax-Parks (puppeteer, VA)
[2026-04-15T12:55:08.509Z] [INFO] [DRY RUN] Would run: WordPress-VA (puppeteer, VA)
[2026-04-15T12:55:08.509Z] [INFO] [DRY RUN] Would run: Activities-ArtStudios-DMV (puppeteer, Multi)
[2026-04-15T12:55:08.509Z] [INFO] [DRY RUN] Would run: Activities-ClimbingGyms-DMV (puppeteer, Multi)
[2026-04-15T12:55:08.509Z] [INFO] [DRY RUN] Would run: Activities-IceRinks-DMV (puppeteer, Multi)
[2026-04-15T12:55:08.510Z] [INFO] [DRY RUN] Would run: Activities-MovieTheaters-DMV (puppeteer, Multi)
[2026-04-15T12:55:08.510Z] [INFO] [DRY RUN] Would run: Activities-ScienceDiscovery-DMV (puppeteer, Multi)
[2026-04-15T12:55:08.510Z] [INFO] [DRY RUN] Would run: KidsOutAndAbout-DMV (puppeteer, Multi)
[2026-04-15T12:55:08.511Z] [INFO] [DRY RUN] Would run: PortDiscovery-MD (puppeteer, MD)
[2026-04-15T12:55:08.512Z] [INFO] 
============================================================
[2026-04-15T12:55:08.512Z] [INFO] 📊 SUMMARY
[2026-04-15T12:55:08.513Z] [INFO] ============================================================
[2026-04-15T12:55:08.513Z] [INFO] ✅ Success: 0
[2026-04-15T12:55:08.513Z] [INFO] ❌ Failed: 0
[2026-04-15T12:55:08.513Z] [INFO] ⏭️  Skipped: 0
[2026-04-15T12:55:08.514Z] [INFO] ⏱️  Total time: 0.0 minutes
[2026-04-15T12:55:08.514Z] [INFO] 
============================================================

[2026-04-15T13:33:04.021Z] [INFO] ✅ MacaroniKid-IL completed in 3650.2s - Found: 0, New: 282, Duplicates: 0
[2026-04-15T13:33:08.197Z] [INFO] 🚀 Starting MacaroniKid-NJ...
[2026-04-15T14:54:16.069Z] [INFO] ✅ MacaroniKid-NJ completed in 4867.9s - Found: 0, New: 156, Duplicates: 0
[2026-04-15T14:54:20.218Z] [INFO] 🚀 Starting MacaroniKid-OH...
[2026-04-15T14:55:30.328Z] [INFO] ✅ MacaroniKid-OH completed in 70.1s - Found: 0, New: 0, Duplicates: 0
[2026-04-15T14:55:34.510Z] [INFO] 🚀 Starting MacaroniKid-VA...
[2026-04-15T15:42:15.480Z] [INFO] ✅ MacaroniKid-VA completed in 2801.0s - Found: 0, New: 54, Duplicates: 0
[2026-04-15T15:42:19.636Z] [INFO] 🔄 Completed 5 Macaroni Kid states, memory cleanup...
[2026-04-15T15:42:29.637Z] [INFO] 🚀 Starting MacaroniKid-CO...
[2026-04-15T17:06:31.287Z] [INFO] ✅ MacaroniKid-CO completed in 5041.6s - Found: 0, New: 129, Duplicates: 0
[2026-04-15T17:06:35.510Z] [INFO] 🚀 Starting MacaroniKid-WA...
[2026-04-15T17:07:40.505Z] [INFO] 
============================================================
[2026-04-15T17:07:40.506Z] [INFO] 🐝 FunHive Local Scraper Runner
[2026-04-15T17:07:40.547Z] [INFO] 📅 4/15/2026, 1:07:40 PM EST
[2026-04-15T17:07:40.547Z] [INFO] ============================================================

[2026-04-15T17:07:40.547Z] [INFO] 📅 Today is day 15 → Group 3
[2026-04-15T17:07:40.548Z] [INFO] 
============================================================
[2026-04-15T17:07:40.548Z] [INFO] 📋 Running Group 3 scrapers (20 total)
[2026-04-15T17:07:40.548Z] [INFO] ============================================================

[2026-04-15T17:07:40.548Z] [INFO] 🚀 Starting LibCal-MD...
[2026-04-15T17:07:56.324Z] [INFO] ✅ LibCal-MD completed in 15.8s - Found: 0, New: 0, Duplicates: 0
[2026-04-15T17:07:58.852Z] [INFO] 🚀 Starting LibCal-VA...
[2026-04-15T17:08:18.272Z] [INFO] ✅ LibCal-VA completed in 19.4s - Found: 0, New: 8, Duplicates: 32
[2026-04-15T17:08:20.392Z] [INFO] 🚀 Starting Communico-MD...
[2026-04-15T17:23:05.473Z] [INFO] ✅ Communico-MD completed in 885.1s - Found: 0, New: 116, Duplicates: 1484
[2026-04-15T17:23:07.618Z] [INFO] 🚀 Starting Dorchester-County...
[2026-04-15T17:23:29.527Z] [INFO] ✅ Dorchester-County completed in 21.9s - Found: 0, New: 13, Duplicates: 0
[2026-04-15T17:23:31.680Z] [INFO] 🚀 Starting Wicomico-Public...
[2026-04-15T17:23:48.807Z] [INFO] ✅ Wicomico-Public completed in 17.1s - Found: 0, New: 2, Duplicates: 0
[2026-04-15T17:23:50.937Z] [INFO] 🔄 Completed 5 scrapers, memory cleanup...
[2026-04-15T17:23:55.942Z] [INFO] 🚀 Starting Worcester-County...
[2026-04-15T17:24:02.212Z] [INFO] ✅ Worcester-County completed in 6.3s - Found: 0, New: 0, Duplicates: 0
[2026-04-15T17:24:04.400Z] [INFO] 🚀 Starting Firespring-Libraries...
[2026-04-15T17:29:58.099Z] [INFO] ✅ Firespring-Libraries completed in 353.7s - Found: 0, New: 165, Duplicates: 0
[2026-04-15T17:30:00.238Z] [INFO] 🚀 Starting WithApps-Libraries...
[2026-04-15T17:30:42.763Z] [INFO] ✅ WithApps-Libraries completed in 42.5s - Found: 0, New: 16, Duplicates: 27
[2026-04-15T17:30:44.907Z] [INFO] 🚀 Starting WordPress-Events-Calendar...
[2026-04-15T17:32:35.888Z] [INFO] ✅ WordPress-Events-Calendar completed in 111.0s - Found: 0, New: 23, Duplicates: 2
[2026-04-15T17:32:38.024Z] [INFO] 🚀 Starting Squarespace-Libraries...
[2026-04-15T17:34:32.966Z] [INFO] ✅ Squarespace-Libraries completed in 114.9s - Found: 0, New: 114, Duplicates: 24
[2026-04-15T17:34:35.089Z] [INFO] 🔄 Completed 10 scrapers, memory cleanup...
[2026-04-15T17:34:40.097Z] [INFO] 🚀 Starting Drupal-Virginia...
[2026-04-15T17:35:42.682Z] [INFO] ✅ Drupal-Virginia completed in 62.6s - Found: 0, New: 7, Duplicates: 17
[2026-04-15T17:35:44.821Z] [INFO] 🚀 Starting LibraryMarket-MD...
[2026-04-15T17:36:57.427Z] [INFO] ✅ LibraryMarket-MD completed in 72.6s - Found: 0, New: 0, Duplicates: 0
[2026-04-15T17:36:59.628Z] [INFO] 🚀 Starting RollyPollies-MD...
[2026-04-15T17:38:50.892Z] [INFO] ✅ RollyPollies-MD completed in 111.3s - Found: 0, New: 14, Duplicates: 58
[2026-04-15T17:38:53.006Z] [INFO] 🚀 Starting Activities-ChildrensMuseums-DMV...
[2026-04-15T17:38:57.194Z] [INFO] ✅ Activities-ChildrensMuseums-DMV completed in 4.2s - Found: 12, New: 0, Duplicates: 12
[2026-04-15T17:38:59.322Z] [INFO] 🚀 Starting Activities-GymnasticsCenters-DMV...
[2026-04-15T17:39:04.490Z] [INFO] ✅ Activities-GymnasticsCenters-DMV completed in 5.2s - Found: 14, New: 0, Duplicates: 14
[2026-04-15T17:39:06.625Z] [INFO] 🔄 Completed 15 scrapers, memory cleanup...
[2026-04-15T17:39:11.630Z] [INFO] 🚀 Starting Activities-MinigolfBatting-DMV...
[2026-04-15T17:39:18.126Z] [INFO] ✅ Activities-MinigolfBatting-DMV completed in 6.5s - Found: 18, New: 0, Duplicates: 18
[2026-04-15T17:39:20.247Z] [INFO] 🚀 Starting Activities-RollerSkating-DMV...
[2026-04-15T17:39:24.972Z] [INFO] ✅ Activities-RollerSkating-DMV completed in 4.7s - Found: 13, New: 0, Duplicates: 13
[2026-04-15T17:39:27.093Z] [INFO] 🚀 Starting Activities-TrampolineNinja-DMV...
[2026-04-15T17:39:32.159Z] [INFO] ✅ Activities-TrampolineNinja-DMV completed in 5.1s - Found: 14, New: 0, Duplicates: 14
[2026-04-15T17:39:34.302Z] [INFO] 🚀 Starting AARecParks-MD...
[2026-04-15T17:40:29.676Z] [INFO] ✅ AARecParks-MD completed in 55.4s - Found: 58, New: 58, Duplicates: 0
[2026-04-15T17:40:31.823Z] [INFO] 🚀 Starting Venue-Events-ZoosAquariums...
[2026-04-15T17:40:31.827Z] [ERROR] ❌ Venue-Events-ZoosAquariums failed after 0.0s: Cannot find module './helpers/scraper-logger'
Require stack:
- /Users/jenniferkurtz/Desktop/funhive-web/scrapers/scraper-venue-events-zoos-aquariums.js
- /Users/jenniferkurtz/Desktop/funhive-web/scrapers/local-scraper-runner.js
[2026-04-15T17:40:31.957Z] [INFO] 🔄 Completed 20 scrapers, memory cleanup...
[2026-04-15T17:40:36.962Z] [INFO] ℹ️  MacaroniKid scrapers have been moved to separate runners.
[2026-04-15T17:40:36.963Z] [INFO]    Use: node macaroni-runner-group3.js
[2026-04-15T17:40:36.963Z] [INFO] 
============================================================
[2026-04-15T17:40:36.963Z] [INFO] 📊 SUMMARY
[2026-04-15T17:40:36.963Z] [INFO] ============================================================
[2026-04-15T17:40:36.963Z] [INFO] ✅ Success: 19
[2026-04-15T17:40:36.964Z] [INFO] ❌ Failed: 1
[2026-04-15T17:40:36.964Z] [INFO] ⏭️  Skipped: 0
[2026-04-15T17:40:36.964Z] [INFO] ⏱️  Total time: 32.9 minutes
[2026-04-15T17:40:36.964Z] [INFO] 
Failed scrapers:
[2026-04-15T17:40:36.964Z] [INFO]   - Venue-Events-ZoosAquariums: Cannot find module './helpers/scraper-logger'
Require stack:
- /Users/jenniferkurtz/Desktop/funhive-web/scrapers/scraper-venue-events-zoos-aquariums.js
- /Users/jenniferkurtz/Desktop/funhive-web/scrapers/local-scraper-runner.js
[2026-04-15T17:40:36.964Z] [INFO] 
============================================================

