[2026-04-26T10:55:04.274Z] [INFO] 
============================================================
[2026-04-26T10:55:04.274Z] [INFO] 🐝 FunHive Local Scraper Runner
[2026-04-26T10:55:04.317Z] [INFO] 📅 4/26/2026, 6:55:04 AM EST
[2026-04-26T10:55:04.317Z] [INFO] ============================================================

[2026-04-26T10:55:04.317Z] [INFO] 📅 Today is day 26 → Group 2
[2026-04-26T10:55:04.318Z] [INFO] 
============================================================
[2026-04-26T10:55:04.318Z] [INFO] 📋 Running Group 2 scrapers (26 total)
[2026-04-26T10:55:04.318Z] [INFO] ============================================================

[2026-04-26T10:55:04.318Z] [INFO] 🚀 Starting Howard-County...
[2026-04-26T10:56:20.103Z] [INFO] ✅ Howard-County completed in 75.8s - Found: 0, New: 116, Duplicates: 2
[2026-04-26T10:56:22.232Z] [INFO] 🚀 Starting LibraryMarket...
[2026-04-26T14:38:33.169Z] [INFO] ✅ LibraryMarket completed in 13330.9s - Found: 0, New: 3042, Duplicates: 552
[2026-04-26T14:38:35.279Z] [INFO] 🚀 Starting Cecil-County...
[2026-04-26T14:39:59.402Z] [INFO] ✅ Cecil-County completed in 84.1s - Found: 0, New: 24, Duplicates: 0
[2026-04-26T14:40:01.528Z] [INFO] 🚀 Starting Somerset-County...
[2026-04-26T14:48:38.419Z] [INFO] ✅ Somerset-County completed in 516.9s - Found: 0, New: 523, Duplicates: 402
[2026-04-26T14:48:40.533Z] [INFO] 🚀 Starting Rockbridge-Regional...
[2026-04-26T14:59:57.820Z] [INFO] ✅ Rockbridge-Regional completed in 677.3s - Found: 0, New: 170, Duplicates: 1
[2026-04-26T14:59:59.945Z] [INFO] 🔄 Completed 5 scrapers, memory cleanup...
[2026-04-26T15:00:04.950Z] [INFO] 🚀 Starting EventActions-Libraries...
[2026-04-26T15:27:59.634Z] [INFO] ✅ EventActions-Libraries completed in 1674.7s - Found: 0, New: 317, Duplicates: 183
[2026-04-26T15:28:01.787Z] [INFO] 🚀 Starting CustomDrupal-Libraries...
[2026-04-26T15:38:47.205Z] [INFO] ✅ CustomDrupal-Libraries completed in 645.4s - Found: 0, New: 122, Duplicates: 240
[2026-04-26T15:38:49.323Z] [INFO] 🚀 Starting PG-Parks...
[2026-04-26T15:39:05.821Z] [INFO] ✅ PG-Parks completed in 16.5s - Found: 26, New: 26, Duplicates: 0
[2026-04-26T15:39:07.935Z] [INFO] 🚀 Starting WordPress-MD...
[2026-04-26T16:07:55.773Z] [INFO] ✅ WordPress-MD completed in 1727.8s - Found: 441, New: 147, Duplicates: 294
[2026-04-26T16:07:57.886Z] [INFO] 🚀 Starting Activities-BowlingAlleys-DMV...
[2026-04-26T16:08:03.169Z] [INFO] ✅ Activities-BowlingAlleys-DMV completed in 5.3s - Found: 15, New: 15, Duplicates: 0
[2026-04-26T16:08:05.269Z] [INFO] 🔄 Completed 10 scrapers, memory cleanup...
[2026-04-26T16:08:10.271Z] [INFO] 🚀 Starting Activities-FamilyEntertainment-DMV...
[2026-04-26T16:08:19.596Z] [INFO] ✅ Activities-FamilyEntertainment-DMV completed in 9.3s - Found: 24, New: 24, Duplicates: 0
[2026-04-26T16:08:21.722Z] [INFO] 🚀 Starting Activities-IndoorPlaygrounds-DMV...
[2026-04-26T16:08:28.991Z] [INFO] ✅ Activities-IndoorPlaygrounds-DMV completed in 7.3s - Found: 20, New: 20, Duplicates: 0
[2026-04-26T16:08:31.112Z] [INFO] 🚀 Starting Activities-NatureFarms-DMV...
[2026-04-26T16:08:38.805Z] [INFO] ✅ Activities-NatureFarms-DMV completed in 7.7s - Found: 22, New: 22, Duplicates: 0
[2026-04-26T16:08:40.938Z] [INFO] 🚀 Starting Activities-SwimmingPools-DMV...
[2026-04-26T16:08:48.027Z] [INFO] ✅ Activities-SwimmingPools-DMV completed in 7.1s - Found: 17, New: 17, Duplicates: 0
[2026-04-26T16:08:50.149Z] [INFO] 🚀 Starting Montgomery-Parks...
[2026-04-26T16:08:51.368Z] [INFO] ✅ Montgomery-Parks completed in 1.2s - Found: 29, New: 29, Duplicates: 0
[2026-04-26T16:08:53.495Z] [INFO] 🔄 Completed 15 scrapers, memory cleanup...
[2026-04-26T16:08:58.499Z] [INFO] 🚀 Starting Localist-Parks...
[2026-04-26T16:09:28.963Z] [INFO] ✅ Localist-Parks completed in 30.5s - Found: 0, New: 0, Duplicates: 48
[2026-04-26T16:09:31.089Z] [INFO] 🚀 Starting NPS-Parks...
[2026-04-26T16:21:33.335Z] [INFO] ✅ NPS-Parks completed in 722.2s - Found: 354, New: 354, Duplicates: 69
[2026-04-26T16:21:35.483Z] [INFO] 🚀 Starting Activities-Eastern-US...
[2026-04-26T16:22:59.386Z] [INFO] ✅ Activities-Eastern-US completed in 83.9s - Found: 226, New: 226, Duplicates: 0
[2026-04-26T16:23:01.511Z] [INFO] 🚀 Starting Venue-Events-ChildrensMuseums...
[2026-04-26T16:39:42.276Z] [INFO] ✅ Venue-Events-ChildrensMuseums completed in 1000.8s - Found: 0, New: 0, Duplicates: 0
[2026-04-26T16:39:44.396Z] [INFO] 🚀 Starting Festivals-Eastern-US...
[2026-04-26T17:02:44.357Z] [INFO] ✅ Festivals-Eastern-US completed in 1380.0s - Found: 0, New: 42, Duplicates: 3549
[2026-04-26T17:02:46.490Z] [INFO] 🔄 Completed 20 scrapers, memory cleanup...
[2026-04-26T17:02:51.496Z] [INFO] 🚀 Starting FestivalGuides-Eastern...
[2026-04-27T13:28:54.530Z] [INFO] ✅ FestivalGuides-Eastern completed in 73563.0s - Found: 0, New: 0, Duplicates: 0
[2026-04-27T13:28:56.661Z] [INFO] 🚀 Starting LibraryMarket-ME-NH-MA...
[2026-04-27T13:35:17.407Z] [INFO] ✅ LibraryMarket-ME-NH-MA completed in 380.7s - Found: 106, New: 106, Duplicates: 0
[2026-04-27T13:35:19.543Z] [INFO] 🚀 Starting BarnesNoble-Eastern...
[2026-04-27T13:52:38.438Z] [INFO] ✅ BarnesNoble-Eastern completed in 1038.9s - Found: 0, New: 0, Duplicates: 0
[2026-04-27T13:52:40.908Z] [INFO] 🚀 Starting ActiveNet-Parks-Eastern...
[2026-04-27T14:42:30.022Z] [INFO] ✅ ActiveNet-Parks-Eastern completed in 2989.1s - Found: 0, New: 0, Duplicates: 0
[2026-04-27T14:42:32.274Z] [INFO] 🚀 Starting Simpleview-Tourism-Eastern...
[2026-04-27T15:34:00.727Z] [INFO] ✅ Simpleview-Tourism-Eastern completed in 3088.5s - Found: 0, New: 0, Duplicates: 0
[2026-04-27T15:34:02.879Z] [INFO] 🔄 Completed 25 scrapers, memory cleanup...
[2026-04-27T15:34:07.884Z] [INFO] 🚀 Starting YMCA-Community-Eastern...
[2026-04-27T15:58:22.645Z] [INFO] ✅ YMCA-Community-Eastern completed in 1454.8s - Found: 0, New: 0, Duplicates: 0
[2026-04-27T15:58:22.797Z] [INFO] ℹ️  MacaroniKid scrapers have been moved to separate runners.
[2026-04-27T15:58:22.797Z] [INFO]    Use: node macaroni-runner-group2.js
[2026-04-27T15:58:22.797Z] [INFO] 
============================================================
[2026-04-27T15:58:22.798Z] [INFO] 📊 SUMMARY
[2026-04-27T15:58:22.798Z] [INFO] ============================================================
[2026-04-27T15:58:22.798Z] [INFO] ✅ Success: 26
[2026-04-27T15:58:22.798Z] [INFO] ❌ Failed: 0
[2026-04-27T15:58:22.798Z] [INFO] ⏭️  Skipped: 0
[2026-04-27T15:58:22.798Z] [INFO] ⏱️  Total time: 1743.3 minutes
[2026-04-27T15:58:22.799Z] [INFO] 
============================================================

