[2026-04-08T00:43:18.177Z] [INFO] 
============================================================
[2026-04-08T00:43:18.178Z] [INFO] 🐝 FunHive Local Scraper Runner
[2026-04-08T00:43:18.247Z] [INFO] 📅 4/7/2026, 8:43:18 PM EST
[2026-04-08T00:43:18.247Z] [INFO] ============================================================

[2026-04-08T00:43:18.247Z] [INFO] 📅 Today is day 7 → Group 1
[2026-04-08T00:43:18.248Z] [INFO] 
============================================================
[2026-04-08T00:43:18.248Z] [INFO] 📋 Running Group 1 scrapers (36 total)
[2026-04-08T00:43:18.248Z] [INFO] ============================================================

[2026-04-08T00:43:18.249Z] [INFO] 🚀 Starting LibCal-CA...
[2026-04-08T00:45:10.239Z] [INFO] ✅ LibCal-CA completed in 112.0s - Found: 0, New: 118, Duplicates: 36
[2026-04-08T00:45:12.378Z] [INFO] 🚀 Starting LibCal-DE...
[2026-04-08T00:45:31.437Z] [INFO] ✅ LibCal-DE completed in 19.1s - Found: 0, New: 13, Duplicates: 7
[2026-04-08T00:45:33.565Z] [INFO] 🚀 Starting LibCal-IA...
[2026-04-08T00:46:15.965Z] [INFO] ✅ LibCal-IA completed in 42.4s - Found: 0, New: 38, Duplicates: 6
[2026-04-08T00:46:18.092Z] [INFO] 🚀 Starting LibCal-NC...
[2026-04-08T00:48:10.899Z] [INFO] ✅ LibCal-NC completed in 112.8s - Found: 0, New: 97, Duplicates: 38
[2026-04-08T00:48:13.041Z] [INFO] 🚀 Starting LibCal-NY2...
[2026-04-08T00:52:00.853Z] [INFO] ✅ LibCal-NY2 completed in 227.8s - Found: 0, New: 265, Duplicates: 320
[2026-04-08T00:52:02.987Z] [INFO] 🔄 Completed 5 scrapers, memory cleanup...
[2026-04-08T00:52:07.994Z] [INFO] 🚀 Starting LibCal-RI...
[2026-04-08T00:53:24.795Z] [INFO] ✅ LibCal-RI completed in 76.8s - Found: 0, New: 83, Duplicates: 53
[2026-04-08T00:53:27.002Z] [INFO] 🚀 Starting LibCal-TX...
[2026-04-08T00:56:49.867Z] [INFO] ✅ LibCal-TX completed in 202.9s - Found: 0, New: 294, Duplicates: 55
[2026-04-08T00:56:52.022Z] [INFO] 🚀 Starting LibCal-WV...
[2026-04-08T00:57:05.954Z] [INFO] ✅ LibCal-WV completed in 13.9s - Found: 0, New: 0, Duplicates: 0
[2026-04-08T00:57:08.071Z] [INFO] 🚀 Starting Communico-DC...
[2026-04-08T00:59:19.688Z] [INFO] ✅ Communico-DC completed in 131.6s - Found: 0, New: 0, Duplicates: 0
[2026-04-08T00:59:21.938Z] [INFO] 🚀 Starting Communico-IA...
[2026-04-08T00:59:41.662Z] [INFO] ✅ Communico-IA completed in 19.7s - Found: 0, New: 0, Duplicates: 0
[2026-04-08T00:59:43.807Z] [INFO] 🔄 Completed 10 scrapers, memory cleanup...
[2026-04-08T00:59:48.812Z] [INFO] 🚀 Starting Communico-MA...
[2026-04-08T01:03:34.996Z] [INFO] ✅ Communico-MA completed in 226.2s - Found: 0, New: 0, Duplicates: 0
[2026-04-08T01:03:37.168Z] [INFO] 🚀 Starting Communico-NV...
[2026-04-08T01:03:53.547Z] [INFO] ✅ Communico-NV completed in 16.4s - Found: 0, New: 0, Duplicates: 0
[2026-04-08T01:03:55.700Z] [INFO] 🚀 Starting Communico-OR...
[2026-04-08T01:05:14.427Z] [INFO] ✅ Communico-OR completed in 78.7s - Found: 0, New: 0, Duplicates: 0
[2026-04-08T01:05:16.699Z] [INFO] 🚀 Starting Communico-VA...
[2026-04-08T01:18:16.252Z] [INFO] ✅ Communico-VA completed in 779.6s - Found: 0, New: 0, Duplicates: 0
[2026-04-08T01:18:18.517Z] [INFO] 🚀 Starting BiblioCommons-CA2...
[2026-04-08T01:19:24.725Z] [INFO] ✅ BiblioCommons-CA2 completed in 66.2s - Found: 0, New: 0, Duplicates: 62
[2026-04-08T01:19:26.892Z] [INFO] 🔄 Completed 15 scrapers, memory cleanup...
[2026-04-08T01:19:31.896Z] [INFO] 🚀 Starting BiblioCommons-IL...
[2026-04-08T01:20:13.391Z] [INFO] ✅ BiblioCommons-IL completed in 41.5s - Found: 0, New: 0, Duplicates: 62
[2026-04-08T01:20:15.532Z] [INFO] 🚀 Starting BiblioCommons-MN...
[2026-04-08T01:21:03.428Z] [INFO] ✅ BiblioCommons-MN completed in 47.9s - Found: 0, New: 0, Duplicates: 41
[2026-04-08T01:21:05.587Z] [INFO] 🚀 Starting BiblioCommons-NJ...
[2026-04-08T01:21:21.320Z] [INFO] ✅ BiblioCommons-NJ completed in 15.7s - Found: 0, New: 0, Duplicates: 20
[2026-04-08T01:21:23.463Z] [INFO] 🚀 Starting BiblioCommons-VA...
[2026-04-08T01:21:37.539Z] [INFO] ✅ BiblioCommons-VA completed in 14.1s - Found: 0, New: 0, Duplicates: 20
[2026-04-08T01:21:39.695Z] [INFO] 🚀 Starting Pratt-Library...
[2026-04-08T01:27:15.393Z] [INFO] ✅ Pratt-Library completed in 335.7s - Found: 0, New: 940, Duplicates: 0
[2026-04-08T01:27:17.539Z] [INFO] 🔄 Completed 20 scrapers, memory cleanup...
[2026-04-08T01:27:22.551Z] [INFO] 🚀 Starting SanAntonio-Library...
[2026-04-08T01:31:41.434Z] [ERROR] ❌ SanAntonio-Library failed after 258.9s: Could not find the 'dataType' column of 'scraper_logs' in the schema cache
[2026-04-08T01:31:43.571Z] [INFO] 🚀 Starting DesMoines-Library...
[2026-04-08T01:33:54.353Z] [ERROR] ❌ DesMoines-Library failed after 130.8s: Could not find the 'dataType' column of 'scraper_logs' in the schema cache
[2026-04-08T01:33:56.863Z] [INFO] 🚀 Starting FreeLibrary-Philadelphia...
[2026-04-08T01:34:12.164Z] [ERROR] ❌ FreeLibrary-Philadelphia failed after 15.3s: Could not find the 'dataType' column of 'scraper_logs' in the schema cache
[2026-04-08T01:34:14.347Z] [INFO] 🚀 Starting AACPL...
[2026-04-08T01:34:44.699Z] [ERROR] ❌ AACPL failed after 30.4s: Could not find the 'dataType' column of 'scraper_logs' in the schema cache
[2026-04-08T01:34:46.831Z] [INFO] 🚀 Starting Prince-Georges-County...
[2026-04-08T01:35:04.266Z] [ERROR] ❌ Prince-Georges-County failed after 17.4s: Could not find the 'dataType' column of 'scraper_logs' in the schema cache
[2026-04-08T01:35:06.384Z] [INFO] 🔄 Completed 25 scrapers, memory cleanup...
[2026-04-08T01:35:11.389Z] [INFO] 🚀 Starting Allegany-County...
[2026-04-08T01:35:19.938Z] [INFO] ✅ Allegany-County completed in 8.5s - Found: 0, New: 0, Duplicates: 0
[2026-04-08T01:35:22.183Z] [INFO] 🚀 Starting Ruth-Enlow...
[2026-04-08T01:35:28.939Z] [INFO] ✅ Ruth-Enlow completed in 6.8s - Found: 0, New: 0, Duplicates: 0
[2026-04-08T01:35:31.235Z] [INFO] 🚀 Starting Westmoreland-Library...
[2026-04-08T01:36:06.769Z] [ERROR] ❌ Westmoreland-Library failed after 35.5s: Could not find the 'dataType' column of 'scraper_logs' in the schema cache
[2026-04-08T01:36:09.024Z] [INFO] 🚀 Starting CivicEngage-Libraries...
[2026-04-08T01:40:54.473Z] [ERROR] ❌ CivicEngage-Libraries failed after 285.4s: Could not find the 'dataType' column of 'scraper_logs' in the schema cache
[2026-04-08T01:40:56.834Z] [INFO] 🚀 Starting FullCalendar-Libraries...
[2026-04-08T01:47:47.148Z] [INFO] ✅ FullCalendar-Libraries completed in 410.3s - Found: 0, New: 0, Duplicates: 265
[2026-04-08T01:47:49.556Z] [INFO] 🔄 Completed 30 scrapers, memory cleanup...
[2026-04-08T01:47:54.560Z] [INFO] 🚀 Starting LibraryCalendar-Libraries...
[2026-04-08T04:15:51.203Z] [INFO] ✅ LibraryCalendar-Libraries completed in 8876.6s - Found: 0, New: 2654, Duplicates: 369
[2026-04-08T04:15:53.465Z] [INFO] 🚀 Starting Drupal-Pennsylvania...
[2026-04-08T04:32:15.037Z] [INFO] ✅ Drupal-Pennsylvania completed in 981.6s - Found: 0, New: 0, Duplicates: 0
[2026-04-08T04:32:17.181Z] [INFO] 🚀 Starting Fairfax-Parks...
[2026-04-08T04:33:16.548Z] [ERROR] ❌ Fairfax-Parks failed after 59.4s: Could not find the 'dataType' column of 'scraper_logs' in the schema cache
[2026-04-08T04:33:18.678Z] [INFO] 🚀 Starting Trumba-Spartanburg...
[2026-04-08T04:54:10.167Z] [ERROR] ❌ Trumba-Spartanburg failed after 1251.5s: Could not find the 'dataType' column of 'scraper_logs' in the schema cache
[2026-04-08T04:54:12.333Z] [INFO] 🚀 Starting EventON-Lexington...
[2026-04-08T05:37:42.401Z] [INFO] ✅ EventON-Lexington completed in 2610.1s - Found: 0, New: 0, Duplicates: 216
[2026-04-08T05:37:45.980Z] [INFO] 🔄 Completed 35 scrapers, memory cleanup...
[2026-04-08T05:37:50.985Z] [INFO] 🚀 Starting WordPress-Abbe-Regional...
[2026-04-08T05:38:20.000Z] [INFO] ✅ WordPress-Abbe-Regional completed in 29.0s - Found: 0, New: 19, Duplicates: 0
[2026-04-08T05:38:20.125Z] [INFO] 
============================================================
[2026-04-08T05:38:20.125Z] [INFO] 🍝 Running Macaroni Kid Group 1 (15 states, ~139 sites)
[2026-04-08T05:38:20.125Z] [INFO] ============================================================

[2026-04-08T05:38:20.125Z] [INFO] 🚀 Starting MacaroniKid-CA...
[2026-04-08T07:44:17.726Z] [ERROR] ❌ MacaroniKid-CA failed after 7557.6s: Could not find the 'dataType' column of 'scraper_logs' in the schema cache
[2026-04-08T07:44:21.874Z] [INFO] 🚀 Starting MacaroniKid-PA...
[2026-04-08T09:48:41.164Z] [ERROR] ❌ MacaroniKid-PA failed after 7459.3s: Could not find the 'dataType' column of 'scraper_logs' in the schema cache
[2026-04-08T09:48:45.290Z] [INFO] 🚀 Starting MacaroniKid-NC...
[2026-04-08T10:50:05.660Z] [ERROR] ❌ MacaroniKid-NC failed after 3680.4s: Could not find the 'dataType' column of 'scraper_logs' in the schema cache
[2026-04-08T10:50:09.934Z] [INFO] 🚀 Starting MacaroniKid-MA...
[2026-04-08T12:52:07.316Z] [ERROR] ❌ MacaroniKid-MA failed after 7317.4s: Could not find the 'dataType' column of 'scraper_logs' in the schema cache
[2026-04-08T12:52:11.540Z] [INFO] 🚀 Starting MacaroniKid-TN...
[2026-04-08T13:05:09.772Z] [ERROR] ❌ MacaroniKid-TN failed after 778.2s: Could not find the 'dataType' column of 'scraper_logs' in the schema cache
[2026-04-08T13:05:13.907Z] [INFO] 🔄 Completed 5 Macaroni Kid states, memory cleanup...
[2026-04-08T13:05:23.911Z] [INFO] 🚀 Starting MacaroniKid-AL...
[2026-04-08T13:17:10.162Z] [ERROR] ❌ MacaroniKid-AL failed after 706.3s: Could not find the 'dataType' column of 'scraper_logs' in the schema cache
[2026-04-08T13:17:14.376Z] [INFO] 🚀 Starting MacaroniKid-MN...
[2026-04-08T13:49:41.873Z] [ERROR] ❌ MacaroniKid-MN failed after 1947.5s: Could not find the 'dataType' column of 'scraper_logs' in the schema cache
[2026-04-08T13:49:46.019Z] [INFO] 🚀 Starting MacaroniKid-KY...
[2026-04-08T14:14:41.949Z] [ERROR] ❌ MacaroniKid-KY failed after 1495.9s: Could not find the 'dataType' column of 'scraper_logs' in the schema cache
[2026-04-08T14:14:46.099Z] [INFO] 🚀 Starting MacaroniKid-IA...
[2026-04-08T14:19:23.445Z] [ERROR] ❌ MacaroniKid-IA failed after 277.3s: Could not find the 'dataType' column of 'scraper_logs' in the schema cache
[2026-04-08T14:19:27.590Z] [INFO] 🚀 Starting MacaroniKid-HI...
[2026-04-08T14:20:50.127Z] [ERROR] ❌ MacaroniKid-HI failed after 82.5s: Could not find the 'dataType' column of 'scraper_logs' in the schema cache
[2026-04-08T14:20:54.263Z] [INFO] 🔄 Completed 10 Macaroni Kid states, memory cleanup...
[2026-04-08T14:21:04.269Z] [INFO] 🚀 Starting MacaroniKid-NE...
[2026-04-08T14:33:44.530Z] [ERROR] ❌ MacaroniKid-NE failed after 760.3s: Could not find the 'dataType' column of 'scraper_logs' in the schema cache
[2026-04-08T14:33:48.693Z] [INFO] 🚀 Starting MacaroniKid-RI...
[2026-04-08T15:17:53.824Z] [ERROR] ❌ MacaroniKid-RI failed after 2645.1s: Could not find the 'dataType' column of 'scraper_logs' in the schema cache
[2026-04-08T15:17:58.044Z] [INFO] 🚀 Starting MacaroniKid-DC...
[2026-04-08T15:18:47.843Z] [ERROR] ❌ MacaroniKid-DC failed after 49.8s: Could not find the 'dataType' column of 'scraper_logs' in the schema cache
[2026-04-08T15:18:52.161Z] [INFO] 🚀 Starting MacaroniKid-WV...
[2026-04-08T15:19:31.908Z] [ERROR] ❌ MacaroniKid-WV failed after 39.7s: Could not find the 'dataType' column of 'scraper_logs' in the schema cache
[2026-04-08T15:19:36.070Z] [INFO] 🚀 Starting MacaroniKid-SD...
[2026-04-08T15:20:49.413Z] [ERROR] ❌ MacaroniKid-SD failed after 73.3s: Could not find the 'dataType' column of 'scraper_logs' in the schema cache
[2026-04-08T15:20:49.566Z] [INFO] 🔄 Completed 15 Macaroni Kid states, memory cleanup...
[2026-04-08T15:20:59.569Z] [INFO] 
============================================================
[2026-04-08T15:20:59.570Z] [INFO] 📊 SUMMARY
[2026-04-08T15:20:59.570Z] [INFO] ============================================================
[2026-04-08T15:20:59.571Z] [INFO] ✅ Success: 27
[2026-04-08T15:20:59.571Z] [INFO] ❌ Failed: 24
[2026-04-08T15:20:59.571Z] [INFO] ⏭️  Skipped: 0
[2026-04-08T15:20:59.571Z] [INFO] ⏱️  Total time: 877.7 minutes
[2026-04-08T15:20:59.571Z] [INFO] 
Failed scrapers:
[2026-04-08T15:20:59.571Z] [INFO]   - SanAntonio-Library: Could not find the 'dataType' column of 'scraper_logs' in the schema cache
[2026-04-08T15:20:59.572Z] [INFO]   - DesMoines-Library: Could not find the 'dataType' column of 'scraper_logs' in the schema cache
[2026-04-08T15:20:59.572Z] [INFO]   - FreeLibrary-Philadelphia: Could not find the 'dataType' column of 'scraper_logs' in the schema cache
[2026-04-08T15:20:59.572Z] [INFO]   - AACPL: Could not find the 'dataType' column of 'scraper_logs' in the schema cache
[2026-04-08T15:20:59.572Z] [INFO]   - Prince-Georges-County: Could not find the 'dataType' column of 'scraper_logs' in the schema cache
[2026-04-08T15:20:59.572Z] [INFO]   - Westmoreland-Library: Could not find the 'dataType' column of 'scraper_logs' in the schema cache
[2026-04-08T15:20:59.572Z] [INFO]   - CivicEngage-Libraries: Could not find the 'dataType' column of 'scraper_logs' in the schema cache
[2026-04-08T15:20:59.573Z] [INFO]   - Fairfax-Parks: Could not find the 'dataType' column of 'scraper_logs' in the schema cache
[2026-04-08T15:20:59.573Z] [INFO]   - Trumba-Spartanburg: Could not find the 'dataType' column of 'scraper_logs' in the schema cache
[2026-04-08T15:20:59.573Z] [INFO]   - MacaroniKid-CA: Could not find the 'dataType' column of 'scraper_logs' in the schema cache
[2026-04-08T15:20:59.573Z] [INFO]   - MacaroniKid-PA: Could not find the 'dataType' column of 'scraper_logs' in the schema cache
[2026-04-08T15:20:59.573Z] [INFO]   - MacaroniKid-NC: Could not find the 'dataType' column of 'scraper_logs' in the schema cache
[2026-04-08T15:20:59.573Z] [INFO]   - MacaroniKid-MA: Could not find the 'dataType' column of 'scraper_logs' in the schema cache
[2026-04-08T15:20:59.573Z] [INFO]   - MacaroniKid-TN: Could not find the 'dataType' column of 'scraper_logs' in the schema cache
[2026-04-08T15:20:59.574Z] [INFO]   - MacaroniKid-AL: Could not find the 'dataType' column of 'scraper_logs' in the schema cache
[2026-04-08T15:20:59.574Z] [INFO]   - MacaroniKid-MN: Could not find the 'dataType' column of 'scraper_logs' in the schema cache
[2026-04-08T15:20:59.574Z] [INFO]   - MacaroniKid-KY: Could not find the 'dataType' column of 'scraper_logs' in the schema cache
[2026-04-08T15:20:59.574Z] [INFO]   - MacaroniKid-IA: Could not find the 'dataType' column of 'scraper_logs' in the schema cache
[2026-04-08T15:20:59.574Z] [INFO]   - MacaroniKid-HI: Could not find the 'dataType' column of 'scraper_logs' in the schema cache
[2026-04-08T15:20:59.574Z] [INFO]   - MacaroniKid-NE: Could not find the 'dataType' column of 'scraper_logs' in the schema cache
[2026-04-08T15:20:59.575Z] [INFO]   - MacaroniKid-RI: Could not find the 'dataType' column of 'scraper_logs' in the schema cache
[2026-04-08T15:20:59.575Z] [INFO]   - MacaroniKid-DC: Could not find the 'dataType' column of 'scraper_logs' in the schema cache
[2026-04-08T15:20:59.575Z] [INFO]   - MacaroniKid-WV: Could not find the 'dataType' column of 'scraper_logs' in the schema cache
[2026-04-08T15:20:59.576Z] [INFO]   - MacaroniKid-SD: Could not find the 'dataType' column of 'scraper_logs' in the schema cache
[2026-04-08T15:20:59.576Z] [INFO] 
============================================================

[2026-04-08T16:31:27.771Z] [INFO] 
============================================================
[2026-04-08T16:31:27.774Z] [INFO] 🐝 FunHive Local Scraper Runner
[2026-04-08T16:31:27.836Z] [INFO] 📅 4/8/2026, 12:31:27 PM EST
[2026-04-08T16:31:27.836Z] [INFO] ============================================================

[2026-04-08T16:31:27.837Z] [INFO] 📅 Today is day 8 → Group 2
[2026-04-08T16:31:27.837Z] [INFO] 
============================================================
[2026-04-08T16:31:27.837Z] [INFO] 📋 Running Group 2 scrapers (35 total)
[2026-04-08T16:31:27.837Z] [INFO] ============================================================

[2026-04-08T16:31:27.838Z] [INFO] 🚀 Starting LibCal-CT...
[2026-04-08T16:32:29.343Z] [INFO] ✅ LibCal-CT completed in 61.5s - Found: 0, New: 51, Duplicates: 17
[2026-04-08T16:32:31.478Z] [INFO] 🚀 Starting LibCal-GA...
[2026-04-08T16:32:31.616Z] [ERROR] ❌ LibCal-GA failed after 0.1s: invalid input syntax for type uuid: "GFgSA9twRf_ZcbHOTHeu"
[2026-04-08T16:32:33.739Z] [INFO] 🚀 Starting LibCal-MA...
[2026-04-08T16:33:26.862Z] [INFO] ✅ LibCal-MA completed in 53.1s - Found: 0, New: 40, Duplicates: 10
[2026-04-08T16:33:28.994Z] [INFO] 🚀 Starting LibCal-NY1...
[2026-04-08T16:36:49.750Z] [INFO] ✅ LibCal-NY1 completed in 200.8s - Found: 0, New: 174, Duplicates: 101
[2026-04-08T16:36:51.911Z] [INFO] 🚀 Starting LibCal-PA...
[2026-04-08T16:48:48.415Z] [INFO] ✅ LibCal-PA completed in 716.5s - Found: 0, New: 1120, Duplicates: 59
[2026-04-08T16:48:50.543Z] [INFO] 🔄 Completed 5 scrapers, memory cleanup...
[2026-04-08T16:48:55.547Z] [INFO] 🚀 Starting LibCal-TN...
[2026-04-08T16:49:27.957Z] [INFO] ✅ LibCal-TN completed in 32.4s - Found: 0, New: 41, Duplicates: 7
[2026-04-08T16:49:30.100Z] [INFO] 🚀 Starting LibCal-WA...
[2026-04-08T16:50:20.685Z] [INFO] ✅ LibCal-WA completed in 50.6s - Found: 0, New: 34, Duplicates: 14
[2026-04-08T16:50:22.819Z] [INFO] 🚀 Starting Communico-CO...
[2026-04-08T16:53:16.467Z] [INFO] ✅ Communico-CO completed in 173.6s - Found: 0, New: 246, Duplicates: 0
[2026-04-08T16:53:18.606Z] [INFO] 🚀 Starting Communico-GA...
[2026-04-08T17:01:35.716Z] [INFO] ✅ Communico-GA completed in 497.1s - Found: 0, New: 739, Duplicates: 0
[2026-04-08T17:01:37.842Z] [INFO] 🚀 Starting Communico-IN...
[2026-04-08T17:07:09.129Z] [INFO] ✅ Communico-IN completed in 331.3s - Found: 0, New: 524, Duplicates: 0
[2026-04-08T17:07:11.267Z] [INFO] 🔄 Completed 10 scrapers, memory cleanup...
[2026-04-08T17:07:16.274Z] [INFO] 🚀 Starting Communico-NJ...
[2026-04-08T17:21:42.112Z] [INFO] ✅ Communico-NJ completed in 865.8s - Found: 0, New: 1257, Duplicates: 0
[2026-04-08T17:21:44.254Z] [INFO] 🚀 Starting Communico-OH...
[2026-04-08T17:25:09.777Z] [INFO] ✅ Communico-OH completed in 205.5s - Found: 0, New: 207, Duplicates: 0
[2026-04-08T17:25:11.897Z] [INFO] 🚀 Starting Communico-TX...
[2026-04-08T17:30:00.202Z] [INFO] ✅ Communico-TX completed in 288.3s - Found: 0, New: 427, Duplicates: 0
[2026-04-08T17:30:02.341Z] [INFO] 🚀 Starting BiblioCommons-CA1...
[2026-04-08T17:31:35.873Z] [INFO] ✅ BiblioCommons-CA1 completed in 93.5s - Found: 0, New: 81, Duplicates: 0
[2026-04-08T17:31:38.008Z] [INFO] 🚀 Starting BiblioCommons-GA...
[2026-04-08T17:32:24.417Z] [INFO] ✅ BiblioCommons-GA completed in 46.4s - Found: 0, New: 20, Duplicates: 0
[2026-04-08T17:32:26.552Z] [INFO] 🔄 Completed 15 scrapers, memory cleanup...
[2026-04-08T17:32:31.556Z] [INFO] 🚀 Starting BiblioCommons-MI...
[2026-04-08T17:32:51.532Z] [INFO] ✅ BiblioCommons-MI completed in 20.0s - Found: 0, New: 20, Duplicates: 0
[2026-04-08T17:32:53.663Z] [INFO] 🚀 Starting BiblioCommons-NC...
[2026-04-08T17:33:19.524Z] [INFO] ✅ BiblioCommons-NC completed in 25.9s - Found: 0, New: 20, Duplicates: 0
[2026-04-08T17:33:21.677Z] [INFO] 🚀 Starting BiblioCommons-TX...
[2026-04-08T17:34:17.901Z] [INFO] ✅ BiblioCommons-TX completed in 56.2s - Found: 0, New: 58, Duplicates: 0
[2026-04-08T17:34:20.035Z] [INFO] 🚀 Starting BiblioCommons-WA...
[2026-04-08T17:36:43.658Z] [INFO] ✅ BiblioCommons-WA completed in 143.6s - Found: 0, New: 122, Duplicates: 0
[2026-04-08T17:36:45.796Z] [INFO] 🚀 Starting Howard-County...
[2026-04-08T17:38:12.246Z] [ERROR] ❌ Howard-County failed after 86.5s: invalid input syntax for type uuid: "tS_qjHt8wz4Glpp6kUpR"
[2026-04-08T17:38:14.373Z] [INFO] 🔄 Completed 20 scrapers, memory cleanup...
[2026-04-08T17:38:19.387Z] [INFO] 🚀 Starting LibraryMarket...
[2026-04-08T22:26:01.532Z] [INFO] ✅ LibraryMarket completed in 17262.1s - Found: 0, New: 1110, Duplicates: 39
[2026-04-08T22:26:03.672Z] [INFO] 🚀 Starting LA-Public-Library...
[2026-04-08T22:26:03.675Z] [ERROR] ❌ LA-Public-Library failed after 0.0s: Scraper file not found: /Users/jenniferkurtz/Desktop/funhive-web/scrapers/scraper-la-public-library.js
[2026-04-08T22:26:05.809Z] [INFO] 🚀 Starting Brooklyn-Library...
[2026-04-08T22:26:05.811Z] [ERROR] ❌ Brooklyn-Library failed after 0.0s: Scraper file not found: /Users/jenniferkurtz/Desktop/funhive-web/scrapers/scraper-brooklyn-library.js
[2026-04-08T22:26:07.959Z] [INFO] 🚀 Starting Cecil-County...
[2026-04-08T22:27:23.900Z] [ERROR] ❌ Cecil-County failed after 75.9s: invalid input syntax for type uuid: "DEudz5doHf3OzzX6XrZY"
[2026-04-08T22:27:26.055Z] [INFO] 🚀 Starting Somerset-County...
[2026-04-08T22:30:16.688Z] [ERROR] ❌ Somerset-County failed after 170.6s: invalid input syntax for type uuid: "QtO9Sq9sUetbdQgsax14"
[2026-04-08T22:30:18.806Z] [INFO] 🔄 Completed 25 scrapers, memory cleanup...
[2026-04-08T22:30:23.820Z] [INFO] 🚀 Starting Kent-County...
[2026-04-08T22:30:49.109Z] [INFO] ✅ Kent-County completed in 25.3s - Found: 0, New: 0, Duplicates: 0
[2026-04-08T22:30:51.400Z] [INFO] 🚀 Starting Berks-County...
[2026-04-08T22:32:01.031Z] [ERROR] ❌ Berks-County failed after 69.6s: invalid input syntax for type uuid: "g8O2hufaR0Xh9gypvPy0"
[2026-04-08T22:32:03.175Z] [INFO] 🚀 Starting Rockbridge-Regional...
[2026-04-08T22:43:16.403Z] [ERROR] ❌ Rockbridge-Regional failed after 673.2s: invalid input syntax for type uuid: "XW9sai_es1eX41VbgTMp"
[2026-04-08T22:43:18.574Z] [INFO] 🚀 Starting EventActions-Libraries...
[2026-04-08T23:11:29.968Z] [ERROR] ❌ EventActions-Libraries failed after 1691.4s: invalid input syntax for type uuid: "1BAT8DHWUPyD6Ga-dpPb"
[2026-04-08T23:11:32.111Z] [INFO] 🚀 Starting SugarCalendar-Libraries...
[2026-04-08T23:11:32.112Z] [ERROR] ❌ SugarCalendar-Libraries failed after 0.0s: Scraper file not found: /Users/jenniferkurtz/Desktop/funhive-web/scrapers/scraper-sugarcalendar-libraries-VA.js
[2026-04-08T23:11:34.243Z] [INFO] 🔄 Completed 30 scrapers, memory cleanup...
[2026-04-08T23:11:39.251Z] [INFO] 🚀 Starting CustomDrupal-Libraries...
[2026-04-08T23:26:23.227Z] [INFO] ✅ CustomDrupal-Libraries completed in 884.0s - Found: 0, New: 244, Duplicates: 49
[2026-04-08T23:26:25.375Z] [INFO] 🚀 Starting CustomDrupal-MultiState...
[2026-04-08T23:26:25.379Z] [ERROR] ❌ CustomDrupal-MultiState failed after 0.0s: Scraper file not found: /Users/jenniferkurtz/Desktop/funhive-web/scrapers/scraper-custom-drupal-multi-state-libraries.js
[2026-04-08T23:26:27.531Z] [INFO] 🚀 Starting PG-Parks...
[2026-04-08T23:26:27.548Z] [ERROR] ❌ PG-Parks failed after 0.0s: Cannot find module '@sparticuz/chromium'
Require stack:
- /Users/jenniferkurtz/Desktop/funhive-web/scrapers/scraper-pgparks-md.js
- /Users/jenniferkurtz/Desktop/funhive-web/scrapers/local-scraper-runner.js
[2026-04-08T23:26:29.700Z] [INFO] 🚀 Starting Tockify-Horry...
[2026-04-09T00:00:03.616Z] [INFO] ✅ Tockify-Horry completed in 2013.9s - Found: 0, New: 889, Duplicates: 81
[2026-04-09T00:00:05.780Z] [INFO] 🚀 Starting Graniculator-Morris...
[2026-04-09T00:00:05.784Z] [ERROR] ❌ Graniculator-Morris failed after 0.0s: Scraper file not found: /Users/jenniferkurtz/Desktop/funhive-web/scrapers/scraper-graniculator-morris-county.js
[2026-04-09T00:00:05.921Z] [INFO] 🔄 Completed 35 scrapers, memory cleanup...
[2026-04-09T00:00:10.943Z] [INFO] 
============================================================
[2026-04-09T00:00:10.947Z] [INFO] 🍝 Running Macaroni Kid Group 2 (14 states, ~131 sites)
[2026-04-09T00:00:10.949Z] [INFO] ============================================================

[2026-04-09T00:00:10.949Z] [INFO] 🚀 Starting MacaroniKid-FL...
