[2026-04-21T11:17:22.139Z] [INFO] 
============================================================
[2026-04-21T11:17:22.139Z] [INFO] 🐝 FunHive Local Scraper Runner
[2026-04-21T11:17:22.193Z] [INFO] 📅 4/21/2026, 7:17:22 AM EST
[2026-04-21T11:17:22.194Z] [INFO] ============================================================

[2026-04-21T11:17:22.194Z] [INFO] 📅 Today is day 21 → Group 3
[2026-04-21T11:17:22.195Z] [INFO] 
============================================================
[2026-04-21T11:17:22.195Z] [INFO] 📋 Running Group 3 scrapers (18 total)
[2026-04-21T11:17:22.195Z] [INFO] ============================================================

[2026-04-21T11:17:22.196Z] [INFO] 🚀 Starting LibCal-VA...
[2026-04-21T11:18:02.769Z] [INFO] ✅ LibCal-VA completed in 40.6s - Found: 0, New: 26, Duplicates: 14
[2026-04-21T11:18:04.949Z] [INFO] 🚀 Starting Communico-MD...
[2026-04-21T11:28:56.430Z] [INFO] ✅ Communico-MD completed in 651.5s - Found: 0, New: 83, Duplicates: 967
[2026-04-21T11:28:58.597Z] [INFO] 🚀 Starting Dorchester-County...
[2026-04-21T11:29:20.427Z] [INFO] ✅ Dorchester-County completed in 21.8s - Found: 0, New: 14, Duplicates: 0
[2026-04-21T11:29:22.566Z] [INFO] 🚀 Starting Wicomico-Public...
[2026-04-21T11:29:40.810Z] [INFO] ✅ Wicomico-Public completed in 18.2s - Found: 0, New: 10, Duplicates: 0
[2026-04-21T11:29:42.941Z] [INFO] 🚀 Starting Firespring-Libraries...
[2026-04-21T11:32:04.293Z] [INFO] ✅ Firespring-Libraries completed in 141.4s - Found: 0, New: 164, Duplicates: 1
[2026-04-21T11:32:06.450Z] [INFO] 🔄 Completed 5 scrapers, memory cleanup...
[2026-04-21T11:32:11.455Z] [INFO] 🚀 Starting WithApps-Libraries...
[2026-04-21T11:32:47.861Z] [INFO] ✅ WithApps-Libraries completed in 36.4s - Found: 0, New: 9, Duplicates: 28
[2026-04-21T11:32:50.007Z] [INFO] 🚀 Starting WordPress-Events-Calendar...
[2026-04-21T11:34:31.673Z] [INFO] ✅ WordPress-Events-Calendar completed in 101.7s - Found: 0, New: 26, Duplicates: 1
[2026-04-21T11:34:33.794Z] [INFO] 🚀 Starting Squarespace-Libraries...
[2026-04-21T11:36:28.467Z] [INFO] ✅ Squarespace-Libraries completed in 114.7s - Found: 0, New: 131, Duplicates: 12
[2026-04-21T11:36:30.612Z] [INFO] 🚀 Starting Drupal-Virginia...
[2026-04-21T11:36:59.838Z] [INFO] ✅ Drupal-Virginia completed in 29.2s - Found: 0, New: 17, Duplicates: 7
[2026-04-21T11:37:01.970Z] [INFO] 🚀 Starting RollyPollies-MD...
[2026-04-21T11:38:46.804Z] [INFO] ✅ RollyPollies-MD completed in 104.8s - Found: 0, New: 14, Duplicates: 52
[2026-04-21T11:38:48.939Z] [INFO] 🔄 Completed 10 scrapers, memory cleanup...
[2026-04-21T11:38:53.946Z] [INFO] 🚀 Starting Activities-ChildrensMuseums-DMV...
[2026-04-21T11:38:58.503Z] [INFO] ✅ Activities-ChildrensMuseums-DMV completed in 4.6s - Found: 12, New: 12, Duplicates: 0
[2026-04-21T11:39:00.649Z] [INFO] 🚀 Starting Activities-GymnasticsCenters-DMV...
[2026-04-21T11:39:05.982Z] [INFO] ✅ Activities-GymnasticsCenters-DMV completed in 5.3s - Found: 14, New: 14, Duplicates: 0
[2026-04-21T11:39:08.105Z] [INFO] 🚀 Starting Activities-MinigolfBatting-DMV...
[2026-04-21T11:39:15.203Z] [INFO] ✅ Activities-MinigolfBatting-DMV completed in 7.1s - Found: 18, New: 18, Duplicates: 0
[2026-04-21T11:39:17.328Z] [INFO] 🚀 Starting Activities-RollerSkating-DMV...
[2026-04-21T11:39:22.043Z] [INFO] ✅ Activities-RollerSkating-DMV completed in 4.7s - Found: 13, New: 13, Duplicates: 0
[2026-04-21T11:39:24.158Z] [INFO] 🚀 Starting Activities-TrampolineNinja-DMV...
[2026-04-21T11:39:29.222Z] [INFO] ✅ Activities-TrampolineNinja-DMV completed in 5.1s - Found: 14, New: 14, Duplicates: 0
[2026-04-21T11:39:31.351Z] [INFO] 🔄 Completed 15 scrapers, memory cleanup...
[2026-04-21T11:39:36.355Z] [INFO] 🚀 Starting AARecParks-MD...
[2026-04-21T11:40:27.854Z] [INFO] ✅ AARecParks-MD completed in 51.5s - Found: 60, New: 60, Duplicates: 0
[2026-04-21T11:40:29.983Z] [INFO] 🚀 Starting Venue-Events-ZoosAquariums...
[2026-04-21T12:09:06.583Z] [ERROR] ❌ Venue-Events-ZoosAquariums failed after 1716.6s: index row size 2880 exceeds btree version 4 maximum 2704 for index "idx_events_unique_content"
[2026-04-21T12:09:08.712Z] [INFO] 🚀 Starting Farms-Eastern-US...
[2026-04-21T12:33:29.477Z] [INFO] ✅ Farms-Eastern-US completed in 1460.8s - Found: 0, New: 0, Duplicates: 0
[2026-04-21T12:33:29.716Z] [INFO] ℹ️  MacaroniKid scrapers have been moved to separate runners.
[2026-04-21T12:33:29.716Z] [INFO]    Use: node macaroni-runner-group3.js
[2026-04-21T12:33:29.716Z] [INFO] 
============================================================
[2026-04-21T12:33:29.716Z] [INFO] 📊 SUMMARY
[2026-04-21T12:33:29.716Z] [INFO] ============================================================
[2026-04-21T12:33:29.716Z] [INFO] ✅ Success: 17
[2026-04-21T12:33:29.716Z] [INFO] ❌ Failed: 1
[2026-04-21T12:33:29.716Z] [INFO] ⏭️  Skipped: 0
[2026-04-21T12:33:29.716Z] [INFO] ⏱️  Total time: 76.1 minutes
[2026-04-21T12:33:29.717Z] [INFO] 
Failed scrapers:
[2026-04-21T12:33:29.717Z] [INFO]   - Venue-Events-ZoosAquariums: index row size 2880 exceeds btree version 4 maximum 2704 for index "idx_events_unique_content"
[2026-04-21T12:33:29.717Z] [INFO] 
============================================================

