[2026-04-13T10:47:46.260Z] [INFO] 
============================================================
[2026-04-13T10:47:46.261Z] [INFO] 🐝 FunHive Local Scraper Runner
[2026-04-13T10:47:46.307Z] [INFO] 📅 4/13/2026, 6:47:46 AM EST
[2026-04-13T10:47:46.307Z] [INFO] ============================================================

[2026-04-13T10:47:46.308Z] [INFO] 📅 Today is day 13 → Group 1
[2026-04-13T10:47:46.308Z] [INFO] 
============================================================
[2026-04-13T10:47:46.308Z] [INFO] 📋 Running Group 1 scrapers (20 total)
[2026-04-13T10:47:46.308Z] [INFO] ============================================================

[2026-04-13T10:47:46.309Z] [INFO] 🚀 Starting Communico-DC...
[2026-04-13T10:53:48.867Z] [INFO] ✅ Communico-DC completed in 362.6s - Found: 0, New: 67, Duplicates: 606
[2026-04-13T10:53:50.983Z] [INFO] 🚀 Starting Communico-VA...
[2026-04-13T11:08:30.678Z] [INFO] ✅ Communico-VA completed in 879.7s - Found: 0, New: 71, Duplicates: 731
[2026-04-13T11:08:32.789Z] [INFO] 🚀 Starting BiblioCommons-VA...
[2026-04-13T11:08:55.692Z] [INFO] ✅ BiblioCommons-VA completed in 22.9s - Found: 0, New: 20, Duplicates: 0
[2026-04-13T11:08:57.833Z] [INFO] 🚀 Starting Pratt-Library...
[2026-04-13T11:13:46.011Z] [INFO] ✅ Pratt-Library completed in 288.2s - Found: 0, New: 941, Duplicates: 0
[2026-04-13T11:13:48.191Z] [INFO] 🚀 Starting AACPL...
[2026-04-13T11:14:13.939Z] [INFO] ✅ AACPL completed in 25.7s - Found: 0, New: 7, Duplicates: 17
[2026-04-13T11:14:16.047Z] [INFO] 🔄 Completed 5 scrapers, memory cleanup...
[2026-04-13T11:14:21.052Z] [INFO] 🚀 Starting Prince-Georges-County...
[2026-04-13T11:14:59.759Z] [INFO] ✅ Prince-Georges-County completed in 38.7s - Found: 0, New: 22, Duplicates: 44
[2026-04-13T11:15:01.872Z] [INFO] 🚀 Starting Allegany-County...
[2026-04-13T11:15:08.826Z] [INFO] ✅ Allegany-County completed in 7.0s - Found: 0, New: 0, Duplicates: 0
[2026-04-13T11:15:11.013Z] [INFO] 🚀 Starting Ruth-Enlow...
[2026-04-13T11:15:18.185Z] [INFO] ✅ Ruth-Enlow completed in 7.2s - Found: 0, New: 0, Duplicates: 0
[2026-04-13T11:15:20.363Z] [INFO] 🚀 Starting CivicEngage-Libraries...
[2026-04-13T11:18:47.496Z] [INFO] ✅ CivicEngage-Libraries completed in 207.1s - Found: 0, New: 50, Duplicates: 0
[2026-04-13T11:18:49.619Z] [INFO] 🚀 Starting FullCalendar-Libraries...
[2026-04-13T11:28:48.794Z] [INFO] ✅ FullCalendar-Libraries completed in 599.2s - Found: 0, New: 261, Duplicates: 3
[2026-04-13T11:28:50.940Z] [INFO] 🔄 Completed 10 scrapers, memory cleanup...
[2026-04-13T11:28:55.945Z] [INFO] 🚀 Starting LibraryCalendar-Libraries...
[2026-04-13T13:58:05.811Z] [INFO] ✅ LibraryCalendar-Libraries completed in 8949.9s - Found: 0, New: 2854, Duplicates: 541
[2026-04-13T13:58:07.923Z] [INFO] 🚀 Starting Fairfax-Parks...
[2026-04-13T13:58:48.702Z] [INFO] ✅ Fairfax-Parks completed in 40.8s - Found: 66, New: 66, Duplicates: 0
[2026-04-13T13:58:50.846Z] [INFO] 🚀 Starting WordPress-VA...
[2026-04-13T14:23:09.862Z] [INFO] ✅ WordPress-VA completed in 1459.0s - Found: 598, New: 446, Duplicates: 152
[2026-04-13T14:23:11.983Z] [INFO] 🚀 Starting Activities-ArtStudios-DMV...
[2026-04-13T14:23:18.449Z] [INFO] ✅ Activities-ArtStudios-DMV completed in 6.5s - Found: 0, New: 0, Duplicates: 0
[2026-04-13T14:23:20.560Z] [INFO] 🚀 Starting Activities-ClimbingGyms-DMV...
[2026-04-13T14:23:23.939Z] [INFO] ✅ Activities-ClimbingGyms-DMV completed in 3.4s - Found: 0, New: 0, Duplicates: 0
[2026-04-13T14:23:26.071Z] [INFO] 🔄 Completed 15 scrapers, memory cleanup...
[2026-04-13T14:23:31.074Z] [INFO] 🚀 Starting Activities-IceRinks-DMV...
[2026-04-13T14:23:35.773Z] [INFO] ✅ Activities-IceRinks-DMV completed in 4.7s - Found: 0, New: 0, Duplicates: 0
[2026-04-13T14:23:37.895Z] [INFO] 🚀 Starting Activities-MovieTheaters-DMV...
[2026-04-13T14:23:44.928Z] [INFO] ✅ Activities-MovieTheaters-DMV completed in 7.0s - Found: 0, New: 0, Duplicates: 0
[2026-04-13T14:23:47.045Z] [INFO] 🚀 Starting Activities-ScienceDiscovery-DMV...
[2026-04-13T14:23:52.487Z] [INFO] ✅ Activities-ScienceDiscovery-DMV completed in 5.4s - Found: 0, New: 0, Duplicates: 0
[2026-04-13T14:23:54.671Z] [INFO] 🚀 Starting KidsOutAndAbout-DMV...
[2026-04-13T14:30:07.242Z] [INFO] ✅ KidsOutAndAbout-DMV completed in 372.6s - Found: 126, New: 0, Duplicates: 0
[2026-04-13T14:30:09.366Z] [INFO] 🚀 Starting PortDiscovery-MD...
[2026-04-13T14:30:19.164Z] [INFO] ✅ PortDiscovery-MD completed in 9.8s - Found: 0, New: 0, Duplicates: 71
[2026-04-13T14:30:19.273Z] [INFO] 🔄 Completed 20 scrapers, memory cleanup...
[2026-04-13T14:30:24.279Z] [INFO] 
============================================================
[2026-04-13T14:30:24.280Z] [INFO] 🍝 Running Macaroni Kid Group 1 (15 states, ~139 sites)
[2026-04-13T14:30:24.280Z] [INFO] ============================================================

[2026-04-13T14:30:24.280Z] [INFO] 🚀 Starting MacaroniKid-CA...
[2026-04-13T16:32:09.072Z] [INFO] ✅ MacaroniKid-CA completed in 7304.8s - Found: 0, New: 1233, Duplicates: 0
[2026-04-13T16:32:13.202Z] [INFO] 🚀 Starting MacaroniKid-PA...
[2026-04-13T19:53:35.836Z] [INFO] 
============================================================
[2026-04-13T19:53:35.837Z] [INFO] 🐝 FunHive Local Scraper Runner
[2026-04-13T19:53:35.882Z] [INFO] 📅 4/13/2026, 3:53:35 PM EST
[2026-04-13T19:53:35.882Z] [INFO] ============================================================

[2026-04-13T19:53:35.882Z] [INFO] 📅 Today is day 13 → Group 1
[2026-04-13T19:53:35.883Z] [INFO] 
============================================================
[2026-04-13T19:53:35.883Z] [INFO] 📋 Running Group 1 scrapers (20 total)
[2026-04-13T19:53:35.883Z] [INFO] ============================================================

[2026-04-13T19:53:35.883Z] [INFO] 🚀 Starting Communico-DC...
[2026-04-13T19:58:52.904Z] [INFO] ✅ Communico-DC completed in 317.0s - Found: 0, New: 60, Duplicates: 613
[2026-04-13T19:58:55.029Z] [INFO] 🚀 Starting Communico-VA...
[2026-04-13T20:12:44.735Z] [INFO] ✅ Communico-VA completed in 829.7s - Found: 0, New: 70, Duplicates: 732
[2026-04-13T20:12:46.905Z] [INFO] 🚀 Starting BiblioCommons-VA...
[2026-04-13T20:13:04.385Z] [INFO] ✅ BiblioCommons-VA completed in 17.5s - Found: 0, New: 20, Duplicates: 0
[2026-04-13T20:13:06.488Z] [INFO] 🚀 Starting Pratt-Library...
[2026-04-13T20:18:10.375Z] [INFO] ✅ Pratt-Library completed in 303.9s - Found: 0, New: 918, Duplicates: 0
[2026-04-13T20:18:12.526Z] [INFO] 🚀 Starting AACPL...
[2026-04-13T20:18:41.420Z] [INFO] ✅ AACPL completed in 28.9s - Found: 0, New: 11, Duplicates: 13
[2026-04-13T20:18:43.560Z] [INFO] 🔄 Completed 5 scrapers, memory cleanup...
[2026-04-13T20:18:48.563Z] [INFO] 🚀 Starting Prince-Georges-County...
[2026-04-13T20:19:23.343Z] [INFO] ✅ Prince-Georges-County completed in 34.8s - Found: 0, New: 0, Duplicates: 66
[2026-04-13T20:19:25.494Z] [INFO] 🚀 Starting Allegany-County...
[2026-04-13T20:19:33.558Z] [INFO] ✅ Allegany-County completed in 8.1s - Found: 0, New: 0, Duplicates: 0
[2026-04-13T20:19:35.755Z] [INFO] 🚀 Starting Ruth-Enlow...
[2026-04-13T20:19:42.554Z] [INFO] ✅ Ruth-Enlow completed in 6.8s - Found: 0, New: 0, Duplicates: 0
[2026-04-13T20:19:44.736Z] [INFO] 🚀 Starting CivicEngage-Libraries...
[2026-04-13T20:23:14.147Z] [INFO] ✅ CivicEngage-Libraries completed in 209.4s - Found: 0, New: 50, Duplicates: 0
[2026-04-13T20:23:16.283Z] [INFO] 🚀 Starting FullCalendar-Libraries...
[2026-04-13T20:32:50.980Z] [INFO] ✅ FullCalendar-Libraries completed in 574.7s - Found: 0, New: 256, Duplicates: 3
[2026-04-13T20:32:53.094Z] [INFO] 🔄 Completed 10 scrapers, memory cleanup...
[2026-04-13T20:32:58.098Z] [INFO] 🚀 Starting LibraryCalendar-Libraries...
[2026-04-13T23:07:33.317Z] [INFO] ✅ LibraryCalendar-Libraries completed in 9275.2s - Found: 0, New: 2978, Duplicates: 423
[2026-04-13T23:07:35.451Z] [INFO] 🚀 Starting Fairfax-Parks...
[2026-04-13T23:08:07.884Z] [INFO] ✅ Fairfax-Parks completed in 32.4s - Found: 68, New: 68, Duplicates: 0
[2026-04-13T23:08:10.014Z] [INFO] 🚀 Starting WordPress-VA...
[2026-04-13T23:29:23.373Z] [INFO] ✅ WordPress-VA completed in 1273.4s - Found: 767, New: 448, Duplicates: 319
[2026-04-13T23:29:25.501Z] [INFO] 🚀 Starting Activities-ArtStudios-DMV...
[2026-04-13T23:29:32.306Z] [INFO] ✅ Activities-ArtStudios-DMV completed in 6.8s - Found: 18, New: 0, Duplicates: 18
[2026-04-13T23:29:34.454Z] [INFO] 🚀 Starting Activities-ClimbingGyms-DMV...
[2026-04-13T23:29:38.011Z] [INFO] ✅ Activities-ClimbingGyms-DMV completed in 3.6s - Found: 10, New: 0, Duplicates: 10
[2026-04-13T23:29:40.122Z] [INFO] 🔄 Completed 15 scrapers, memory cleanup...
[2026-04-13T23:29:45.127Z] [INFO] 🚀 Starting Activities-IceRinks-DMV...
[2026-04-13T23:29:49.692Z] [INFO] ✅ Activities-IceRinks-DMV completed in 4.6s - Found: 13, New: 0, Duplicates: 13
[2026-04-13T23:29:51.814Z] [INFO] 🚀 Starting Activities-MovieTheaters-DMV...
[2026-04-13T23:29:58.735Z] [INFO] ✅ Activities-MovieTheaters-DMV completed in 6.9s - Found: 20, New: 1, Duplicates: 19
[2026-04-13T23:30:00.847Z] [INFO] 🚀 Starting Activities-ScienceDiscovery-DMV...
[2026-04-13T23:30:06.934Z] [INFO] ✅ Activities-ScienceDiscovery-DMV completed in 6.1s - Found: 16, New: 0, Duplicates: 16
[2026-04-13T23:30:09.059Z] [INFO] 🚀 Starting KidsOutAndAbout-DMV...
[2026-04-13T23:35:38.352Z] [INFO] ✅ KidsOutAndAbout-DMV completed in 329.3s - Found: 111, New: 0, Duplicates: 0
[2026-04-13T23:35:40.522Z] [INFO] 🚀 Starting PortDiscovery-MD...
[2026-04-13T23:35:49.956Z] [INFO] ✅ PortDiscovery-MD completed in 9.4s - Found: 0, New: 0, Duplicates: 67
[2026-04-13T23:35:50.077Z] [INFO] 🔄 Completed 20 scrapers, memory cleanup...
[2026-04-13T23:35:55.081Z] [INFO] 
============================================================
[2026-04-13T23:35:55.083Z] [INFO] 🍝 Running Macaroni Kid Group 1 (15 states, ~139 sites)
[2026-04-13T23:35:55.084Z] [INFO] ============================================================

[2026-04-13T23:35:55.084Z] [INFO] 🚀 Starting MacaroniKid-CA...
