[2026-04-17T10:25:41.653Z] [INFO] 
============================================================
[2026-04-17T10:25:41.653Z] [INFO] 🐝 FunHive Local Scraper Runner
[2026-04-17T10:25:41.696Z] [INFO] 📅 4/17/2026, 6:25:41 AM EST
[2026-04-17T10:25:41.696Z] [INFO] ============================================================

[2026-04-17T10:25:41.696Z] [INFO] 📅 Today is day 17 → Group 2
[2026-04-17T10:25:41.697Z] [INFO] 
============================================================
[2026-04-17T10:25:41.697Z] [INFO] 📋 Running Group 2 scrapers (20 total)
[2026-04-17T10:25:41.697Z] [INFO] ============================================================

[2026-04-17T10:25:41.698Z] [INFO] 🚀 Starting Howard-County...
[2026-04-17T10:27:06.752Z] [INFO] ✅ Howard-County completed in 85.1s - Found: 0, New: 113, Duplicates: 4
[2026-04-17T10:27:08.902Z] [INFO] 🚀 Starting LibraryMarket...
[2026-04-17T14:12:16.823Z] [INFO] ✅ LibraryMarket completed in 13507.9s - Found: 0, New: 3239, Duplicates: 352
[2026-04-17T14:12:18.951Z] [INFO] 🚀 Starting Cecil-County...
[2026-04-17T14:13:42.710Z] [INFO] ✅ Cecil-County completed in 83.8s - Found: 0, New: 26, Duplicates: 0
[2026-04-17T14:13:44.888Z] [INFO] 🚀 Starting Somerset-County...
[2026-04-17T14:19:49.211Z] [INFO] ✅ Somerset-County completed in 364.3s - Found: 0, New: 430, Duplicates: 119
[2026-04-17T14:19:51.372Z] [INFO] 🚀 Starting Kent-County...
[2026-04-17T14:19:58.152Z] [INFO] ✅ Kent-County completed in 6.8s - Found: 0, New: 0, Duplicates: 0
[2026-04-17T14:20:00.539Z] [INFO] 🔄 Completed 5 scrapers, memory cleanup...
[2026-04-17T14:20:05.546Z] [INFO] 🚀 Starting Rockbridge-Regional...
[2026-04-17T14:30:57.619Z] [INFO] ✅ Rockbridge-Regional completed in 652.1s - Found: 0, New: 169, Duplicates: 2
[2026-04-17T14:30:59.748Z] [INFO] 🚀 Starting EventActions-Libraries...
[2026-04-17T14:59:26.719Z] [INFO] ✅ EventActions-Libraries completed in 1707.0s - Found: 0, New: 417, Duplicates: 83
[2026-04-17T14:59:28.864Z] [INFO] 🚀 Starting CustomDrupal-Libraries...
[2026-04-17T15:07:58.543Z] [INFO] ✅ CustomDrupal-Libraries completed in 509.7s - Found: 0, New: 164, Duplicates: 108
[2026-04-17T15:08:00.668Z] [INFO] 🚀 Starting PG-Parks...
[2026-04-17T15:08:15.031Z] [INFO] ✅ PG-Parks completed in 14.4s - Found: 26, New: 26, Duplicates: 0
[2026-04-17T15:08:17.152Z] [INFO] 🚀 Starting WordPress-MD...
[2026-04-17T15:12:40.751Z] [INFO] ✅ WordPress-MD completed in 263.6s - Found: 93, New: 46, Duplicates: 47
[2026-04-17T15:12:42.905Z] [INFO] 🔄 Completed 10 scrapers, memory cleanup...
[2026-04-17T15:12:47.908Z] [INFO] 🚀 Starting ModernEventsCalendar-VA...
[2026-04-17T15:12:50.446Z] [INFO] ✅ ModernEventsCalendar-VA completed in 2.5s - Found: 0, New: 0, Duplicates: 0
[2026-04-17T15:12:52.619Z] [INFO] 🚀 Starting Activities-BowlingAlleys-DMV...
[2026-04-17T15:12:59.500Z] [INFO] ✅ Activities-BowlingAlleys-DMV completed in 6.9s - Found: 15, New: 0, Duplicates: 15
[2026-04-17T15:13:01.636Z] [INFO] 🚀 Starting Activities-FamilyEntertainment-DMV...
[2026-04-17T15:13:10.912Z] [INFO] ✅ Activities-FamilyEntertainment-DMV completed in 9.3s - Found: 24, New: 1, Duplicates: 23
[2026-04-17T15:13:13.043Z] [INFO] 🚀 Starting Activities-IndoorPlaygrounds-DMV...
[2026-04-17T15:13:20.439Z] [INFO] ✅ Activities-IndoorPlaygrounds-DMV completed in 7.4s - Found: 20, New: 1, Duplicates: 19
[2026-04-17T15:13:22.566Z] [INFO] 🚀 Starting Activities-NatureFarms-DMV...
[2026-04-17T15:13:31.075Z] [INFO] ✅ Activities-NatureFarms-DMV completed in 8.5s - Found: 22, New: 0, Duplicates: 22
[2026-04-17T15:13:33.199Z] [INFO] 🔄 Completed 15 scrapers, memory cleanup...
[2026-04-17T15:13:38.204Z] [INFO] 🚀 Starting Activities-SwimmingPools-DMV...
[2026-04-17T15:13:44.386Z] [INFO] ✅ Activities-SwimmingPools-DMV completed in 6.2s - Found: 17, New: 0, Duplicates: 17
[2026-04-17T15:13:46.495Z] [INFO] 🚀 Starting Montgomery-Parks...
[2026-04-17T15:13:47.522Z] [INFO] ✅ Montgomery-Parks completed in 1.0s - Found: 26, New: 26, Duplicates: 0
[2026-04-17T15:13:49.642Z] [INFO] 🚀 Starting Activities-Eastern-US...
[2026-04-17T15:15:11.706Z] [INFO] ✅ Activities-Eastern-US completed in 82.1s - Found: 226, New: 2, Duplicates: 224
[2026-04-17T15:15:13.817Z] [INFO] 🚀 Starting Venue-Events-ChildrensMuseums...
[2026-04-17T15:20:05.681Z] [INFO] ✅ Venue-Events-ChildrensMuseums completed in 291.9s - Found: 0, New: 0, Duplicates: 0
[2026-04-17T15:20:07.838Z] [INFO] 🚀 Starting Festivals-Eastern-US...
[2026-04-17T15:33:13.875Z] [INFO] ✅ Festivals-Eastern-US completed in 786.0s - Found: 0, New: 12, Duplicates: 3602
[2026-04-17T15:33:14.044Z] [INFO] 🔄 Completed 20 scrapers, memory cleanup...
[2026-04-17T15:33:19.047Z] [INFO] ℹ️  MacaroniKid scrapers have been moved to separate runners.
[2026-04-17T15:33:19.049Z] [INFO]    Use: node macaroni-runner-group2.js
[2026-04-17T15:33:19.049Z] [INFO] 
============================================================
[2026-04-17T15:33:19.050Z] [INFO] 📊 SUMMARY
[2026-04-17T15:33:19.050Z] [INFO] ============================================================
[2026-04-17T15:33:19.050Z] [INFO] ✅ Success: 20
[2026-04-17T15:33:19.051Z] [INFO] ❌ Failed: 0
[2026-04-17T15:33:19.051Z] [INFO] ⏭️  Skipped: 0
[2026-04-17T15:33:19.051Z] [INFO] ⏱️  Total time: 307.6 minutes
[2026-04-17T15:33:19.052Z] [INFO] 
============================================================

