[2026-04-20T10:52:37.385Z] [INFO] 
============================================================
[2026-04-20T10:52:37.386Z] [INFO] 🐝 FunHive Local Scraper Runner
[2026-04-20T10:52:37.425Z] [INFO] 📅 4/20/2026, 6:52:37 AM EST
[2026-04-20T10:52:37.425Z] [INFO] ============================================================

[2026-04-20T10:52:37.425Z] [INFO] 📅 Today is day 20 → Group 2
[2026-04-20T10:52:37.426Z] [INFO] 
============================================================
[2026-04-20T10:52:37.426Z] [INFO] 📋 Running Group 2 scrapers (18 total)
[2026-04-20T10:52:37.426Z] [INFO] ============================================================

[2026-04-20T10:52:37.426Z] [INFO] 🚀 Starting Howard-County...
[2026-04-20T10:53:59.565Z] [INFO] ✅ Howard-County completed in 82.1s - Found: 0, New: 115, Duplicates: 3
[2026-04-20T10:54:01.735Z] [INFO] 🚀 Starting LibraryMarket...
[2026-04-20T14:12:01.775Z] [INFO] ✅ LibraryMarket completed in 11880.0s - Found: 0, New: 2566, Duplicates: 671
[2026-04-20T14:12:03.933Z] [INFO] 🚀 Starting Cecil-County...
[2026-04-20T14:13:18.906Z] [INFO] ✅ Cecil-County completed in 75.0s - Found: 0, New: 23, Duplicates: 0
[2026-04-20T14:13:21.074Z] [INFO] 🚀 Starting Somerset-County...
[2026-04-20T14:23:32.943Z] [INFO] ✅ Somerset-County completed in 611.9s - Found: 0, New: 758, Duplicates: 170
[2026-04-20T14:23:35.075Z] [INFO] 🚀 Starting Rockbridge-Regional...
[2026-04-20T14:34:00.680Z] [INFO] ✅ Rockbridge-Regional completed in 625.6s - Found: 0, New: 170, Duplicates: 1
[2026-04-20T14:34:02.839Z] [INFO] 🔄 Completed 5 scrapers, memory cleanup...
[2026-04-20T14:34:07.844Z] [INFO] 🚀 Starting EventActions-Libraries...
[2026-04-20T15:01:48.452Z] [INFO] ✅ EventActions-Libraries completed in 1660.6s - Found: 0, New: 377, Duplicates: 123
[2026-04-20T15:01:50.590Z] [INFO] 🚀 Starting CustomDrupal-Libraries...
[2026-04-20T15:14:14.784Z] [INFO] ✅ CustomDrupal-Libraries completed in 744.2s - Found: 0, New: 124, Duplicates: 260
[2026-04-20T15:14:16.902Z] [INFO] 🚀 Starting PG-Parks...
[2026-04-20T15:14:31.906Z] [INFO] ✅ PG-Parks completed in 15.0s - Found: 24, New: 0, Duplicates: 0
[2026-04-20T15:14:34.030Z] [INFO] 🚀 Starting WordPress-MD...
[2026-04-20T15:18:28.095Z] [ERROR] ❌ WordPress-MD failed after 234.1s: duplicate key value violates unique constraint "idx_events_unique_content"
[2026-04-20T15:18:30.281Z] [INFO] 🚀 Starting Activities-BowlingAlleys-DMV...
[2026-04-20T15:18:36.855Z] [INFO] ✅ Activities-BowlingAlleys-DMV completed in 6.6s - Found: 15, New: 15, Duplicates: 0
[2026-04-20T15:18:39.026Z] [INFO] 🔄 Completed 10 scrapers, memory cleanup...
[2026-04-20T15:18:44.029Z] [INFO] 🚀 Starting Activities-FamilyEntertainment-DMV...
[2026-04-20T15:18:52.171Z] [INFO] ✅ Activities-FamilyEntertainment-DMV completed in 8.1s - Found: 24, New: 24, Duplicates: 0
[2026-04-20T15:18:54.294Z] [INFO] 🚀 Starting Activities-IndoorPlaygrounds-DMV...
[2026-04-20T15:19:01.168Z] [INFO] ✅ Activities-IndoorPlaygrounds-DMV completed in 6.9s - Found: 20, New: 20, Duplicates: 0
[2026-04-20T15:19:03.302Z] [INFO] 🚀 Starting Activities-NatureFarms-DMV...
[2026-04-20T15:19:11.030Z] [INFO] ✅ Activities-NatureFarms-DMV completed in 7.7s - Found: 22, New: 22, Duplicates: 0
[2026-04-20T15:19:13.182Z] [INFO] 🚀 Starting Activities-SwimmingPools-DMV...
[2026-04-20T15:19:19.560Z] [INFO] ✅ Activities-SwimmingPools-DMV completed in 6.4s - Found: 17, New: 17, Duplicates: 0
[2026-04-20T15:19:21.714Z] [INFO] 🚀 Starting Montgomery-Parks...
[2026-04-20T15:19:22.818Z] [INFO] ✅ Montgomery-Parks completed in 1.1s - Found: 27, New: 27, Duplicates: 0
[2026-04-20T15:19:24.951Z] [INFO] 🔄 Completed 15 scrapers, memory cleanup...
[2026-04-20T15:19:29.955Z] [INFO] 🚀 Starting Activities-Eastern-US...
[2026-04-20T15:20:54.033Z] [INFO] ✅ Activities-Eastern-US completed in 84.1s - Found: 226, New: 226, Duplicates: 0
[2026-04-20T15:20:56.161Z] [INFO] 🚀 Starting Venue-Events-ChildrensMuseums...
[2026-04-20T15:26:48.537Z] [INFO] ✅ Venue-Events-ChildrensMuseums completed in 352.4s - Found: 0, New: 0, Duplicates: 0
[2026-04-20T15:26:50.657Z] [INFO] 🚀 Starting Festivals-Eastern-US...
[2026-04-20T15:40:12.317Z] [INFO] ✅ Festivals-Eastern-US completed in 801.7s - Found: 1, New: 42, Duplicates: 3426
[2026-04-20T15:40:12.534Z] [INFO] ℹ️  MacaroniKid scrapers have been moved to separate runners.
[2026-04-20T15:40:12.534Z] [INFO]    Use: node macaroni-runner-group2.js
[2026-04-20T15:40:12.534Z] [INFO] 
============================================================
[2026-04-20T15:40:12.535Z] [INFO] 📊 SUMMARY
[2026-04-20T15:40:12.535Z] [INFO] ============================================================
[2026-04-20T15:40:12.535Z] [INFO] ✅ Success: 17
[2026-04-20T15:40:12.535Z] [INFO] ❌ Failed: 1
[2026-04-20T15:40:12.535Z] [INFO] ⏭️  Skipped: 0
[2026-04-20T15:40:12.535Z] [INFO] ⏱️  Total time: 287.6 minutes
[2026-04-20T15:40:12.535Z] [INFO] 
Failed scrapers:
[2026-04-20T15:40:12.535Z] [INFO]   - WordPress-MD: duplicate key value violates unique constraint "idx_events_unique_content"
[2026-04-20T15:40:12.535Z] [INFO] 
============================================================

[2026-04-20T17:18:18.637Z] [INFO] 
============================================================
[2026-04-20T17:18:18.638Z] [INFO] 🐝 FunHive Local Scraper Runner
[2026-04-20T17:18:18.681Z] [INFO] 📅 4/20/2026, 1:18:18 PM EST
[2026-04-20T17:18:18.681Z] [INFO] ============================================================

[2026-04-20T17:18:18.681Z] [INFO] 🚀 Starting WordPress-MD...
