[2026-04-22T10:51:12.953Z] [INFO] 
============================================================
[2026-04-22T10:51:12.954Z] [INFO] 🐝 FunHive Local Scraper Runner
[2026-04-22T10:51:13.001Z] [INFO] 📅 4/22/2026, 6:51:12 AM EST
[2026-04-22T10:51:13.002Z] [INFO] ============================================================

[2026-04-22T10:51:13.002Z] [INFO] 📅 Today is day 22 → Group 1
[2026-04-22T10:51:13.003Z] [INFO] 
============================================================
[2026-04-22T10:51:13.003Z] [INFO] 📋 Running Group 1 scrapers (20 total)
[2026-04-22T10:51:13.003Z] [INFO] ============================================================

[2026-04-22T10:51:13.004Z] [INFO] 🚀 Starting Communico-DC...
[2026-04-22T10:54:07.895Z] [INFO] ✅ Communico-DC completed in 174.9s - Found: 0, New: 28, Duplicates: 319
[2026-04-22T10:54:10.035Z] [INFO] 🚀 Starting Communico-VA...
[2026-04-22T11:05:19.517Z] [INFO] ✅ Communico-VA completed in 669.5s - Found: 0, New: 33, Duplicates: 365
[2026-04-22T11:05:21.637Z] [INFO] 🚀 Starting BiblioCommons-VA...
[2026-04-22T11:05:37.971Z] [INFO] ✅ BiblioCommons-VA completed in 16.3s - Found: 0, New: 20, Duplicates: 0
[2026-04-22T11:05:40.104Z] [INFO] 🚀 Starting Pratt-Library...
[2026-04-22T11:10:21.841Z] [INFO] ✅ Pratt-Library completed in 281.7s - Found: 0, New: 853, Duplicates: 0
[2026-04-22T11:10:23.985Z] [INFO] 🚀 Starting AACPL...
[2026-04-22T11:10:54.792Z] [INFO] ✅ AACPL completed in 30.8s - Found: 0, New: 23, Duplicates: 1
[2026-04-22T11:10:56.916Z] [INFO] 🔄 Completed 5 scrapers, memory cleanup...
[2026-04-22T11:11:01.924Z] [INFO] 🚀 Starting Prince-Georges-County...
[2026-04-22T11:11:57.851Z] [INFO] ✅ Prince-Georges-County completed in 55.9s - Found: 0, New: 33, Duplicates: 49
[2026-04-22T11:12:00.032Z] [INFO] 🚀 Starting CivicEngage-Libraries...
[2026-04-22T11:15:52.166Z] [INFO] ✅ CivicEngage-Libraries completed in 232.1s - Found: 0, New: 50, Duplicates: 0
[2026-04-22T11:15:54.451Z] [INFO] 🚀 Starting FullCalendar-Libraries...
[2026-04-22T11:25:22.096Z] [INFO] ✅ FullCalendar-Libraries completed in 567.6s - Found: 0, New: 240, Duplicates: 2
[2026-04-22T11:25:24.208Z] [INFO] 🚀 Starting LibraryCalendar-Libraries...
[2026-04-22T13:59:52.176Z] [INFO] ✅ LibraryCalendar-Libraries completed in 9268.0s - Found: 0, New: 2983, Duplicates: 449
[2026-04-22T13:59:54.317Z] [INFO] 🚀 Starting Fairfax-Parks...
[2026-04-22T14:00:52.013Z] [INFO] ✅ Fairfax-Parks completed in 57.7s - Found: 93, New: 93, Duplicates: 0
[2026-04-22T14:00:54.165Z] [INFO] 🔄 Completed 10 scrapers, memory cleanup...
[2026-04-22T14:00:59.171Z] [INFO] 🚀 Starting WordPress-VA...
[2026-04-22T14:01:29.936Z] [INFO] ✅ WordPress-VA completed in 30.8s - Found: 0, New: 0, Duplicates: 0
[2026-04-22T14:01:32.103Z] [INFO] 🚀 Starting Activities-ArtStudios-DMV...
[2026-04-22T14:01:40.420Z] [INFO] ✅ Activities-ArtStudios-DMV completed in 8.3s - Found: 18, New: 18, Duplicates: 0
[2026-04-22T14:01:42.566Z] [INFO] 🚀 Starting Activities-ClimbingGyms-DMV...
[2026-04-22T14:01:46.288Z] [INFO] ✅ Activities-ClimbingGyms-DMV completed in 3.7s - Found: 10, New: 10, Duplicates: 0
[2026-04-22T14:01:48.413Z] [INFO] 🚀 Starting Activities-IceRinks-DMV...
[2026-04-22T14:01:53.068Z] [INFO] ✅ Activities-IceRinks-DMV completed in 4.7s - Found: 13, New: 13, Duplicates: 0
[2026-04-22T14:01:55.184Z] [INFO] 🚀 Starting Activities-MovieTheaters-DMV...
[2026-04-22T14:02:03.243Z] [INFO] ✅ Activities-MovieTheaters-DMV completed in 8.1s - Found: 20, New: 20, Duplicates: 0
[2026-04-22T14:02:05.376Z] [INFO] 🔄 Completed 15 scrapers, memory cleanup...
[2026-04-22T14:02:10.379Z] [INFO] 🚀 Starting Activities-ScienceDiscovery-DMV...
[2026-04-22T14:02:16.425Z] [INFO] ✅ Activities-ScienceDiscovery-DMV completed in 6.0s - Found: 16, New: 16, Duplicates: 0
[2026-04-22T14:02:18.568Z] [INFO] 🚀 Starting KidsOutAndAbout-DMV...
[2026-04-22T14:08:43.560Z] [INFO] ✅ KidsOutAndAbout-DMV completed in 385.0s - Found: 34, New: 34, Duplicates: 0
[2026-04-22T14:08:45.701Z] [INFO] 🚀 Starting PortDiscovery-MD...
[2026-04-22T14:08:51.443Z] [INFO] ✅ PortDiscovery-MD completed in 5.7s - Found: 0, New: 2, Duplicates: 32
[2026-04-22T14:08:53.560Z] [INFO] 🚀 Starting State-Parks-Events...
[2026-04-22T14:09:42.909Z] [INFO] ✅ State-Parks-Events completed in 49.3s - Found: 0, New: 0, Duplicates: 2
[2026-04-22T14:09:45.094Z] [INFO] 🚀 Starting Venue-Events-ScienceArts...
[2026-04-22T14:16:03.337Z] [INFO] ✅ Venue-Events-ScienceArts completed in 378.2s - Found: 0, New: 0, Duplicates: 335
[2026-04-22T14:16:03.448Z] [INFO] 🔄 Completed 20 scrapers, memory cleanup...
[2026-04-22T14:16:08.453Z] [INFO] ℹ️  MacaroniKid scrapers have been moved to separate runners.
[2026-04-22T14:16:08.454Z] [INFO]    Use: node macaroni-runner-group1.js
[2026-04-22T14:16:08.454Z] [INFO] 
============================================================
[2026-04-22T14:16:08.455Z] [INFO] 📊 SUMMARY
[2026-04-22T14:16:08.455Z] [INFO] ============================================================
[2026-04-22T14:16:08.455Z] [INFO] ✅ Success: 20
[2026-04-22T14:16:08.455Z] [INFO] ❌ Failed: 0
[2026-04-22T14:16:08.456Z] [INFO] ⏭️  Skipped: 0
[2026-04-22T14:16:08.456Z] [INFO] ⏱️  Total time: 204.9 minutes
[2026-04-22T14:16:08.456Z] [INFO] 
============================================================

