[2026-04-10T10:54:23.390Z] [INFO] 
============================================================
[2026-04-10T10:54:23.391Z] [INFO] 🐝 FunHive Local Scraper Runner
[2026-04-10T10:54:23.451Z] [INFO] 📅 4/10/2026, 6:54:23 AM EST
[2026-04-10T10:54:23.451Z] [INFO] ============================================================

[2026-04-10T10:54:23.451Z] [INFO] 📅 Today is day 10 → Group 1
[2026-04-10T10:54:23.452Z] [INFO] 
============================================================
[2026-04-10T10:54:23.452Z] [INFO] 📋 Running Group 1 scrapers (20 total)
[2026-04-10T10:54:23.452Z] [INFO] ============================================================

[2026-04-10T10:54:23.453Z] [INFO] 🚀 Starting Communico-DC...
[2026-04-10T11:02:02.885Z] [INFO] ✅ Communico-DC completed in 459.4s - Found: 0, New: 710, Duplicates: 16
[2026-04-10T11:02:05.009Z] [INFO] 🚀 Starting Communico-VA...
[2026-04-10T11:15:46.426Z] [INFO] ✅ Communico-VA completed in 821.4s - Found: 0, New: 819, Duplicates: 51
[2026-04-10T11:15:48.562Z] [INFO] 🚀 Starting BiblioCommons-VA...
[2026-04-10T11:16:09.293Z] [INFO] ✅ BiblioCommons-VA completed in 20.7s - Found: 0, New: 19, Duplicates: 0
[2026-04-10T11:16:11.433Z] [INFO] 🚀 Starting Pratt-Library...
[2026-04-10T11:21:12.720Z] [INFO] ✅ Pratt-Library completed in 301.3s - Found: 0, New: 895, Duplicates: 0
[2026-04-10T11:21:14.861Z] [INFO] 🚀 Starting AACPL...
[2026-04-10T11:21:45.707Z] [INFO] ✅ AACPL completed in 30.8s - Found: 0, New: 23, Duplicates: 1
[2026-04-10T11:21:47.831Z] [INFO] 🔄 Completed 5 scrapers, memory cleanup...
[2026-04-10T11:21:52.842Z] [INFO] 🚀 Starting Prince-Georges-County...
[2026-04-10T11:22:17.211Z] [INFO] ✅ Prince-Georges-County completed in 24.4s - Found: 0, New: 10, Duplicates: 18
[2026-04-10T11:22:19.328Z] [INFO] 🚀 Starting Allegany-County...
[2026-04-10T11:22:27.199Z] [INFO] ✅ Allegany-County completed in 7.9s - Found: 0, New: 0, Duplicates: 0
[2026-04-10T11:22:29.679Z] [INFO] 🚀 Starting Ruth-Enlow...
[2026-04-10T11:22:37.488Z] [INFO] ✅ Ruth-Enlow completed in 7.8s - Found: 0, New: 0, Duplicates: 0
[2026-04-10T11:22:39.702Z] [INFO] 🚀 Starting CivicEngage-Libraries...
[2026-04-10T11:26:09.919Z] [INFO] ✅ CivicEngage-Libraries completed in 210.2s - Found: 0, New: 75, Duplicates: 0
[2026-04-10T11:26:12.068Z] [INFO] 🚀 Starting FullCalendar-Libraries...
[2026-04-10T11:34:31.672Z] [INFO] ✅ FullCalendar-Libraries completed in 499.6s - Found: 0, New: 246, Duplicates: 7
[2026-04-10T11:34:33.801Z] [INFO] 🔄 Completed 10 scrapers, memory cleanup...
[2026-04-10T11:34:38.805Z] [INFO] 🚀 Starting LibraryCalendar-Libraries...
[2026-04-10T12:00:21.542Z] [INFO] 
============================================================
[2026-04-10T12:00:21.543Z] [INFO] 🐝 FunHive Local Scraper Runner
[2026-04-10T12:00:21.601Z] [INFO] 📅 4/10/2026, 8:00:21 AM EST
[2026-04-10T12:00:21.601Z] [INFO] ============================================================

[2026-04-10T12:00:21.601Z] [INFO] 📅 Today is day 10 → Group 1
[2026-04-10T12:00:21.602Z] [INFO] 
============================================================
[2026-04-10T12:00:21.602Z] [INFO] 📋 Running Group 1 scrapers (20 total)
[2026-04-10T12:00:21.602Z] [INFO] ============================================================

[2026-04-10T12:00:21.604Z] [INFO] 🚀 Starting Communico-DC...
[2026-04-10T12:01:32.711Z] [INFO] 
============================================================
[2026-04-10T12:01:32.712Z] [INFO] 🐝 FunHive Local Scraper Runner
[2026-04-10T12:01:32.769Z] [INFO] 📅 4/10/2026, 8:01:32 AM EST
[2026-04-10T12:01:32.769Z] [INFO] ============================================================

[2026-04-10T12:01:32.770Z] [ERROR] ❌ Scraper 'scraper-macaroni-va' not found in registry
[2026-04-10T12:01:32.770Z] [INFO] Available scrapers: LibCal-CA, LibCal-CO, LibCal-CT, LibCal-DE, LibCal-FL, LibCal-GA, LibCal-IA, LibCal-LA, LibCal-MA, LibCal-MD...
[2026-04-10T12:01:32.770Z] [INFO] Macaroni Kid: MacaroniKid-CA, MacaroniKid-PA, MacaroniKid-NC, MacaroniKid-MA, MacaroniKid-TN...
[2026-04-10T12:01:32.770Z] [INFO] 
============================================================
[2026-04-10T12:01:32.770Z] [INFO] 📊 SUMMARY
[2026-04-10T12:01:32.770Z] [INFO] ============================================================
[2026-04-10T12:01:32.770Z] [INFO] ✅ Success: 0
[2026-04-10T12:01:32.770Z] [INFO] ❌ Failed: 0
[2026-04-10T12:01:32.771Z] [INFO] ⏭️  Skipped: 0
[2026-04-10T12:01:32.771Z] [INFO] ⏱️  Total time: 0.0 minutes
[2026-04-10T12:01:32.771Z] [INFO] 
============================================================

[2026-04-10T14:00:25.550Z] [INFO] 
============================================================
[2026-04-10T14:00:25.551Z] [INFO] 🐝 FunHive Local Scraper Runner
[2026-04-10T14:00:25.592Z] [INFO] 📅 4/10/2026, 10:00:25 AM EST
[2026-04-10T14:00:25.592Z] [INFO] ============================================================

[2026-04-10T14:00:25.593Z] [INFO] 🚀 Starting MacaroniKid-VA...
[2026-04-10T14:02:35.476Z] [INFO] ✅ Communico-DC completed in 7333.9s - Found: 0, New: 67, Duplicates: 659
[2026-04-10T14:02:37.610Z] [INFO] 🚀 Starting Communico-VA...
[2026-04-10T15:05:38.618Z] [INFO] ✅ Communico-VA completed in 3781.0s - Found: 0, New: 77, Duplicates: 793
[2026-04-10T15:05:40.795Z] [INFO] 🚀 Starting BiblioCommons-VA...
[2026-04-10T15:16:40.308Z] [INFO] ✅ BiblioCommons-VA completed in 659.5s - Found: 0, New: 14, Duplicates: 0
[2026-04-10T15:16:42.437Z] [INFO] 🚀 Starting Pratt-Library...
[2026-04-10T15:16:42.684Z] [INFO] ✅ Pratt-Library completed in 0.2s - Found: 0, New: 0, Duplicates: 0
[2026-04-10T15:16:44.804Z] [INFO] 🚀 Starting AACPL...
[2026-04-10T15:17:11.631Z] [INFO] ✅ AACPL completed in 26.8s - Found: 0, New: 6, Duplicates: 18
[2026-04-10T15:17:13.744Z] [INFO] 🔄 Completed 5 scrapers, memory cleanup...
[2026-04-10T15:17:18.748Z] [INFO] 🚀 Starting Prince-Georges-County...
[2026-04-10T15:17:42.267Z] [INFO] ✅ Prince-Georges-County completed in 23.5s - Found: 0, New: 0, Duplicates: 28
[2026-04-10T15:17:44.412Z] [INFO] 🚀 Starting Allegany-County...
[2026-04-10T15:17:52.510Z] [INFO] ✅ Allegany-County completed in 8.1s - Found: 0, New: 0, Duplicates: 0
[2026-04-10T15:17:54.696Z] [INFO] 🚀 Starting Ruth-Enlow...
[2026-04-10T15:18:01.297Z] [INFO] ✅ Ruth-Enlow completed in 6.6s - Found: 0, New: 0, Duplicates: 0
[2026-04-10T15:18:03.530Z] [INFO] 🚀 Starting CivicEngage-Libraries...
[2026-04-10T15:22:43.015Z] [INFO] ✅ CivicEngage-Libraries completed in 279.5s - Found: 0, New: 75, Duplicates: 0
[2026-04-10T15:22:45.150Z] [INFO] 🚀 Starting FullCalendar-Libraries...
[2026-04-10T15:31:03.209Z] [INFO] ✅ FullCalendar-Libraries completed in 498.1s - Found: 0, New: 52, Duplicates: 7
[2026-04-10T15:31:05.341Z] [INFO] 🔄 Completed 10 scrapers, memory cleanup...
[2026-04-10T15:31:10.344Z] [INFO] 🚀 Starting LibraryCalendar-Libraries...
[2026-04-10T17:58:16.425Z] [INFO] ✅ LibraryCalendar-Libraries completed in 8826.1s - Found: 0, New: 196, Duplicates: 376
[2026-04-10T17:58:18.555Z] [INFO] 🚀 Starting Fairfax-Parks...
[2026-04-10T17:58:58.709Z] [INFO] ✅ Fairfax-Parks completed in 40.2s - Found: 84, New: 84, Duplicates: 0
[2026-04-10T17:59:00.828Z] [INFO] 🚀 Starting WordPress-VA...
[2026-04-10T17:59:00.834Z] [ERROR] ❌ WordPress-VA failed after 0.0s: Cannot find module '@sparticuz/chromium'
Require stack:
- /Users/jenniferkurtz/Desktop/funhive-web/scrapers/scraper-wordpress-libraries-va.js
- /Users/jenniferkurtz/Desktop/funhive-web/scrapers/local-scraper-runner.js
[2026-04-10T17:59:02.967Z] [INFO] 🚀 Starting Activities-ArtStudios-DMV...
[2026-04-10T17:59:09.524Z] [INFO] ✅ Activities-ArtStudios-DMV completed in 6.6s - Found: 0, New: 0, Duplicates: 0
[2026-04-10T17:59:11.653Z] [INFO] 🚀 Starting Activities-ClimbingGyms-DMV...
[2026-04-10T17:59:15.107Z] [INFO] ✅ Activities-ClimbingGyms-DMV completed in 3.5s - Found: 0, New: 0, Duplicates: 0
[2026-04-10T17:59:17.229Z] [INFO] 🔄 Completed 15 scrapers, memory cleanup...
[2026-04-10T17:59:22.234Z] [INFO] 🚀 Starting Activities-IceRinks-DMV...
[2026-04-10T17:59:27.161Z] [INFO] ✅ Activities-IceRinks-DMV completed in 4.9s - Found: 0, New: 0, Duplicates: 0
[2026-04-10T17:59:29.289Z] [INFO] 🚀 Starting Activities-MovieTheaters-DMV...
[2026-04-10T17:59:36.386Z] [INFO] ✅ Activities-MovieTheaters-DMV completed in 7.1s - Found: 0, New: 0, Duplicates: 0
[2026-04-10T17:59:38.537Z] [INFO] 🚀 Starting Activities-ScienceDiscovery-DMV...
[2026-04-10T17:59:43.590Z] [INFO] ✅ Activities-ScienceDiscovery-DMV completed in 5.1s - Found: 0, New: 0, Duplicates: 0
[2026-04-10T17:59:45.714Z] [INFO] 🚀 Starting KidsOutAndAbout-DMV...
[2026-04-10T18:00:09.905Z] [INFO] ✅ KidsOutAndAbout-DMV completed in 24.2s - Found: 70, New: 70, Duplicates: 0
[2026-04-10T18:00:12.018Z] [INFO] 🚀 Starting PortDiscovery-MD...
[2026-04-10T18:00:49.724Z] [INFO] ✅ PortDiscovery-MD completed in 37.7s - Found: 0, New: 81, Duplicates: 0
[2026-04-10T18:00:49.832Z] [INFO] 🔄 Completed 20 scrapers, memory cleanup...
[2026-04-10T18:00:54.840Z] [INFO] 
============================================================
[2026-04-10T18:00:54.841Z] [INFO] 🍝 Running Macaroni Kid Group 1 (15 states, ~139 sites)
[2026-04-10T18:00:54.841Z] [INFO] ============================================================

[2026-04-10T18:00:54.842Z] [INFO] 🚀 Starting MacaroniKid-CA...
[2026-04-10T20:10:17.617Z] [INFO] ✅ MacaroniKid-CA completed in 7762.8s - Found: 0, New: 113, Duplicates: 0
[2026-04-10T20:10:21.747Z] [INFO] 🚀 Starting MacaroniKid-PA...
[2026-04-10T22:13:34.962Z] [INFO] ✅ MacaroniKid-PA completed in 7393.2s - Found: 0, New: 255, Duplicates: 0
[2026-04-10T22:13:39.090Z] [INFO] 🚀 Starting MacaroniKid-NC...
[2026-04-10T23:04:29.269Z] [INFO] ✅ MacaroniKid-NC completed in 3050.2s - Found: 0, New: 34, Duplicates: 0
[2026-04-10T23:04:33.431Z] [INFO] 🚀 Starting MacaroniKid-MA...
[2026-04-10T23:18:01.641Z] [INFO] 
============================================================
[2026-04-10T23:18:01.642Z] [INFO] 🐝 FunHive Local Scraper Runner
[2026-04-10T23:18:01.701Z] [INFO] 📅 4/10/2026, 7:18:01 PM EST
[2026-04-10T23:18:01.701Z] [INFO] ============================================================

[2026-04-10T23:18:01.702Z] [INFO] 🚀 Starting MacaroniKid-VA...
[2026-04-11T00:25:10.561Z] [INFO] ✅ MacaroniKid-VA completed in 4028.9s - Found: 0, New: 205, Duplicates: 0
[2026-04-11T00:25:10.729Z] [INFO] 
============================================================
[2026-04-11T00:25:10.729Z] [INFO] 📊 SUMMARY
[2026-04-11T00:25:10.729Z] [INFO] ============================================================
[2026-04-11T00:25:10.729Z] [INFO] ✅ Success: 1
[2026-04-11T00:25:10.729Z] [INFO] ❌ Failed: 0
[2026-04-11T00:25:10.729Z] [INFO] ⏭️  Skipped: 0
[2026-04-11T00:25:10.730Z] [INFO] ⏱️  Total time: 67.2 minutes
[2026-04-11T00:25:10.730Z] [INFO] 
============================================================

[2026-04-11T01:04:20.484Z] [INFO] ✅ MacaroniKid-MA completed in 7187.1s - Found: 0, New: 819, Duplicates: 0
[2026-04-11T01:04:24.605Z] [INFO] 🚀 Starting MacaroniKid-TN...
[2026-04-11T01:16:20.282Z] [INFO] ✅ MacaroniKid-TN completed in 715.7s - Found: 0, New: 10, Duplicates: 0
[2026-04-11T01:16:24.418Z] [INFO] 🔄 Completed 5 Macaroni Kid states, memory cleanup...
[2026-04-11T01:16:34.422Z] [INFO] 🚀 Starting MacaroniKid-AL...
[2026-04-11T01:26:45.769Z] [INFO] ✅ MacaroniKid-AL completed in 611.3s - Found: 0, New: 8, Duplicates: 0
[2026-04-11T01:26:49.894Z] [INFO] 🚀 Starting MacaroniKid-MN...
[2026-04-11T02:08:14.960Z] [INFO] ✅ MacaroniKid-MN completed in 2485.1s - Found: 0, New: 24, Duplicates: 0
[2026-04-11T02:08:19.086Z] [INFO] 🚀 Starting MacaroniKid-KY...
[2026-04-11T02:46:22.234Z] [INFO] ✅ MacaroniKid-KY completed in 2283.1s - Found: 0, New: 554, Duplicates: 0
[2026-04-11T02:46:26.354Z] [INFO] 🚀 Starting MacaroniKid-IA...
[2026-04-11T02:57:57.452Z] [INFO] ✅ MacaroniKid-IA completed in 691.1s - Found: 0, New: 16, Duplicates: 0
[2026-04-11T02:58:01.587Z] [INFO] 🚀 Starting MacaroniKid-HI...
[2026-04-11T02:59:22.535Z] [INFO] ✅ MacaroniKid-HI completed in 80.9s - Found: 0, New: 0, Duplicates: 0
[2026-04-11T02:59:26.666Z] [INFO] 🔄 Completed 10 Macaroni Kid states, memory cleanup...
[2026-04-11T02:59:36.679Z] [INFO] 🚀 Starting MacaroniKid-NE...
[2026-04-11T03:06:03.257Z] [INFO] ✅ MacaroniKid-NE completed in 386.6s - Found: 0, New: 5, Duplicates: 0
[2026-04-11T03:06:07.385Z] [INFO] 🚀 Starting MacaroniKid-RI...
[2026-04-11T03:36:34.541Z] [INFO] ✅ MacaroniKid-RI completed in 1827.2s - Found: 0, New: 51, Duplicates: 0
[2026-04-11T03:36:38.685Z] [INFO] 🚀 Starting MacaroniKid-DC...
[2026-04-11T03:36:48.726Z] [INFO] ✅ MacaroniKid-DC completed in 10.0s - Found: 0, New: 0, Duplicates: 0
[2026-04-11T03:36:52.863Z] [INFO] 🚀 Starting MacaroniKid-WV...
[2026-04-11T03:37:27.129Z] [INFO] ✅ MacaroniKid-WV completed in 34.3s - Found: 0, New: 0, Duplicates: 0
[2026-04-11T03:37:31.250Z] [INFO] 🚀 Starting MacaroniKid-SD...
[2026-04-11T03:38:36.174Z] [INFO] ✅ MacaroniKid-SD completed in 64.9s - Found: 0, New: 0, Duplicates: 0
[2026-04-11T03:38:36.296Z] [INFO] 🔄 Completed 15 Macaroni Kid states, memory cleanup...
[2026-04-11T03:38:46.304Z] [INFO] 
============================================================
[2026-04-11T03:38:46.306Z] [INFO] 📊 SUMMARY
[2026-04-11T03:38:46.306Z] [INFO] ============================================================
[2026-04-11T03:38:46.306Z] [INFO] ✅ Success: 34
[2026-04-11T03:38:46.306Z] [INFO] ❌ Failed: 1
[2026-04-11T03:38:46.306Z] [INFO] ⏭️  Skipped: 0
[2026-04-11T03:38:46.306Z] [INFO] ⏱️  Total time: 938.4 minutes
[2026-04-11T03:38:46.307Z] [INFO] 
Failed scrapers:
[2026-04-11T03:38:46.307Z] [INFO]   - WordPress-VA: Cannot find module '@sparticuz/chromium'
Require stack:
- /Users/jenniferkurtz/Desktop/funhive-web/scrapers/scraper-wordpress-libraries-va.js
- /Users/jenniferkurtz/Desktop/funhive-web/scrapers/local-scraper-runner.js
[2026-04-11T03:38:46.307Z] [INFO] 
============================================================

