[2026-04-09T10:47:06.137Z] [INFO] 
============================================================
[2026-04-09T10:47:06.139Z] [INFO] 🐝 FunHive Local Scraper Runner
[2026-04-09T10:47:06.183Z] [INFO] 📅 4/9/2026, 6:47:06 AM EST
[2026-04-09T10:47:06.185Z] [INFO] ============================================================

[2026-04-09T10:47:06.187Z] [INFO] 
============================================================
[2026-04-09T10:47:06.187Z] [INFO] 📋 Running Group 1 scrapers (12 total) [DC, MD, VA]
[2026-04-09T10:47:06.188Z] [INFO] ============================================================

[2026-04-09T10:47:06.188Z] [INFO] [DRY RUN] Would run: Communico-DC (puppeteer, DC)
[2026-04-09T10:47:06.189Z] [INFO] [DRY RUN] Would run: Communico-VA (puppeteer, VA)
[2026-04-09T10:47:06.189Z] [INFO] [DRY RUN] Would run: BiblioCommons-VA (puppeteer, VA)
[2026-04-09T10:47:06.189Z] [INFO] [DRY RUN] Would run: Pratt-Library (puppeteer, MD)
[2026-04-09T10:47:06.190Z] [INFO] [DRY RUN] Would run: AACPL (puppeteer, MD)
[2026-04-09T10:47:06.190Z] [INFO] [DRY RUN] Would run: Prince-Georges-County (puppeteer, MD)
[2026-04-09T10:47:06.191Z] [INFO] [DRY RUN] Would run: Allegany-County (puppeteer, MD)
[2026-04-09T10:47:06.191Z] [INFO] [DRY RUN] Would run: Ruth-Enlow (puppeteer, MD)
[2026-04-09T10:47:06.192Z] [INFO] [DRY RUN] Would run: CivicEngage-Libraries (puppeteer, VA)
[2026-04-09T10:47:06.192Z] [INFO] [DRY RUN] Would run: FullCalendar-Libraries (puppeteer, VA)
[2026-04-09T10:47:06.192Z] [INFO] [DRY RUN] Would run: LibraryCalendar-Libraries (puppeteer, Multi)
[2026-04-09T10:47:06.193Z] [INFO] [DRY RUN] Would run: Fairfax-Parks (puppeteer, VA)
[2026-04-09T10:47:06.195Z] [INFO] 
============================================================
[2026-04-09T10:47:06.195Z] [INFO] 🍝 Running Macaroni Kid Group 1 (1 states, ~139 sites)
[2026-04-09T10:47:06.196Z] [INFO] ============================================================

[2026-04-09T10:47:06.197Z] [INFO] [DRY RUN] Would run: MacaroniKid-DC (DC, 1 sites)
[2026-04-09T10:47:06.198Z] [INFO] 
============================================================
[2026-04-09T10:47:06.199Z] [INFO] 📊 SUMMARY
[2026-04-09T10:47:06.201Z] [INFO] ============================================================
[2026-04-09T10:47:06.202Z] [INFO] ✅ Success: 0
[2026-04-09T10:47:06.202Z] [INFO] ❌ Failed: 0
[2026-04-09T10:47:06.203Z] [INFO] ⏭️  Skipped: 0
[2026-04-09T10:47:06.203Z] [INFO] ⏱️  Total time: 0.0 minutes
[2026-04-09T10:47:06.203Z] [INFO] 
============================================================

[2026-04-09T13:23:34.477Z] [INFO] 
============================================================
[2026-04-09T13:23:34.478Z] [INFO] 🐝 FunHive Local Scraper Runner
[2026-04-09T13:23:34.517Z] [INFO] 📅 4/9/2026, 9:23:34 AM EST
[2026-04-09T13:23:34.517Z] [INFO] ============================================================

[2026-04-09T13:23:34.517Z] [INFO] 📅 Today is day 9 → Group 3
[2026-04-09T13:23:34.518Z] [INFO] 
============================================================
[2026-04-09T13:23:34.518Z] [INFO] 📋 Running Group 3 scrapers (19 total) [DC, MD, VA]
[2026-04-09T13:23:34.518Z] [INFO] ============================================================

[2026-04-09T13:23:34.519Z] [INFO] 🚀 Starting LibCal-MD...
[2026-04-09T13:24:07.489Z] [INFO] ✅ LibCal-MD completed in 33.0s - Found: 0, New: 0, Duplicates: 0
[2026-04-09T13:24:10.604Z] [INFO] 🚀 Starting LibCal-VA...
[2026-04-09T13:24:52.697Z] [INFO] ✅ LibCal-VA completed in 42.1s - Found: 0, New: 29, Duplicates: 11
[2026-04-09T13:24:54.830Z] [INFO] 🚀 Starting Communico-MD...
[2026-04-09T13:26:11.672Z] [INFO] ✅ Communico-MD completed in 76.8s - Found: 0, New: 0, Duplicates: 0
[2026-04-09T13:26:14.204Z] [INFO] 🚀 Starting Dorchester-County...
[2026-04-09T13:26:37.084Z] [INFO] ✅ Dorchester-County completed in 22.9s - Found: 0, New: 14, Duplicates: 0
[2026-04-09T13:26:39.212Z] [INFO] 🚀 Starting Wicomico-Public...
[2026-04-09T13:26:47.777Z] [INFO] ✅ Wicomico-Public completed in 8.6s - Found: 0, New: 0, Duplicates: 0
[2026-04-09T13:26:50.151Z] [INFO] 🔄 Completed 5 scrapers, memory cleanup...
[2026-04-09T13:26:55.154Z] [INFO] 🚀 Starting Worcester-County...
[2026-04-09T13:27:01.647Z] [INFO] ✅ Worcester-County completed in 6.5s - Found: 0, New: 0, Duplicates: 0
[2026-04-09T13:27:04.144Z] [INFO] 🚀 Starting Firespring-Libraries...
[2026-04-09T13:32:42.416Z] [ERROR] ❌ Firespring-Libraries failed after 338.3s: invalid input syntax for type uuid: "gz81QQE6sKpv58h9RlCP"
[2026-04-09T13:32:44.547Z] [INFO] 🚀 Starting WithApps-Libraries...
[2026-04-09T13:33:27.833Z] [ERROR] ❌ WithApps-Libraries failed after 43.3s: invalid input syntax for type uuid: "18Tfvf4YNZNIQbUoprMC"
[2026-04-09T13:33:29.965Z] [INFO] 🚀 Starting WordPress-Events-Calendar...
[2026-04-09T13:35:14.825Z] [INFO] ✅ WordPress-Events-Calendar completed in 104.9s - Found: 0, New: 25, Duplicates: 1
[2026-04-09T13:35:16.964Z] [INFO] 🚀 Starting Squarespace-Libraries...
[2026-04-09T13:36:43.910Z] [INFO] ✅ Squarespace-Libraries completed in 86.9s - Found: 0, New: 118, Duplicates: 0
[2026-04-09T13:36:46.021Z] [INFO] 🔄 Completed 10 scrapers, memory cleanup...
[2026-04-09T13:36:51.025Z] [INFO] 🚀 Starting Drupal-Virginia...
[2026-04-09T13:37:54.625Z] [INFO] ✅ Drupal-Virginia completed in 63.6s - Found: 0, New: 24, Duplicates: 0
[2026-04-09T13:37:56.744Z] [INFO] 🚀 Starting LibraryMarket-MD...
[2026-04-09T13:38:42.858Z] [INFO] ✅ LibraryMarket-MD completed in 46.1s - Found: 0, New: 0, Duplicates: 0
[2026-04-09T13:38:45.419Z] [INFO] 🚀 Starting RollyPollies-MD...
[2026-04-09T13:40:30.436Z] [ERROR] ❌ RollyPollies-MD failed after 105.0s: invalid input syntax for type uuid: "UjUBE8A3O6p-PCyS25SM"
[2026-04-09T13:40:32.592Z] [INFO] 🚀 Starting Activities-ChildrensMuseums-DMV...
[2026-04-09T13:40:37.543Z] [INFO] ✅ Activities-ChildrensMuseums-DMV completed in 5.0s - Found: 0, New: 0, Duplicates: 0
[2026-04-09T13:40:39.682Z] [INFO] 🚀 Starting Activities-GymnasticsCenters-DMV...
[2026-04-09T13:40:45.654Z] [INFO] ✅ Activities-GymnasticsCenters-DMV completed in 6.0s - Found: 0, New: 0, Duplicates: 0
[2026-04-09T13:40:47.790Z] [INFO] 🔄 Completed 15 scrapers, memory cleanup...
[2026-04-09T13:40:52.792Z] [INFO] 🚀 Starting Activities-MinigolfBatting-DMV...
[2026-04-09T13:40:59.461Z] [INFO] ✅ Activities-MinigolfBatting-DMV completed in 6.7s - Found: 0, New: 0, Duplicates: 0
[2026-04-09T13:41:01.586Z] [INFO] 🚀 Starting Activities-RollerSkating-DMV...
[2026-04-09T13:41:06.454Z] [INFO] ✅ Activities-RollerSkating-DMV completed in 4.9s - Found: 0, New: 0, Duplicates: 0
[2026-04-09T13:41:08.591Z] [INFO] 🚀 Starting Activities-TrampolineNinja-DMV...
[2026-04-09T13:41:13.892Z] [INFO] ✅ Activities-TrampolineNinja-DMV completed in 5.3s - Found: 0, New: 0, Duplicates: 0
[2026-04-09T13:41:16.026Z] [INFO] 🚀 Starting AARecParks-MD...
[2026-04-09T13:41:16.034Z] [ERROR] ❌ AARecParks-MD failed after 0.0s: Cannot find module '@sparticuz/chromium'
Require stack:
- /Users/jenniferkurtz/Desktop/funhive-web/scrapers/scraper-aarecparks-md.js
- /Users/jenniferkurtz/Desktop/funhive-web/scrapers/local-scraper-runner.js
[2026-04-09T13:41:16.184Z] [INFO] 
============================================================
[2026-04-09T13:41:16.185Z] [INFO] 🍝 Running Macaroni Kid Group 3 (1 states, ~149 sites)
[2026-04-09T13:41:16.185Z] [INFO] ============================================================

[2026-04-09T13:41:16.185Z] [INFO] 🚀 Starting MacaroniKid-VA...
[2026-04-09T14:17:20.963Z] [ERROR] ❌ MacaroniKid-VA failed after 2164.8s: invalid input syntax for type uuid: "ODYucMYJLmY8V_YBO0IF"
[2026-04-09T14:17:21.090Z] [INFO] 
============================================================
[2026-04-09T14:17:21.090Z] [INFO] 📊 SUMMARY
[2026-04-09T14:17:21.090Z] [INFO] ============================================================
[2026-04-09T14:17:21.090Z] [INFO] ✅ Success: 15
[2026-04-09T14:17:21.090Z] [INFO] ❌ Failed: 5
[2026-04-09T14:17:21.090Z] [INFO] ⏭️  Skipped: 0
[2026-04-09T14:17:21.090Z] [INFO] ⏱️  Total time: 53.8 minutes
[2026-04-09T14:17:21.090Z] [INFO] 
Failed scrapers:
[2026-04-09T14:17:21.090Z] [INFO]   - Firespring-Libraries: invalid input syntax for type uuid: "gz81QQE6sKpv58h9RlCP"
[2026-04-09T14:17:21.090Z] [INFO]   - WithApps-Libraries: invalid input syntax for type uuid: "18Tfvf4YNZNIQbUoprMC"
[2026-04-09T14:17:21.090Z] [INFO]   - RollyPollies-MD: invalid input syntax for type uuid: "UjUBE8A3O6p-PCyS25SM"
[2026-04-09T14:17:21.090Z] [INFO]   - AARecParks-MD: Cannot find module '@sparticuz/chromium'
Require stack:
- /Users/jenniferkurtz/Desktop/funhive-web/scrapers/scraper-aarecparks-md.js
- /Users/jenniferkurtz/Desktop/funhive-web/scrapers/local-scraper-runner.js
[2026-04-09T14:17:21.091Z] [INFO]   - MacaroniKid-VA: invalid input syntax for type uuid: "ODYucMYJLmY8V_YBO0IF"
[2026-04-09T14:17:21.091Z] [INFO] 
============================================================

