[2026-04-27T17:54:37.121Z] [INFO] 
============================================================
[2026-04-27T17:54:37.122Z] [INFO] 🐝 FunHive Local Scraper Runner
[2026-04-27T17:54:37.170Z] [INFO] 📅 4/27/2026, 1:54:37 PM EST
[2026-04-27T17:54:37.170Z] [INFO] ============================================================

[2026-04-27T17:54:37.170Z] [INFO] 📅 Today is day 27 → Group 3
[2026-04-27T17:54:37.171Z] [INFO] 
============================================================
[2026-04-27T17:54:37.171Z] [INFO] 📋 Running Group 3 scrapers (23 total)
[2026-04-27T17:54:37.171Z] [INFO] ============================================================

[2026-04-27T17:54:37.171Z] [INFO] 🚀 Starting LibCal-VA...
[2026-04-27T17:54:59.309Z] [INFO] ✅ LibCal-VA completed in 22.1s - Found: 0, New: 16, Duplicates: 24
[2026-04-27T17:55:01.423Z] [INFO] 🚀 Starting Communico-MD...
[2026-04-27T17:57:11.078Z] [INFO] ✅ Communico-MD completed in 129.7s - Found: 0, New: 106, Duplicates: 17
[2026-04-27T17:57:13.210Z] [INFO] 🚀 Starting Dorchester-County...
[2026-04-27T17:57:35.108Z] [INFO] ✅ Dorchester-County completed in 21.9s - Found: 0, New: 14, Duplicates: 0
[2026-04-27T17:57:37.232Z] [INFO] 🚀 Starting Wicomico-Public...
[2026-04-27T17:57:54.965Z] [INFO] ✅ Wicomico-Public completed in 17.7s - Found: 0, New: 5, Duplicates: 0
[2026-04-27T17:57:57.111Z] [INFO] 🚀 Starting Firespring-Libraries...
[2026-04-27T17:59:50.405Z] [INFO] ✅ Firespring-Libraries completed in 113.3s - Found: 0, New: 164, Duplicates: 0
[2026-04-27T17:59:52.535Z] [INFO] 🔄 Completed 5 scrapers, memory cleanup...
[2026-04-27T17:59:57.537Z] [INFO] 🚀 Starting WithApps-Libraries...
[2026-04-27T18:00:34.904Z] [INFO] ✅ WithApps-Libraries completed in 37.4s - Found: 0, New: 14, Duplicates: 19
[2026-04-27T18:00:37.014Z] [INFO] 🚀 Starting WordPress-Events-Calendar...
[2026-04-27T18:04:39.669Z] [INFO] ✅ WordPress-Events-Calendar completed in 242.7s - Found: 0, New: 37, Duplicates: 1
[2026-04-27T18:04:41.779Z] [INFO] 🚀 Starting Squarespace-Libraries...
[2026-04-27T18:05:55.076Z] [INFO] ✅ Squarespace-Libraries completed in 73.3s - Found: 0, New: 113, Duplicates: 0
[2026-04-27T18:05:57.190Z] [INFO] 🚀 Starting Drupal-Virginia...
[2026-04-27T18:07:00.248Z] [INFO] ✅ Drupal-Virginia completed in 63.1s - Found: 0, New: 14, Duplicates: 10
[2026-04-27T18:07:02.371Z] [INFO] 🚀 Starting RollyPollies-MD...
[2026-04-27T18:08:37.794Z] [INFO] ✅ RollyPollies-MD completed in 95.4s - Found: 0, New: 14, Duplicates: 46
[2026-04-27T18:08:39.949Z] [INFO] 🔄 Completed 10 scrapers, memory cleanup...
[2026-04-27T18:08:45.211Z] [INFO] 🚀 Starting Activities-ChildrensMuseums-DMV...
[2026-04-27T18:08:50.383Z] [INFO] ✅ Activities-ChildrensMuseums-DMV completed in 5.2s - Found: 12, New: 12, Duplicates: 0
[2026-04-27T18:08:52.528Z] [INFO] 🚀 Starting Activities-GymnasticsCenters-DMV...
[2026-04-27T18:08:57.999Z] [INFO] ✅ Activities-GymnasticsCenters-DMV completed in 5.5s - Found: 14, New: 14, Duplicates: 0
[2026-04-27T18:09:00.141Z] [INFO] 🚀 Starting Activities-MinigolfBatting-DMV...
[2026-04-27T18:09:07.223Z] [INFO] ✅ Activities-MinigolfBatting-DMV completed in 7.1s - Found: 18, New: 18, Duplicates: 0
[2026-04-27T18:09:09.366Z] [INFO] 🚀 Starting Activities-RollerSkating-DMV...
[2026-04-27T18:09:14.436Z] [INFO] ✅ Activities-RollerSkating-DMV completed in 5.1s - Found: 13, New: 13, Duplicates: 0
[2026-04-27T18:09:16.583Z] [INFO] 🚀 Starting Activities-TrampolineNinja-DMV...
[2026-04-27T18:09:22.414Z] [INFO] ✅ Activities-TrampolineNinja-DMV completed in 5.8s - Found: 14, New: 14, Duplicates: 0
[2026-04-27T18:09:24.555Z] [INFO] 🔄 Completed 15 scrapers, memory cleanup...
[2026-04-27T18:09:29.558Z] [INFO] 🚀 Starting AARecParks-MD...
[2026-04-27T18:10:47.223Z] [INFO] ✅ AARecParks-MD completed in 77.7s - Found: 60, New: 60, Duplicates: 0
[2026-04-27T18:10:49.342Z] [INFO] 🚀 Starting WordPressTec-Parks...
[2026-04-27T18:17:42.504Z] [INFO] ✅ WordPressTec-Parks completed in 413.2s - Found: 70, New: 70, Duplicates: 0
[2026-04-27T18:17:44.679Z] [INFO] 🚀 Starting Venue-Events-ZoosAquariums...
[2026-04-27T18:36:58.224Z] [INFO] ✅ Venue-Events-ZoosAquariums completed in 1153.5s - Found: 32, New: 32, Duplicates: 154
[2026-04-27T18:37:00.383Z] [INFO] 🚀 Starting Farms-Eastern-US...
[2026-04-27T19:03:17.231Z] [INFO] ✅ Farms-Eastern-US completed in 1576.8s - Found: 0, New: 0, Duplicates: 0
[2026-04-27T19:03:23.717Z] [INFO] 🚀 Starting Assabet-NH-MA...
[2026-04-27T19:03:23.728Z] [ERROR] ❌ Assabet-NH-MA failed after 0.0s: Cannot find module '@sparticuz/chromium'
Require stack:
- /Users/jenniferkurtz/Desktop/funhive-web/scrapers/scraper-assabet-libraries-nh-ma.js
- /Users/jenniferkurtz/Desktop/funhive-web/scrapers/local-scraper-runner.js
[2026-04-27T19:03:30.359Z] [INFO] 🔄 Completed 20 scrapers, memory cleanup...
[2026-04-27T19:03:35.365Z] [INFO] 🚀 Starting Patch-Community-Eastern...
[2026-04-27T19:30:31.635Z] [INFO] ✅ Patch-Community-Eastern completed in 1616.3s - Found: 0, New: 0, Duplicates: 0
[2026-04-27T19:30:33.745Z] [INFO] 🚀 Starting CivicRec-Parks-Eastern...
[2026-04-27T20:20:21.433Z] [INFO] ✅ CivicRec-Parks-Eastern completed in 2987.7s - Found: 0, New: 0, Duplicates: 0
[2026-04-27T20:20:23.603Z] [INFO] 🚀 Starting Gardens-Nature-Eastern...
[2026-04-27T20:57:14.559Z] [INFO] ✅ Gardens-Nature-Eastern completed in 2211.0s - Found: 0, New: 0, Duplicates: 0
[2026-04-27T20:57:14.827Z] [INFO] ℹ️  MacaroniKid scrapers have been moved to separate runners.
[2026-04-27T20:57:14.827Z] [INFO]    Use: node macaroni-runner-group3.js
[2026-04-27T20:57:14.827Z] [INFO] 
============================================================
[2026-04-27T20:57:14.827Z] [INFO] 📊 SUMMARY
[2026-04-27T20:57:14.827Z] [INFO] ============================================================
[2026-04-27T20:57:14.827Z] [INFO] ✅ Success: 22
[2026-04-27T20:57:14.827Z] [INFO] ❌ Failed: 1
[2026-04-27T20:57:14.827Z] [INFO] ⏭️  Skipped: 0
[2026-04-27T20:57:14.827Z] [INFO] ⏱️  Total time: 182.6 minutes
[2026-04-27T20:57:14.827Z] [INFO] 
Failed scrapers:
[2026-04-27T20:57:14.827Z] [INFO]   - Assabet-NH-MA: Cannot find module '@sparticuz/chromium'
Require stack:
- /Users/jenniferkurtz/Desktop/funhive-web/scrapers/scraper-assabet-libraries-nh-ma.js
- /Users/jenniferkurtz/Desktop/funhive-web/scrapers/local-scraper-runner.js
[2026-04-27T20:57:14.827Z] [INFO] 
============================================================

