[2026-04-19T10:41:34.933Z] [INFO] 
============================================================
[2026-04-19T10:41:34.934Z] [INFO] 🐝 FunHive Local Scraper Runner
[2026-04-19T10:41:34.977Z] [INFO] 📅 4/19/2026, 6:41:34 AM EST
[2026-04-19T10:41:34.977Z] [INFO] ============================================================

[2026-04-19T10:41:34.977Z] [INFO] 📅 Today is day 19 → Group 1
[2026-04-19T10:41:34.978Z] [INFO] 
============================================================
[2026-04-19T10:41:34.978Z] [INFO] 📋 Running Group 1 scrapers (20 total)
[2026-04-19T10:41:34.978Z] [INFO] ============================================================

[2026-04-19T10:41:34.979Z] [INFO] 🚀 Starting Communico-DC...
[2026-04-19T10:45:13.145Z] [INFO] ✅ Communico-DC completed in 218.2s - Found: 0, New: 46, Duplicates: 410
[2026-04-19T10:45:15.280Z] [INFO] 🚀 Starting Communico-VA...
[2026-04-19T10:54:20.133Z] [INFO] ✅ Communico-VA completed in 544.9s - Found: 0, New: 48, Duplicates: 473
[2026-04-19T10:54:22.263Z] [INFO] 🚀 Starting BiblioCommons-VA...
[2026-04-19T10:54:39.486Z] [INFO] ✅ BiblioCommons-VA completed in 17.2s - Found: 0, New: 21, Duplicates: 0
[2026-04-19T10:54:41.604Z] [INFO] 🚀 Starting Pratt-Library...
[2026-04-19T10:58:53.502Z] [INFO] ✅ Pratt-Library completed in 251.9s - Found: 0, New: 849, Duplicates: 0
[2026-04-19T10:58:55.633Z] [INFO] 🚀 Starting AACPL...
[2026-04-19T10:59:25.394Z] [INFO] ✅ AACPL completed in 29.8s - Found: 0, New: 21, Duplicates: 3
[2026-04-19T10:59:27.505Z] [INFO] 🔄 Completed 5 scrapers, memory cleanup...
[2026-04-19T10:59:32.509Z] [INFO] 🚀 Starting Prince-Georges-County...
[2026-04-19T10:59:46.131Z] [INFO] ✅ Prince-Georges-County completed in 13.6s - Found: 0, New: 1, Duplicates: 5
[2026-04-19T10:59:48.248Z] [INFO] 🚀 Starting CivicEngage-Libraries...
[2026-04-19T11:03:32.896Z] [INFO] ✅ CivicEngage-Libraries completed in 224.6s - Found: 0, New: 50, Duplicates: 0
[2026-04-19T11:03:35.051Z] [INFO] 🚀 Starting FullCalendar-Libraries...
[2026-04-19T11:13:20.087Z] [INFO] ✅ FullCalendar-Libraries completed in 585.0s - Found: 0, New: 257, Duplicates: 4
[2026-04-19T11:13:22.209Z] [INFO] 🚀 Starting LibraryCalendar-Libraries...
[2026-04-19T13:45:41.704Z] [INFO] ✅ LibraryCalendar-Libraries completed in 9139.5s - Found: 0, New: 2776, Duplicates: 640
[2026-04-19T13:45:43.837Z] [INFO] 🚀 Starting Fairfax-Parks...
[2026-04-19T13:46:20.333Z] [INFO] ✅ Fairfax-Parks completed in 36.5s - Found: 85, New: 85, Duplicates: 0
[2026-04-19T13:46:22.494Z] [INFO] 🔄 Completed 10 scrapers, memory cleanup...
[2026-04-19T13:46:27.498Z] [INFO] 🚀 Starting WordPress-VA...
[2026-04-19T14:06:02.260Z] [INFO] ✅ WordPress-VA completed in 1174.8s - Found: 533, New: 370, Duplicates: 163
[2026-04-19T14:06:04.388Z] [INFO] 🚀 Starting Activities-ArtStudios-DMV...
[2026-04-19T14:06:11.144Z] [INFO] ✅ Activities-ArtStudios-DMV completed in 6.8s - Found: 18, New: 18, Duplicates: 0
[2026-04-19T14:06:13.262Z] [INFO] 🚀 Starting Activities-ClimbingGyms-DMV...
[2026-04-19T14:06:16.695Z] [INFO] ✅ Activities-ClimbingGyms-DMV completed in 3.4s - Found: 10, New: 10, Duplicates: 0
[2026-04-19T14:06:18.818Z] [INFO] 🚀 Starting Activities-IceRinks-DMV...
[2026-04-19T14:06:23.222Z] [INFO] ✅ Activities-IceRinks-DMV completed in 4.4s - Found: 13, New: 13, Duplicates: 0
[2026-04-19T14:06:25.338Z] [INFO] 🚀 Starting Activities-MovieTheaters-DMV...
[2026-04-19T14:06:32.062Z] [INFO] ✅ Activities-MovieTheaters-DMV completed in 6.7s - Found: 20, New: 20, Duplicates: 0
[2026-04-19T14:06:34.173Z] [INFO] 🔄 Completed 15 scrapers, memory cleanup...
[2026-04-19T14:06:39.178Z] [INFO] 🚀 Starting Activities-ScienceDiscovery-DMV...
[2026-04-19T14:06:45.160Z] [INFO] ✅ Activities-ScienceDiscovery-DMV completed in 6.0s - Found: 16, New: 16, Duplicates: 0
[2026-04-19T14:06:47.295Z] [INFO] 🚀 Starting KidsOutAndAbout-DMV...
[2026-04-19T14:13:24.006Z] [INFO] ✅ KidsOutAndAbout-DMV completed in 396.7s - Found: 131, New: 131, Duplicates: 0
[2026-04-19T14:13:26.215Z] [INFO] 🚀 Starting PortDiscovery-MD...
[2026-04-19T14:13:37.915Z] [INFO] ✅ PortDiscovery-MD completed in 11.7s - Found: 0, New: 5, Duplicates: 39
[2026-04-19T14:13:40.181Z] [INFO] 🚀 Starting State-Parks-Events...
[2026-04-19T14:14:40.031Z] [INFO] ✅ State-Parks-Events completed in 59.9s - Found: 0, New: 0, Duplicates: 1
[2026-04-19T14:14:42.466Z] [INFO] 🚀 Starting Venue-Events-ScienceArts...
[2026-04-19T14:21:03.565Z] [INFO] ✅ Venue-Events-ScienceArts completed in 381.1s - Found: 0, New: 0, Duplicates: 324
[2026-04-19T14:21:03.701Z] [INFO] 🔄 Completed 20 scrapers, memory cleanup...
[2026-04-19T14:21:08.707Z] [INFO] ℹ️  MacaroniKid scrapers have been moved to separate runners.
[2026-04-19T14:21:08.708Z] [INFO]    Use: node macaroni-runner-group1.js
[2026-04-19T14:21:08.709Z] [INFO] 
============================================================
[2026-04-19T14:21:08.709Z] [INFO] 📊 SUMMARY
[2026-04-19T14:21:08.709Z] [INFO] ============================================================
[2026-04-19T14:21:08.709Z] [INFO] ✅ Success: 20
[2026-04-19T14:21:08.709Z] [INFO] ❌ Failed: 0
[2026-04-19T14:21:08.709Z] [INFO] ⏭️  Skipped: 0
[2026-04-19T14:21:08.710Z] [INFO] ⏱️  Total time: 219.6 minutes
[2026-04-19T14:21:08.710Z] [INFO] 
============================================================

