[2026-04-11T10:54:57.763Z] [INFO] 
============================================================
[2026-04-11T10:54:57.764Z] [INFO] 🐝 FunHive Local Scraper Runner
[2026-04-11T10:54:57.822Z] [INFO] 📅 4/11/2026, 6:54:57 AM EST
[2026-04-11T10:54:57.822Z] [INFO] ============================================================

[2026-04-11T10:54:57.822Z] [INFO] 📅 Today is day 11 → Group 2
[2026-04-11T10:54:57.823Z] [INFO] 
============================================================
[2026-04-11T10:54:57.823Z] [INFO] 📋 Running Group 2 scrapers (17 total)
[2026-04-11T10:54:57.823Z] [INFO] ============================================================

[2026-04-11T10:54:57.823Z] [INFO] 🚀 Starting Howard-County...
[2026-04-11T10:56:23.750Z] [INFO] ✅ Howard-County completed in 85.9s - Found: 0, New: 116, Duplicates: 0
[2026-04-11T10:56:25.874Z] [INFO] 🚀 Starting LibraryMarket...
[2026-04-11T14:32:58.790Z] [INFO] ✅ LibraryMarket completed in 12992.9s - Found: 0, New: 3360, Duplicates: 103
[2026-04-11T14:33:00.918Z] [INFO] 🚀 Starting Cecil-County...
[2026-04-11T14:34:17.493Z] [INFO] ✅ Cecil-County completed in 76.6s - Found: 0, New: 23, Duplicates: 0
[2026-04-11T14:34:19.620Z] [INFO] 🚀 Starting Somerset-County...
[2026-04-11T14:40:00.670Z] [INFO] ✅ Somerset-County completed in 341.1s - Found: 0, New: 483, Duplicates: 9
[2026-04-11T14:40:02.814Z] [INFO] 🚀 Starting Kent-County...
[2026-04-11T14:40:23.496Z] [INFO] ✅ Kent-County completed in 20.7s - Found: 0, New: 0, Duplicates: 0
[2026-04-11T14:40:25.716Z] [INFO] 🔄 Completed 5 scrapers, memory cleanup...
[2026-04-11T14:40:30.721Z] [INFO] 🚀 Starting Rockbridge-Regional...
[2026-04-11T14:46:43.021Z] [INFO] ✅ Rockbridge-Regional completed in 372.3s - Found: 0, New: 73, Duplicates: 0
[2026-04-11T14:46:45.158Z] [INFO] 🚀 Starting EventActions-Libraries...
[2026-04-11T15:15:33.822Z] [INFO] ✅ EventActions-Libraries completed in 1728.7s - Found: 0, New: 478, Duplicates: 22
[2026-04-11T15:15:35.968Z] [INFO] 🚀 Starting CustomDrupal-Libraries...
[2026-04-11T15:21:07.337Z] [INFO] ✅ CustomDrupal-Libraries completed in 331.4s - Found: 0, New: 282, Duplicates: 92
[2026-04-11T15:21:09.460Z] [INFO] 🚀 Starting PG-Parks...
[2026-04-11T15:21:09.471Z] [ERROR] ❌ PG-Parks failed after 0.0s: Cannot find module '@sparticuz/chromium'
Require stack:
- /Users/jenniferkurtz/Desktop/funhive-web/scrapers/scraper-pgparks-md.js
- /Users/jenniferkurtz/Desktop/funhive-web/scrapers/local-scraper-runner.js
[2026-04-11T15:21:11.592Z] [INFO] 🚀 Starting WordPress-MD...
[2026-04-11T15:25:16.729Z] [INFO] ✅ WordPress-MD completed in 245.1s - Found: 90, New: 54, Duplicates: 36
[2026-04-11T15:25:18.848Z] [INFO] 🔄 Completed 10 scrapers, memory cleanup...
[2026-04-11T15:25:23.852Z] [INFO] 🚀 Starting ModernEventsCalendar-VA...
[2026-04-11T15:25:27.544Z] [INFO] ✅ ModernEventsCalendar-VA completed in 3.7s - Found: 0, New: 0, Duplicates: 0
[2026-04-11T15:25:29.661Z] [INFO] 🚀 Starting Activities-BowlingAlleys-DMV...
[2026-04-11T15:25:34.944Z] [INFO] ✅ Activities-BowlingAlleys-DMV completed in 5.3s - Found: 0, New: 0, Duplicates: 0
[2026-04-11T15:25:37.058Z] [INFO] 🚀 Starting Activities-FamilyEntertainment-DMV...
[2026-04-11T15:25:44.569Z] [INFO] ✅ Activities-FamilyEntertainment-DMV completed in 7.5s - Found: 0, New: 0, Duplicates: 0
[2026-04-11T15:25:46.689Z] [INFO] 🚀 Starting Activities-IndoorPlaygrounds-DMV...
[2026-04-11T15:25:53.146Z] [INFO] ✅ Activities-IndoorPlaygrounds-DMV completed in 6.5s - Found: 0, New: 0, Duplicates: 0
[2026-04-11T15:25:55.263Z] [INFO] 🚀 Starting Activities-NatureFarms-DMV...
[2026-04-11T15:26:01.039Z] [INFO] ✅ Activities-NatureFarms-DMV completed in 5.8s - Found: 0, New: 0, Duplicates: 0
[2026-04-11T15:26:03.159Z] [INFO] 🔄 Completed 15 scrapers, memory cleanup...
[2026-04-11T15:26:08.164Z] [INFO] 🚀 Starting Activities-SwimmingPools-DMV...
[2026-04-11T15:26:13.785Z] [INFO] ✅ Activities-SwimmingPools-DMV completed in 5.6s - Found: 0, New: 0, Duplicates: 0
[2026-04-11T15:26:15.906Z] [INFO] 🚀 Starting Montgomery-Parks...
[2026-04-11T15:26:16.117Z] [ERROR] ❌ Montgomery-Parks failed after 0.2s: Cannot find module 'xml2js'
Require stack:
- /Users/jenniferkurtz/Desktop/funhive-web/scrapers/scraper-montgomery-parks-md.js
- /Users/jenniferkurtz/Desktop/funhive-web/scrapers/local-scraper-runner.js
[2026-04-11T15:26:16.230Z] [INFO] 
============================================================
[2026-04-11T15:26:16.231Z] [INFO] 🍝 Running Macaroni Kid Group 2 (14 states, ~131 sites)
[2026-04-11T15:26:16.231Z] [INFO] ============================================================

[2026-04-11T15:26:16.231Z] [INFO] 🚀 Starting MacaroniKid-FL...
[2026-04-11T18:07:53.808Z] [INFO] ✅ MacaroniKid-FL completed in 9697.6s - Found: 0, New: 2436, Duplicates: 0
[2026-04-11T18:07:57.942Z] [INFO] 🚀 Starting MacaroniKid-NY...
[2026-04-11T19:12:07.215Z] [INFO] ✅ MacaroniKid-NY completed in 3849.3s - Found: 0, New: 585, Duplicates: 0
[2026-04-11T19:12:11.352Z] [INFO] 🚀 Starting MacaroniKid-GA...
[2026-04-11T20:01:34.058Z] [INFO] ✅ MacaroniKid-GA completed in 2962.7s - Found: 0, New: 469, Duplicates: 0
[2026-04-11T20:01:38.183Z] [INFO] 🚀 Starting MacaroniKid-MI...
[2026-04-11T20:32:34.997Z] [INFO] ✅ MacaroniKid-MI completed in 1856.8s - Found: 0, New: 268, Duplicates: 0
[2026-04-11T20:32:39.119Z] [INFO] 🚀 Starting MacaroniKid-CT...
[2026-04-11T20:45:16.058Z] [INFO] ✅ MacaroniKid-CT completed in 756.9s - Found: 0, New: 74, Duplicates: 0
[2026-04-11T20:45:20.184Z] [INFO] 🔄 Completed 5 Macaroni Kid states, memory cleanup...
[2026-04-11T20:45:30.186Z] [INFO] 🚀 Starting MacaroniKid-MD...
[2026-04-11T21:37:49.270Z] [INFO] ✅ MacaroniKid-MD completed in 3139.1s - Found: 0, New: 106, Duplicates: 0
[2026-04-11T21:37:53.409Z] [INFO] 🚀 Starting MacaroniKid-AZ...
[2026-04-11T21:52:04.671Z] [INFO] ✅ MacaroniKid-AZ completed in 851.3s - Found: 0, New: 224, Duplicates: 0
[2026-04-11T21:52:08.825Z] [INFO] 🚀 Starting MacaroniKid-OR...
[2026-04-11T22:08:40.267Z] [INFO] ✅ MacaroniKid-OR completed in 991.4s - Found: 0, New: 330, Duplicates: 0
[2026-04-11T22:08:44.398Z] [INFO] 🚀 Starting MacaroniKid-LA...
[2026-04-11T22:45:14.513Z] [INFO] ✅ MacaroniKid-LA completed in 2190.1s - Found: 0, New: 682, Duplicates: 0
[2026-04-11T22:45:18.675Z] [INFO] 🚀 Starting MacaroniKid-KS...
[2026-04-11T22:54:40.739Z] [INFO] ✅ MacaroniKid-KS completed in 562.1s - Found: 0, New: 170, Duplicates: 0
[2026-04-11T22:54:44.878Z] [INFO] 🔄 Completed 10 Macaroni Kid states, memory cleanup...
[2026-04-11T22:54:54.891Z] [INFO] 🚀 Starting MacaroniKid-AR...
[2026-04-11T23:03:41.357Z] [INFO] ✅ MacaroniKid-AR completed in 526.5s - Found: 0, New: 140, Duplicates: 0
[2026-04-11T23:03:45.486Z] [INFO] 🚀 Starting MacaroniKid-NH...
[2026-04-11T23:19:28.723Z] [INFO] ✅ MacaroniKid-NH completed in 943.2s - Found: 0, New: 310, Duplicates: 0
[2026-04-11T23:19:32.846Z] [INFO] 🚀 Starting MacaroniKid-NM...
[2026-04-11T23:20:10.743Z] [INFO] ✅ MacaroniKid-NM completed in 37.9s - Found: 0, New: 0, Duplicates: 0
[2026-04-11T23:20:14.886Z] [INFO] 🚀 Starting MacaroniKid-ME...
[2026-04-11T23:21:23.536Z] [INFO] ✅ MacaroniKid-ME completed in 68.7s - Found: 0, New: 0, Duplicates: 0
[2026-04-11T23:21:23.688Z] [INFO] 
============================================================
[2026-04-11T23:21:23.688Z] [INFO] 📊 SUMMARY
[2026-04-11T23:21:23.689Z] [INFO] ============================================================
[2026-04-11T23:21:23.689Z] [INFO] ✅ Success: 29
[2026-04-11T23:21:23.689Z] [INFO] ❌ Failed: 2
[2026-04-11T23:21:23.689Z] [INFO] ⏭️  Skipped: 0
[2026-04-11T23:21:23.689Z] [INFO] ⏱️  Total time: 746.4 minutes
[2026-04-11T23:21:23.689Z] [INFO] 
Failed scrapers:
[2026-04-11T23:21:23.689Z] [INFO]   - PG-Parks: Cannot find module '@sparticuz/chromium'
Require stack:
- /Users/jenniferkurtz/Desktop/funhive-web/scrapers/scraper-pgparks-md.js
- /Users/jenniferkurtz/Desktop/funhive-web/scrapers/local-scraper-runner.js
[2026-04-11T23:21:23.689Z] [INFO]   - Montgomery-Parks: Cannot find module 'xml2js'
Require stack:
- /Users/jenniferkurtz/Desktop/funhive-web/scrapers/scraper-montgomery-parks-md.js
- /Users/jenniferkurtz/Desktop/funhive-web/scrapers/local-scraper-runner.js
[2026-04-11T23:21:23.689Z] [INFO] 
============================================================

