[2026-04-12T10:58:39.725Z] [INFO] 
============================================================
[2026-04-12T10:58:39.727Z] [INFO] 🐝 FunHive Local Scraper Runner
[2026-04-12T10:58:39.793Z] [INFO] 📅 4/12/2026, 6:58:39 AM EST
[2026-04-12T10:58:39.794Z] [INFO] ============================================================

[2026-04-12T10:58:39.794Z] [INFO] 📅 Today is day 12 → Group 3
[2026-04-12T10:58:39.794Z] [INFO] 
============================================================
[2026-04-12T10:58:39.795Z] [INFO] 📋 Running Group 3 scrapers (19 total)
[2026-04-12T10:58:39.795Z] [INFO] ============================================================

[2026-04-12T10:58:39.795Z] [INFO] 🚀 Starting LibCal-MD...
[2026-04-12T10:59:13.465Z] [INFO] ✅ LibCal-MD completed in 33.7s - Found: 0, New: 0, Duplicates: 0
[2026-04-12T10:59:17.138Z] [INFO] 🚀 Starting LibCal-VA...
[2026-04-12T10:59:43.398Z] [INFO] ✅ LibCal-VA completed in 26.3s - Found: 0, New: 16, Duplicates: 24
[2026-04-12T10:59:45.513Z] [INFO] 🚀 Starting Communico-MD...
[2026-04-12T11:22:37.865Z] [INFO] ✅ Communico-MD completed in 1372.4s - Found: 0, New: 1836, Duplicates: 57
[2026-04-12T11:22:40.104Z] [INFO] 🚀 Starting Dorchester-County...
[2026-04-12T11:23:04.093Z] [INFO] ✅ Dorchester-County completed in 24.0s - Found: 0, New: 14, Duplicates: 0
[2026-04-12T11:23:06.241Z] [INFO] 🚀 Starting Wicomico-Public...
[2026-04-12T11:23:24.866Z] [INFO] ✅ Wicomico-Public completed in 18.6s - Found: 0, New: 12, Duplicates: 0
[2026-04-12T11:23:27.006Z] [INFO] 🔄 Completed 5 scrapers, memory cleanup...
[2026-04-12T11:23:32.008Z] [INFO] 🚀 Starting Worcester-County...
[2026-04-12T11:23:39.439Z] [INFO] ✅ Worcester-County completed in 7.4s - Found: 0, New: 0, Duplicates: 0
[2026-04-12T11:23:41.626Z] [INFO] 🚀 Starting Firespring-Libraries...
[2026-04-12T11:29:27.776Z] [INFO] ✅ Firespring-Libraries completed in 346.1s - Found: 0, New: 167, Duplicates: 0
[2026-04-12T11:29:29.919Z] [INFO] 🚀 Starting WithApps-Libraries...
[2026-04-12T11:30:19.473Z] [INFO] ✅ WithApps-Libraries completed in 49.6s - Found: 0, New: 44, Duplicates: 0
[2026-04-12T11:30:21.615Z] [INFO] 🚀 Starting WordPress-Events-Calendar...
[2026-04-12T11:32:14.202Z] [INFO] ✅ WordPress-Events-Calendar completed in 112.6s - Found: 0, New: 26, Duplicates: 1
[2026-04-12T11:32:16.336Z] [INFO] 🚀 Starting Squarespace-Libraries...
[2026-04-12T11:34:00.062Z] [INFO] ✅ Squarespace-Libraries completed in 103.7s - Found: 0, New: 128, Duplicates: 15
[2026-04-12T11:34:02.195Z] [INFO] 🔄 Completed 10 scrapers, memory cleanup...
[2026-04-12T11:34:07.203Z] [INFO] 🚀 Starting Drupal-Virginia...
[2026-04-12T11:35:14.531Z] [INFO] ✅ Drupal-Virginia completed in 67.3s - Found: 0, New: 23, Duplicates: 1
[2026-04-12T11:35:16.666Z] [INFO] 🚀 Starting LibraryMarket-MD...
[2026-04-12T11:36:06.160Z] [INFO] ✅ LibraryMarket-MD completed in 49.5s - Found: 0, New: 0, Duplicates: 0
[2026-04-12T11:36:08.721Z] [INFO] 🚀 Starting RollyPollies-MD...
[2026-04-12T11:38:12.559Z] [INFO] ✅ RollyPollies-MD completed in 123.8s - Found: 0, New: 46, Duplicates: 32
[2026-04-12T11:38:14.689Z] [INFO] 🚀 Starting Activities-ChildrensMuseums-DMV...
[2026-04-12T11:38:18.951Z] [INFO] ✅ Activities-ChildrensMuseums-DMV completed in 4.3s - Found: 0, New: 0, Duplicates: 0
[2026-04-12T11:38:21.083Z] [INFO] 🚀 Starting Activities-GymnasticsCenters-DMV...
[2026-04-12T11:38:26.137Z] [INFO] ✅ Activities-GymnasticsCenters-DMV completed in 5.1s - Found: 0, New: 0, Duplicates: 0
[2026-04-12T11:38:28.263Z] [INFO] 🔄 Completed 15 scrapers, memory cleanup...
[2026-04-12T11:38:33.268Z] [INFO] 🚀 Starting Activities-MinigolfBatting-DMV...
[2026-04-12T11:38:39.640Z] [INFO] ✅ Activities-MinigolfBatting-DMV completed in 6.4s - Found: 0, New: 0, Duplicates: 0
[2026-04-12T11:38:41.760Z] [INFO] 🚀 Starting Activities-RollerSkating-DMV...
[2026-04-12T11:38:46.332Z] [INFO] ✅ Activities-RollerSkating-DMV completed in 4.6s - Found: 0, New: 0, Duplicates: 0
[2026-04-12T11:38:48.461Z] [INFO] 🚀 Starting Activities-TrampolineNinja-DMV...
[2026-04-12T11:38:53.307Z] [INFO] ✅ Activities-TrampolineNinja-DMV completed in 4.8s - Found: 0, New: 0, Duplicates: 0
[2026-04-12T11:38:55.426Z] [INFO] 🚀 Starting AARecParks-MD...
[2026-04-12T11:39:48.357Z] [INFO] ✅ AARecParks-MD completed in 52.9s - Found: 58, New: 0, Duplicates: 0
[2026-04-12T11:39:48.468Z] [INFO] 
============================================================
[2026-04-12T11:39:48.469Z] [INFO] 🍝 Running Macaroni Kid Group 3 (14 states, ~149 sites)
[2026-04-12T11:39:48.469Z] [INFO] ============================================================

[2026-04-12T11:39:48.469Z] [INFO] 🚀 Starting MacaroniKid-TX...
[2026-04-12T12:37:21.458Z] [INFO] ✅ MacaroniKid-TX completed in 3453.0s - Found: 0, New: 883, Duplicates: 0
[2026-04-12T12:37:25.609Z] [INFO] 🚀 Starting MacaroniKid-IL...
[2026-04-12T12:50:23.751Z] [INFO] ✅ MacaroniKid-IL completed in 778.1s - Found: 0, New: 138, Duplicates: 0
[2026-04-12T12:50:27.915Z] [INFO] 🚀 Starting MacaroniKid-NJ...
[2026-04-12T13:42:54.097Z] [INFO] ✅ MacaroniKid-NJ completed in 3146.2s - Found: 0, New: 975, Duplicates: 0
[2026-04-12T13:42:58.249Z] [INFO] 🚀 Starting MacaroniKid-OH...
[2026-04-12T14:16:33.209Z] [INFO] ✅ MacaroniKid-OH completed in 2015.0s - Found: 0, New: 613, Duplicates: 0
[2026-04-12T14:16:37.328Z] [INFO] 🚀 Starting MacaroniKid-VA...
[2026-04-12T15:26:34.059Z] [INFO] ✅ MacaroniKid-VA completed in 4196.7s - Found: 0, New: 778, Duplicates: 0
[2026-04-12T15:26:38.202Z] [INFO] 🔄 Completed 5 Macaroni Kid states, memory cleanup...
[2026-04-12T15:26:48.208Z] [INFO] 🚀 Starting MacaroniKid-CO...
[2026-04-12T16:39:40.594Z] [INFO] ✅ MacaroniKid-CO completed in 4372.4s - Found: 0, New: 1300, Duplicates: 0
[2026-04-12T16:39:44.723Z] [INFO] 🚀 Starting MacaroniKid-WA...
[2026-04-12T17:40:56.957Z] [INFO] ✅ MacaroniKid-WA completed in 3672.2s - Found: 0, New: 1188, Duplicates: 0
[2026-04-12T17:41:01.090Z] [INFO] 🚀 Starting MacaroniKid-IN...
[2026-04-12T18:04:11.658Z] [INFO] ✅ MacaroniKid-IN completed in 1390.6s - Found: 0, New: 437, Duplicates: 0
[2026-04-12T18:04:15.791Z] [INFO] 🚀 Starting MacaroniKid-SC...
[2026-04-12T18:20:45.858Z] [INFO] ✅ MacaroniKid-SC completed in 990.1s - Found: 0, New: 274, Duplicates: 0
[2026-04-12T18:20:50.000Z] [INFO] 🚀 Starting MacaroniKid-MO...
[2026-04-12T18:37:11.472Z] [INFO] ✅ MacaroniKid-MO completed in 981.5s - Found: 0, New: 284, Duplicates: 0
[2026-04-12T18:37:15.618Z] [INFO] 🔄 Completed 10 Macaroni Kid states, memory cleanup...
[2026-04-12T18:37:25.636Z] [INFO] 🚀 Starting MacaroniKid-WI...
[2026-04-12T18:47:52.824Z] [INFO] ✅ MacaroniKid-WI completed in 627.2s - Found: 0, New: 187, Duplicates: 0
[2026-04-12T18:47:56.946Z] [INFO] 🚀 Starting MacaroniKid-ID...
[2026-04-12T19:00:16.418Z] [INFO] ✅ MacaroniKid-ID completed in 739.5s - Found: 0, New: 234, Duplicates: 0
[2026-04-12T19:00:20.558Z] [INFO] 🚀 Starting MacaroniKid-DE...
[2026-04-12T19:08:24.206Z] [INFO] ✅ MacaroniKid-DE completed in 483.6s - Found: 0, New: 138, Duplicates: 0
[2026-04-12T19:08:28.348Z] [INFO] 🚀 Starting MacaroniKid-AK...
[2026-04-12T19:09:40.781Z] [INFO] ✅ MacaroniKid-AK completed in 72.4s - Found: 0, New: 0, Duplicates: 0
[2026-04-12T19:09:40.922Z] [INFO] 
============================================================
[2026-04-12T19:09:40.922Z] [INFO] 📊 SUMMARY
[2026-04-12T19:09:40.922Z] [INFO] ============================================================
[2026-04-12T19:09:40.922Z] [INFO] ✅ Success: 33
[2026-04-12T19:09:40.922Z] [INFO] ❌ Failed: 0
[2026-04-12T19:09:40.922Z] [INFO] ⏭️  Skipped: 0
[2026-04-12T19:09:40.922Z] [INFO] ⏱️  Total time: 491.0 minutes
[2026-04-12T19:09:40.922Z] [INFO] 
============================================================

