[2026-04-24T10:34:00.201Z] [INFO] 
============================================================
[2026-04-24T10:34:00.202Z] [INFO] 🐝 FunHive Local Scraper Runner
[2026-04-24T10:34:00.244Z] [INFO] 📅 4/24/2026, 6:34:00 AM EST
[2026-04-24T10:34:00.244Z] [INFO] ============================================================

[2026-04-24T10:34:00.244Z] [INFO] 📅 Today is day 24 → Group 3
[2026-04-24T10:34:00.245Z] [INFO] 
============================================================
[2026-04-24T10:34:00.245Z] [INFO] 📋 Running Group 3 scrapers (18 total)
[2026-04-24T10:34:00.245Z] [INFO] ============================================================

[2026-04-24T10:34:00.245Z] [INFO] 🚀 Starting LibCal-VA...
[2026-04-24T10:34:36.515Z] [INFO] ✅ LibCal-VA completed in 36.3s - Found: 0, New: 22, Duplicates: 18
[2026-04-24T10:34:38.618Z] [INFO] 🚀 Starting Communico-MD...
[2026-04-24T10:40:58.123Z] [INFO] ✅ Communico-MD completed in 379.5s - Found: 0, New: 64, Duplicates: 560
[2026-04-24T10:41:00.302Z] [INFO] 🚀 Starting Dorchester-County...
[2026-04-24T10:41:22.430Z] [INFO] ✅ Dorchester-County completed in 22.1s - Found: 0, New: 14, Duplicates: 0
[2026-04-24T10:41:24.624Z] [INFO] 🚀 Starting Wicomico-Public...
[2026-04-24T10:41:47.954Z] [INFO] ✅ Wicomico-Public completed in 23.3s - Found: 0, New: 14, Duplicates: 0
[2026-04-24T10:41:50.070Z] [INFO] 🚀 Starting Firespring-Libraries...
[2026-04-24T10:44:17.724Z] [INFO] ✅ Firespring-Libraries completed in 147.7s - Found: 0, New: 164, Duplicates: 0
[2026-04-24T10:44:19.852Z] [INFO] 🔄 Completed 5 scrapers, memory cleanup...
[2026-04-24T10:44:24.857Z] [INFO] 🚀 Starting WithApps-Libraries...
[2026-04-24T10:45:03.903Z] [INFO] ✅ WithApps-Libraries completed in 39.0s - Found: 0, New: 23, Duplicates: 9
[2026-04-24T10:45:06.172Z] [INFO] 🚀 Starting WordPress-Events-Calendar...
[2026-04-24T10:49:00.812Z] [INFO] ✅ WordPress-Events-Calendar completed in 234.6s - Found: 1, New: 36, Duplicates: 0
[2026-04-24T10:49:02.950Z] [INFO] 🚀 Starting Squarespace-Libraries...
[2026-04-24T10:51:28.529Z] [INFO] ✅ Squarespace-Libraries completed in 145.6s - Found: 0, New: 131, Duplicates: 12
[2026-04-24T10:51:30.677Z] [INFO] 🚀 Starting Drupal-Virginia...
[2026-04-24T10:51:57.574Z] [INFO] ✅ Drupal-Virginia completed in 26.9s - Found: 0, New: 17, Duplicates: 7
[2026-04-24T10:51:59.741Z] [INFO] 🚀 Starting RollyPollies-MD...
[2026-04-24T10:53:36.782Z] [INFO] ✅ RollyPollies-MD completed in 97.0s - Found: 0, New: 14, Duplicates: 48
[2026-04-24T10:53:38.903Z] [INFO] 🔄 Completed 10 scrapers, memory cleanup...
[2026-04-24T10:53:43.907Z] [INFO] 🚀 Starting Activities-ChildrensMuseums-DMV...
[2026-04-24T10:53:48.155Z] [INFO] ✅ Activities-ChildrensMuseums-DMV completed in 4.2s - Found: 12, New: 12, Duplicates: 0
[2026-04-24T10:53:50.269Z] [INFO] 🚀 Starting Activities-GymnasticsCenters-DMV...
[2026-04-24T10:53:55.348Z] [INFO] ✅ Activities-GymnasticsCenters-DMV completed in 5.1s - Found: 14, New: 14, Duplicates: 0
[2026-04-24T10:53:57.492Z] [INFO] 🚀 Starting Activities-MinigolfBatting-DMV...
[2026-04-24T10:54:04.369Z] [INFO] ✅ Activities-MinigolfBatting-DMV completed in 6.9s - Found: 18, New: 18, Duplicates: 0
[2026-04-24T10:54:06.519Z] [INFO] 🚀 Starting Activities-RollerSkating-DMV...
[2026-04-24T10:54:11.417Z] [INFO] ✅ Activities-RollerSkating-DMV completed in 4.9s - Found: 13, New: 13, Duplicates: 0
[2026-04-24T10:54:13.550Z] [INFO] 🚀 Starting Activities-TrampolineNinja-DMV...
[2026-04-24T10:54:18.732Z] [INFO] ✅ Activities-TrampolineNinja-DMV completed in 5.2s - Found: 14, New: 14, Duplicates: 0
[2026-04-24T10:54:20.857Z] [INFO] 🔄 Completed 15 scrapers, memory cleanup...
[2026-04-24T10:54:25.861Z] [INFO] 🚀 Starting AARecParks-MD...
[2026-04-24T10:55:17.026Z] [INFO] ✅ AARecParks-MD completed in 51.2s - Found: 60, New: 60, Duplicates: 0
[2026-04-24T10:55:19.159Z] [INFO] 🚀 Starting Venue-Events-ZoosAquariums...
[2026-04-24T11:14:03.504Z] [INFO] ✅ Venue-Events-ZoosAquariums completed in 1124.3s - Found: 76, New: 76, Duplicates: 106
[2026-04-24T11:14:05.625Z] [INFO] 🚀 Starting Farms-Eastern-US...
[2026-04-24T11:38:29.168Z] [INFO] ✅ Farms-Eastern-US completed in 1463.5s - Found: 0, New: 0, Duplicates: 0
[2026-04-24T11:38:29.482Z] [INFO] ℹ️  MacaroniKid scrapers have been moved to separate runners.
[2026-04-24T11:38:29.482Z] [INFO]    Use: node macaroni-runner-group3.js
[2026-04-24T11:38:29.482Z] [INFO] 
============================================================
[2026-04-24T11:38:29.482Z] [INFO] 📊 SUMMARY
[2026-04-24T11:38:29.482Z] [INFO] ============================================================
[2026-04-24T11:38:29.483Z] [INFO] ✅ Success: 18
[2026-04-24T11:38:29.483Z] [INFO] ❌ Failed: 0
[2026-04-24T11:38:29.483Z] [INFO] ⏭️  Skipped: 0
[2026-04-24T11:38:29.483Z] [INFO] ⏱️  Total time: 64.5 minutes
[2026-04-24T11:38:29.483Z] [INFO] 
============================================================

[2026-04-24T14:17:12.657Z] [INFO] 
============================================================
[2026-04-24T14:17:12.659Z] [INFO] 🐝 FunHive Local Scraper Runner
[2026-04-24T14:17:12.695Z] [INFO] 📅 4/24/2026, 10:17:12 AM EST
[2026-04-24T14:17:12.695Z] [INFO] ============================================================

[2026-04-24T14:17:12.696Z] [INFO] 🚀 Starting MacaroniKid-OH...
